#
# A fatal error has been detected by the Java Runtime Environment:
#
#  EXCEPTION_ACCESS_VIOLATION (0xc0000005) at pc=0x00007ffadaeed88d, pid=25692, tid=11896
#
# JRE version: Java(TM) SE Runtime Environment (13.0.2+8) (build 13.0.2+8)
# Java VM: Java HotSpot(TM) 64-Bit Server VM (13.0.2+8, mixed mode, sharing, tiered, compressed oops, g1 gc, windows-amd64)
# Problematic frame:
# C  [glfw.dll+0xd88d]
#
# No core dump will be written. Minidumps are not enabled by default on client versions of Windows
#
# If you would like to submit a bug report, please visit:
#   http://bugreport.java.com/bugreport/crash.jsp
# The crash happened outside the Java Virtual Machine in native code.
# See problematic frame for where to report the bug.
#

---------------  S U M M A R Y ------------

Command Line: -Dvisualvm.id=356911410375900 -javaagent:C:\Program Files\JetBrains\IntelliJ IDEA Community Edition 2019.3.3\lib\idea_rt.jar=50845:C:\Program Files\JetBrains\IntelliJ IDEA Community Edition 2019.3.3\bin -Dfile.encoding=UTF-8 main.Main

Host: Intel(R) Core(TM) i9-9900K CPU @ 3.60GHz, 16 cores, 31G,  Windows 10 , 64 bit Build 18362 (10.0.18362.329)
Time: Thu Apr  2 14:09:32 2020 Eastern Daylight Time elapsed time: 92 seconds (0d 0h 1m 32s)

---------------  T H R E A D  ---------------

Current thread (0x000001d3888b2000):  JavaThread "Game Thread" [_thread_in_native, id=11896, stack(0x0000000eccf00000,0x0000000ecd000000)]

Stack: [0x0000000eccf00000,0x0000000ecd000000],  sp=0x0000000eccffedb0,  free space=1019k
Native frames: (J=compiled Java code, j=interpreted, Vv=VM code, C=native code)
C  [glfw.dll+0xd88d]

Java frames: (J=compiled Java code, j=interpreted, Vv=VM code)
J 1424  org.lwjgl.system.JNI.invokePV(JJ)V (0 bytes) @ 0x000001d3e9c65514 [0x000001d3e9c654c0+0x0000000000000054]
j  org.lwjgl.glfw.GLFW.glfwDestroyWindow(J)V+6
j  main.DisplayLWJGL.removeWindow()V+20
j  main.DisplayLWJGL.cleanUp()V+1
j  main.GameLWJGL.cleanUp()V+4
j  main.GameLWJGL.runGame()V+160
j  main.GameLWJGL.run()V+21
j  java.lang.Thread.run()V+11 java.base@13.0.2
v  ~StubRoutines::call_stub

siginfo: EXCEPTION_ACCESS_VIOLATION (0xc0000005), reading address 0x000001d300000018


Register to memory mapping:

RIP=0x00007ffadaeed88d glfw.dll
RAX=0x000001d300000000 is an unknown value
RBX=0x000001d388a19770 points into unknown readable memory: 00 00 00 00 00 00 00 00
RCX=0x000001d388a19770 points into unknown readable memory: 00 00 00 00 00 00 00 00
RDX=0x0 is NULL
RSP=0x0000000eccffedb0 is pointing into the stack for thread: 0x000001d3888b2000
RBP=0x0000000eccffeea0 is pointing into the stack for thread: 0x000001d3888b2000
RSI=0x0000000000000148 is an unknown value
RDI=0x000001d3e1fd9d50 is at code_begin+1040 in an Interpreter codelet
invoke return entry points  [0x000001d3e1fd9940, 0x000001d3e1fda360]  2592 bytes
R8 =0x0 is NULL
R9 =0x0 is NULL
R10=0x0 is NULL
R11=0x0000000ecb57bf08 points into unknown readable memory: 80 0a fe 90 fa 7f 00 00
R12=0x0 is NULL
R13=0x0000000eccffeeb8 is pointing into the stack for thread: 0x000001d3888b2000
R14=0x0000000eccffee90 is pointing into the stack for thread: 0x000001d3888b2000
R15=0x000001d3888b2000 is a thread


Registers:
RAX=0x000001d300000000, RBX=0x000001d388a19770, RCX=0x000001d388a19770, RDX=0x0000000000000000
RSP=0x0000000eccffedb0, RBP=0x0000000eccffeea0, RSI=0x0000000000000148, RDI=0x000001d3e1fd9d50
R8 =0x0000000000000000, R9 =0x0000000000000000, R10=0x0000000000000000, R11=0x0000000ecb57bf08
R12=0x0000000000000000, R13=0x0000000eccffeeb8, R14=0x0000000eccffee90, R15=0x000001d3888b2000
RIP=0x00007ffadaeed88d, EFLAGS=0x0000000000010202

Top of Stack: (sp=0x0000000eccffedb0)
0x0000000eccffedb0:   0000a72bddc4bcb0 000001d3e1fdfb6d
0x0000000eccffedc0:   000000060df72c68 000001d3888b2000
0x0000000eccffedd0:   000001d388a19770 00007ffadaeeaf09
0x0000000eccffede0:   0000000000000000 0000000000000148
0x0000000eccffedf0:   0000000eccffee60 00007ffa6d260d19
0x0000000eccffee00:   000001d3e1fd9d50 00007ffadaee6470
0x0000000eccffee10:   000001d388a19770 0000000eccffee18
0x0000000eccffee20:   000001d3888b2000 0000000eccffeea8
0x0000000eccffee30:   000001d388474cb8 000001d3e9c655b4
0x0000000eccffee40:   3ff0000000000000 0000000000000000
0x0000000eccffee50:   0000000000000148 0000000eccffee80
0x0000000eccffee60:   000001d388450dc0 000001d3888b2000
0x0000000eccffee70:   000001d3e1fd9d50 00007ffa6cff6079
0x0000000eccffee80:   000001d3888b2000 0000000000000148
0x0000000eccffee90:   000000060de39940 000001d3e1fd9d50
0x0000000eccffeea0:   0000000eccffef20 000001d3e1fda273 

Instructions: (pc=0x00007ffadaeed88d)
0x00007ffadaeed78d:   00 00 48 8b cb 48 8d 54 24 20 e8 64 14 00 00 85
0x00007ffadaeed79d:   c0 75 78 33 c0 48 8b 9c 24 10 04 00 00 48 8b 8d
0x00007ffadaeed7ad:   f0 02 00 00 48 33 cc e8 d7 3f 00 00 48 8b bc 24
0x00007ffadaeed7bd:   20 04 00 00 48 81 c4 00 04 00 00 5d c3 3d 02 60
0x00007ffadaeed7cd:   03 00 75 1f e8 3a 2b 00 00 85 c0 74 c6 4c 8d 85
0x00007ffadaeed7dd:   a0 02 00 00 48 8b cb 48 8d 54 24 20 e8 52 26 00
0x00007ffadaeed7ed:   00 eb ac 3d 03 60 03 00 75 25 e8 d4 39 00 00 85
0x00007ffadaeed7fd:   c0 74 a0 4c 8d 85 a0 02 00 00 48 8b cb 48 8d 54
0x00007ffadaeed80d:   24 20 e8 8c 37 00 00 85 c0 74 88 8b 4c 24 20 85
0x00007ffadaeed81d:   c9 74 1e 48 8d 54 24 20 48 8b cb e8 f3 3b ff ff
0x00007ffadaeed82d:   85 c0 75 0d 48 8b cb e8 a7 8b ff ff e9 62 ff ff
0x00007ffadaeed83d:   ff 48 8b c3 e9 5c ff ff ff cc cc cc cc cc cc cc
0x00007ffadaeed84d:   cc cc cc 48 83 ec 28 83 3d 95 a2 04 00 00 75 13
0x00007ffadaeed85d:   33 d2 b9 01 00 01 00 e8 f7 43 ff ff 33 c0 48 83
0x00007ffadaeed86d:   c4 28 c3 48 8b 81 48 03 00 00 48 83 c4 28 c3 cc
0x00007ffadaeed87d:   cc cc cc 40 53 48 83 ec 20 48 8b 41 40 48 8b d9
0x00007ffadaeed88d:   48 39 48 18 75 56 83 2d a2 b1 04 00 01 75 34 b9
0x00007ffadaeed89d:   00 00 00 80 ff 15 11 b8 01 00 45 33 c0 41 8d 50
0x00007ffadaeed8ad:   01 8d 4a 04 e8 2a 9e ff ff 85 c0 74 16 8b 15 3c
0x00007ffadaeed8bd:   bf 04 00 45 33 c9 45 33 c0 41 8d 49 5d ff 15 68
0x00007ffadaeed8cd:   bc 01 00 48 8b 4b 40 33 d2 e8 f5 78 ff ff 48 8b
0x00007ffadaeed8dd:   4b 40 48 83 c4 20 5b e9 67 cb ff ff 48 83 c4 20
0x00007ffadaeed8ed:   5b c3 cc 40 53 48 83 ec 40 48 8b 05 2b 98 04 00
0x00007ffadaeed8fd:   48 33 c4 48 89 44 24 30 48 8b d9 48 85 c9 74 3b
0x00007ffadaeed90d:   48 8b 89 48 03 00 00 48 8d 54 24 20 ff 15 91 ba
0x00007ffadaeed91d:   01 00 48 8b 8b 48 03 00 00 48 8d 54 24 20 ff 15
0x00007ffadaeed92d:   4f ba 01 00 48 8b 8b 48 03 00 00 48 8d 54 24 28
0x00007ffadaeed93d:   ff 15 3d ba 01 00 48 8d 4c 24 20 ff 15 f2 b9 01
0x00007ffadaeed94d:   00 48 8b 4c 24 30 48 33 cc e8 35 3e 00 00 48 83
0x00007ffadaeed95d:   c4 40 5b c3 cc cc cc cc cc cc cc cc cc cc cc cc
0x00007ffadaeed96d:   cc cc cc 48 83 ec 28 81 79 74 01 40 03 00 75 33
0x00007ffadaeed97d:   48 8b 49 48 48 85 c9 74 0f 48 8b 49 08 48 83 c4 


Stack slot to memory mapping:
stack at sp + 0 slots: 0x0000a72bddc4bcb0 is an unknown value
stack at sp + 1 slots: 0x000001d3e1fdfb6d is at code_begin+2701 in an Interpreter codelet
method entry point (kind = native)  [0x000001d3e1fdf0e0, 0x000001d3e1fdfc40]  2912 bytes
stack at sp + 2 slots: 0x000000060df72c68 is an oop: java.lang.Class 
{0x000000060df72c68} - klass: 'java/lang/Class'
stack at sp + 3 slots: 0x000001d3888b2000 is a thread
stack at sp + 4 slots: 0x000001d388a19770 points into unknown readable memory: 00 00 00 00 00 00 00 00
stack at sp + 5 slots: 0x00007ffadaeeaf09 glfw.dll
stack at sp + 6 slots: 0x0 is NULL
stack at sp + 7 slots: 0x0000000000000148 is an unknown value


---------------  P R O C E S S  ---------------

Threads class SMR info:
_java_thread_list=0x000001d392a552b0, length=14, elements={
0x000001d3ffbc5000, 0x000001d3ffbc9000, 0x000001d3ffbe1000, 0x000001d3ffbe3800,
0x000001d3ffbe6000, 0x000001d3ffbe7000, 0x000001d3ffbec800, 0x000001d3ffd0d800,
0x000001d388851000, 0x000001d388855000, 0x000001d3888b2000, 0x000001d3d9ad2000,
0x000001d3ffd1a000, 0x000001d388fb9800
}

Java Threads: ( => current thread )
  0x000001d3ffbc5000 JavaThread "Reference Handler" daemon [_thread_blocked, id=24608, stack(0x0000000ecc000000,0x0000000ecc100000)]
  0x000001d3ffbc9000 JavaThread "Finalizer" daemon [_thread_blocked, id=1044, stack(0x0000000ecc100000,0x0000000ecc200000)]
  0x000001d3ffbe1000 JavaThread "Signal Dispatcher" daemon [_thread_blocked, id=17564, stack(0x0000000ecc200000,0x0000000ecc300000)]
  0x000001d3ffbe3800 JavaThread "Attach Listener" daemon [_thread_blocked, id=31120, stack(0x0000000ecc300000,0x0000000ecc400000)]
  0x000001d3ffbe6000 JavaThread "C2 CompilerThread0" daemon [_thread_blocked, id=25584, stack(0x0000000ecc400000,0x0000000ecc500000)]
  0x000001d3ffbe7000 JavaThread "C1 CompilerThread0" daemon [_thread_blocked, id=12700, stack(0x0000000ecc500000,0x0000000ecc600000)]
  0x000001d3ffbec800 JavaThread "Sweeper thread" daemon [_thread_blocked, id=29972, stack(0x0000000ecc600000,0x0000000ecc700000)]
  0x000001d3ffd0d800 JavaThread "Common-Cleaner" daemon [_thread_blocked, id=19028, stack(0x0000000ecc700000,0x0000000ecc800000)]
  0x000001d388851000 JavaThread "Monitor Ctrl-Break" daemon [_thread_in_native, id=5552, stack(0x0000000eccc00000,0x0000000eccd00000)]
  0x000001d388855000 JavaThread "Service Thread" daemon [_thread_blocked, id=26552, stack(0x0000000eccd00000,0x0000000ecce00000)]
=>0x000001d3888b2000 JavaThread "Game Thread" [_thread_in_native, id=11896, stack(0x0000000eccf00000,0x0000000ecd000000)]
  0x000001d3d9ad2000 JavaThread "DestroyJavaVM" [_thread_blocked, id=16636, stack(0x0000000ecb900000,0x0000000ecba00000)]
  0x000001d3ffd1a000 JavaThread "Java2D Disposer" daemon [_thread_blocked, id=16776, stack(0x0000000ecc800000,0x0000000ecc900000)]
  0x000001d388fb9800 JavaThread "AWT-Windows" daemon [_thread_in_native, id=28172, stack(0x0000000ecca00000,0x0000000eccb00000)]

Other Threads:
  0x000001d3ffbc2800 VMThread "VM Thread" [stack: 0x0000000ecbf00000,0x0000000ecc000000] [id=22108]
  0x000001d388857000 WatcherThread [stack: 0x0000000ecce00000,0x0000000eccf00000] [id=29724]
  0x000001d3d9b5a800 GCTaskThread "GC Thread#0" [stack: 0x0000000ecba00000,0x0000000ecbb00000] [id=5512]
  0x000001d3888ed800 GCTaskThread "GC Thread#1" [stack: 0x0000000ecd700000,0x0000000ecd800000] [id=12992]
  0x000001d3910fc800 GCTaskThread "GC Thread#2" [stack: 0x0000000ecd800000,0x0000000ecd900000] [id=9616]
  0x000001d3910fd800 GCTaskThread "GC Thread#3" [stack: 0x0000000ecd900000,0x0000000ecda00000] [id=8588]
  0x000001d391685000 GCTaskThread "GC Thread#4" [stack: 0x0000000ecda00000,0x0000000ecdb00000] [id=5480]
  0x000001d391686000 GCTaskThread "GC Thread#5" [stack: 0x0000000ecdb00000,0x0000000ecdc00000] [id=12536]
  0x000001d391358000 GCTaskThread "GC Thread#6" [stack: 0x0000000ecdc00000,0x0000000ecdd00000] [id=4212]
  0x000001d391358800 GCTaskThread "GC Thread#7" [stack: 0x0000000ecdd00000,0x0000000ecde00000] [id=13252]
  0x000001d39135a800 GCTaskThread "GC Thread#8" [stack: 0x0000000ecde00000,0x0000000ecdf00000] [id=5900]
  0x000001d391570800 GCTaskThread "GC Thread#9" [stack: 0x0000000ecdf00000,0x0000000ece000000] [id=21648]
  0x000001d391572000 GCTaskThread "GC Thread#10" [stack: 0x0000000ece000000,0x0000000ece100000] [id=20460]
  0x000001d391573800 GCTaskThread "GC Thread#11" [stack: 0x0000000ece100000,0x0000000ece200000] [id=19432]
  0x000001d3d9b7c000 ConcurrentGCThread "G1 Main Marker" [stack: 0x0000000ecbb00000,0x0000000ecbc00000] [id=29760]
  0x000001d3d9b7e800 ConcurrentGCThread "G1 Conc#0" [stack: 0x0000000ecbc00000,0x0000000ecbd00000] [id=23268]
  0x000001d3ff3d9800 ConcurrentGCThread "G1 Refine#0" [stack: 0x0000000ecbd00000,0x0000000ecbe00000] [id=18960]
  0x000001d3ff3db800 ConcurrentGCThread "G1 Young RemSet Sampling" [stack: 0x0000000ecbe00000,0x0000000ecbf00000] [id=24868]

Threads with active compile tasks:

VM state:not at safepoint (normal execution)

VM Mutex/Monitor currently owned by a thread: None

Heap address: 0x0000000601200000, size: 8174 MB, Compressed Oops mode: Zero based, Oop shift amount: 3
Narrow klass base: 0x0000000800000000, Narrow klass shift: 3
Compressed class space size: 1073741824 Address: 0x0000000800b40000

Heap:
 garbage-first heap   total 524288K, used 177856K [0x0000000601200000, 0x0000000800000000)
  region size 2048K, 88 young (180224K), 10 survivors (20480K)
 Metaspace       used 8362K, capacity 9013K, committed 9216K, reserved 1058816K
  class space    used 538K, capacity 693K, committed 768K, reserved 1048576K
Heap Regions: E=young(eden), S=young(survivor), O=old, HS=humongous(starts), HC=humongous(continues), CS=collection set, F=free, A=archive, TAMS=top-at-mark-start (previous, next)
|   0|0x0000000601200000, 0x0000000601200000, 0x0000000601400000|  0%| F|  |TAMS 0x0000000601200000, 0x0000000601200000| Untracked 
|   1|0x0000000601400000, 0x0000000601400000, 0x0000000601600000|  0%| F|  |TAMS 0x0000000601400000, 0x0000000601400000| Untracked 
|   2|0x0000000601600000, 0x0000000601600000, 0x0000000601800000|  0%| F|  |TAMS 0x0000000601600000, 0x0000000601600000| Untracked 
|   3|0x0000000601800000, 0x0000000601800000, 0x0000000601a00000|  0%| F|  |TAMS 0x0000000601800000, 0x0000000601800000| Untracked 
|   4|0x0000000601a00000, 0x0000000601a00000, 0x0000000601c00000|  0%| F|  |TAMS 0x0000000601a00000, 0x0000000601a00000| Untracked 
|   5|0x0000000601c00000, 0x0000000601c00000, 0x0000000601e00000|  0%| F|  |TAMS 0x0000000601c00000, 0x0000000601c00000| Untracked 
|   6|0x0000000601e00000, 0x0000000601e00000, 0x0000000602000000|  0%| F|  |TAMS 0x0000000601e00000, 0x0000000601e00000| Untracked 
|   7|0x0000000602000000, 0x0000000602000000, 0x0000000602200000|  0%| F|  |TAMS 0x0000000602000000, 0x0000000602000000| Untracked 
|   8|0x0000000602200000, 0x0000000602200000, 0x0000000602400000|  0%| F|  |TAMS 0x0000000602200000, 0x0000000602200000| Untracked 
|   9|0x0000000602400000, 0x0000000602400000, 0x0000000602600000|  0%| F|  |TAMS 0x0000000602400000, 0x0000000602400000| Untracked 
|  10|0x0000000602600000, 0x0000000602600000, 0x0000000602800000|  0%| F|  |TAMS 0x0000000602600000, 0x0000000602600000| Untracked 
|  11|0x0000000602800000, 0x0000000602800000, 0x0000000602a00000|  0%| F|  |TAMS 0x0000000602800000, 0x0000000602800000| Untracked 
|  12|0x0000000602a00000, 0x0000000602a00000, 0x0000000602c00000|  0%| F|  |TAMS 0x0000000602a00000, 0x0000000602a00000| Untracked 
|  13|0x0000000602c00000, 0x0000000602c00000, 0x0000000602e00000|  0%| F|  |TAMS 0x0000000602c00000, 0x0000000602c00000| Untracked 
|  14|0x0000000602e00000, 0x0000000602e00000, 0x0000000603000000|  0%| F|  |TAMS 0x0000000602e00000, 0x0000000602e00000| Untracked 
|  15|0x0000000603000000, 0x0000000603000000, 0x0000000603200000|  0%| F|  |TAMS 0x0000000603000000, 0x0000000603000000| Untracked 
|  16|0x0000000603200000, 0x0000000603200000, 0x0000000603400000|  0%| F|  |TAMS 0x0000000603200000, 0x0000000603200000| Untracked 
|  17|0x0000000603400000, 0x0000000603400000, 0x0000000603600000|  0%| F|  |TAMS 0x0000000603400000, 0x0000000603400000| Untracked 
|  18|0x0000000603600000, 0x0000000603600000, 0x0000000603800000|  0%| F|  |TAMS 0x0000000603600000, 0x0000000603600000| Untracked 
|  19|0x0000000603800000, 0x0000000603800000, 0x0000000603a00000|  0%| F|  |TAMS 0x0000000603800000, 0x0000000603800000| Untracked 
|  20|0x0000000603a00000, 0x0000000603a00000, 0x0000000603c00000|  0%| F|  |TAMS 0x0000000603a00000, 0x0000000603a00000| Untracked 
|  21|0x0000000603c00000, 0x0000000603c00000, 0x0000000603e00000|  0%| F|  |TAMS 0x0000000603c00000, 0x0000000603c00000| Untracked 
|  22|0x0000000603e00000, 0x0000000603e00000, 0x0000000604000000|  0%| F|  |TAMS 0x0000000603e00000, 0x0000000603e00000| Untracked 
|  23|0x0000000604000000, 0x0000000604000000, 0x0000000604200000|  0%| F|  |TAMS 0x0000000604000000, 0x0000000604000000| Untracked 
|  24|0x0000000604200000, 0x0000000604200000, 0x0000000604400000|  0%| F|  |TAMS 0x0000000604200000, 0x0000000604200000| Untracked 
|  25|0x0000000604400000, 0x0000000604400000, 0x0000000604600000|  0%| F|  |TAMS 0x0000000604400000, 0x0000000604400000| Untracked 
|  26|0x0000000604600000, 0x0000000604600000, 0x0000000604800000|  0%| F|  |TAMS 0x0000000604600000, 0x0000000604600000| Untracked 
|  27|0x0000000604800000, 0x0000000604800000, 0x0000000604a00000|  0%| F|  |TAMS 0x0000000604800000, 0x0000000604800000| Untracked 
|  28|0x0000000604a00000, 0x0000000604a00000, 0x0000000604c00000|  0%| F|  |TAMS 0x0000000604a00000, 0x0000000604a00000| Untracked 
|  29|0x0000000604c00000, 0x0000000604c00000, 0x0000000604e00000|  0%| F|  |TAMS 0x0000000604c00000, 0x0000000604c00000| Untracked 
|  30|0x0000000604e00000, 0x0000000604e00000, 0x0000000605000000|  0%| F|  |TAMS 0x0000000604e00000, 0x0000000604e00000| Untracked 
|  31|0x0000000605000000, 0x0000000605000000, 0x0000000605200000|  0%| F|  |TAMS 0x0000000605000000, 0x0000000605000000| Untracked 
|  32|0x0000000605200000, 0x0000000605200000, 0x0000000605400000|  0%| F|  |TAMS 0x0000000605200000, 0x0000000605200000| Untracked 
|  33|0x0000000605400000, 0x0000000605400000, 0x0000000605600000|  0%| F|  |TAMS 0x0000000605400000, 0x0000000605400000| Untracked 
|  34|0x0000000605600000, 0x0000000605600000, 0x0000000605800000|  0%| F|  |TAMS 0x0000000605600000, 0x0000000605600000| Untracked 
|  35|0x0000000605800000, 0x0000000605800000, 0x0000000605a00000|  0%| F|  |TAMS 0x0000000605800000, 0x0000000605800000| Untracked 
|  36|0x0000000605a00000, 0x0000000605a00000, 0x0000000605c00000|  0%| F|  |TAMS 0x0000000605a00000, 0x0000000605a00000| Untracked 
|  37|0x0000000605c00000, 0x0000000605c00000, 0x0000000605e00000|  0%| F|  |TAMS 0x0000000605c00000, 0x0000000605c00000| Untracked 
|  38|0x0000000605e00000, 0x0000000605e00000, 0x0000000606000000|  0%| F|  |TAMS 0x0000000605e00000, 0x0000000605e00000| Untracked 
|  39|0x0000000606000000, 0x0000000606000000, 0x0000000606200000|  0%| F|  |TAMS 0x0000000606000000, 0x0000000606000000| Untracked 
|  40|0x0000000606200000, 0x0000000606200000, 0x0000000606400000|  0%| F|  |TAMS 0x0000000606200000, 0x0000000606200000| Untracked 
|  41|0x0000000606400000, 0x0000000606400000, 0x0000000606600000|  0%| F|  |TAMS 0x0000000606400000, 0x0000000606400000| Untracked 
|  42|0x0000000606600000, 0x0000000606600000, 0x0000000606800000|  0%| F|  |TAMS 0x0000000606600000, 0x0000000606600000| Untracked 
|  43|0x0000000606800000, 0x0000000606800000, 0x0000000606a00000|  0%| F|  |TAMS 0x0000000606800000, 0x0000000606800000| Untracked 
|  44|0x0000000606a00000, 0x0000000606a00000, 0x0000000606c00000|  0%| F|  |TAMS 0x0000000606a00000, 0x0000000606a00000| Untracked 
|  45|0x0000000606c00000, 0x0000000606c00000, 0x0000000606e00000|  0%| F|  |TAMS 0x0000000606c00000, 0x0000000606c00000| Untracked 
|  46|0x0000000606e00000, 0x0000000606e00000, 0x0000000607000000|  0%| F|  |TAMS 0x0000000606e00000, 0x0000000606e00000| Untracked 
|  47|0x0000000607000000, 0x0000000607000000, 0x0000000607200000|  0%| F|  |TAMS 0x0000000607000000, 0x0000000607000000| Untracked 
|  48|0x0000000607200000, 0x0000000607200000, 0x0000000607400000|  0%| F|  |TAMS 0x0000000607200000, 0x0000000607200000| Untracked 
|  49|0x0000000607400000, 0x0000000607400000, 0x0000000607600000|  0%| F|  |TAMS 0x0000000607400000, 0x0000000607400000| Untracked 
|  50|0x0000000607600000, 0x0000000607600000, 0x0000000607800000|  0%| F|  |TAMS 0x0000000607600000, 0x0000000607600000| Untracked 
|  51|0x0000000607800000, 0x0000000607800000, 0x0000000607a00000|  0%| F|  |TAMS 0x0000000607800000, 0x0000000607800000| Untracked 
|  52|0x0000000607a00000, 0x0000000607a00000, 0x0000000607c00000|  0%| F|  |TAMS 0x0000000607a00000, 0x0000000607a00000| Untracked 
|  53|0x0000000607c00000, 0x0000000607c00000, 0x0000000607e00000|  0%| F|  |TAMS 0x0000000607c00000, 0x0000000607c00000| Untracked 
|  54|0x0000000607e00000, 0x0000000607e00000, 0x0000000608000000|  0%| F|  |TAMS 0x0000000607e00000, 0x0000000607e00000| Untracked 
|  55|0x0000000608000000, 0x0000000608000000, 0x0000000608200000|  0%| F|  |TAMS 0x0000000608000000, 0x0000000608000000| Untracked 
|  56|0x0000000608200000, 0x0000000608200000, 0x0000000608400000|  0%| F|  |TAMS 0x0000000608200000, 0x0000000608200000| Untracked 
|  57|0x0000000608400000, 0x0000000608400000, 0x0000000608600000|  0%| F|  |TAMS 0x0000000608400000, 0x0000000608400000| Untracked 
|  58|0x0000000608600000, 0x0000000608600000, 0x0000000608800000|  0%| F|  |TAMS 0x0000000608600000, 0x0000000608600000| Untracked 
|  59|0x0000000608800000, 0x0000000608800000, 0x0000000608a00000|  0%| F|  |TAMS 0x0000000608800000, 0x0000000608800000| Untracked 
|  60|0x0000000608a00000, 0x0000000608a00000, 0x0000000608c00000|  0%| F|  |TAMS 0x0000000608a00000, 0x0000000608a00000| Untracked 
|  61|0x0000000608c00000, 0x0000000608c00000, 0x0000000608e00000|  0%| F|  |TAMS 0x0000000608c00000, 0x0000000608c00000| Untracked 
|  62|0x0000000608e00000, 0x0000000608e00000, 0x0000000609000000|  0%| F|  |TAMS 0x0000000608e00000, 0x0000000608e00000| Untracked 
|  63|0x0000000609000000, 0x0000000609000000, 0x0000000609200000|  0%| F|  |TAMS 0x0000000609000000, 0x0000000609000000| Untracked 
|  64|0x0000000609200000, 0x0000000609200000, 0x0000000609400000|  0%| F|  |TAMS 0x0000000609200000, 0x0000000609200000| Untracked 
|  65|0x0000000609400000, 0x0000000609400000, 0x0000000609600000|  0%| F|  |TAMS 0x0000000609400000, 0x0000000609400000| Untracked 
|  66|0x0000000609600000, 0x0000000609600000, 0x0000000609800000|  0%| F|  |TAMS 0x0000000609600000, 0x0000000609600000| Untracked 
|  67|0x0000000609800000, 0x0000000609800000, 0x0000000609a00000|  0%| F|  |TAMS 0x0000000609800000, 0x0000000609800000| Untracked 
|  68|0x0000000609a00000, 0x0000000609a00000, 0x0000000609c00000|  0%| F|  |TAMS 0x0000000609a00000, 0x0000000609a00000| Untracked 
|  69|0x0000000609c00000, 0x0000000609c00000, 0x0000000609e00000|  0%| F|  |TAMS 0x0000000609c00000, 0x0000000609c00000| Untracked 
|  70|0x0000000609e00000, 0x0000000609e00000, 0x000000060a000000|  0%| F|  |TAMS 0x0000000609e00000, 0x0000000609e00000| Untracked 
|  71|0x000000060a000000, 0x000000060a000000, 0x000000060a200000|  0%| F|  |TAMS 0x000000060a000000, 0x000000060a000000| Untracked 
|  72|0x000000060a200000, 0x000000060a200000, 0x000000060a400000|  0%| F|  |TAMS 0x000000060a200000, 0x000000060a200000| Untracked 
|  73|0x000000060a400000, 0x000000060a400000, 0x000000060a600000|  0%| F|  |TAMS 0x000000060a400000, 0x000000060a400000| Untracked 
|  74|0x000000060a600000, 0x000000060a600000, 0x000000060a800000|  0%| F|  |TAMS 0x000000060a600000, 0x000000060a600000| Untracked 
|  75|0x000000060a800000, 0x000000060a800000, 0x000000060aa00000|  0%| F|  |TAMS 0x000000060a800000, 0x000000060a800000| Untracked 
|  76|0x000000060aa00000, 0x000000060aa00000, 0x000000060ac00000|  0%| F|  |TAMS 0x000000060aa00000, 0x000000060aa00000| Untracked 
|  77|0x000000060ac00000, 0x000000060ac00000, 0x000000060ae00000|  0%| F|  |TAMS 0x000000060ac00000, 0x000000060ac00000| Untracked 
|  78|0x000000060ae00000, 0x000000060ae00000, 0x000000060b000000|  0%| F|  |TAMS 0x000000060ae00000, 0x000000060ae00000| Untracked 
|  79|0x000000060b000000, 0x000000060b000000, 0x000000060b200000|  0%| F|  |TAMS 0x000000060b000000, 0x000000060b000000| Untracked 
|  80|0x000000060b200000, 0x000000060b200000, 0x000000060b400000|  0%| F|  |TAMS 0x000000060b200000, 0x000000060b200000| Untracked 
|  81|0x000000060b400000, 0x000000060b400000, 0x000000060b600000|  0%| F|  |TAMS 0x000000060b400000, 0x000000060b400000| Untracked 
|  82|0x000000060b600000, 0x000000060b600000, 0x000000060b800000|  0%| F|  |TAMS 0x000000060b600000, 0x000000060b600000| Untracked 
|  83|0x000000060b800000, 0x000000060b800000, 0x000000060ba00000|  0%| F|  |TAMS 0x000000060b800000, 0x000000060b800000| Untracked 
|  84|0x000000060ba00000, 0x000000060ba00000, 0x000000060bc00000|  0%| F|  |TAMS 0x000000060ba00000, 0x000000060ba00000| Untracked 
|  85|0x000000060bc00000, 0x000000060bc00000, 0x000000060be00000|  0%| F|  |TAMS 0x000000060bc00000, 0x000000060bc00000| Untracked 
|  86|0x000000060be00000, 0x000000060be00000, 0x000000060c000000|  0%| F|  |TAMS 0x000000060be00000, 0x000000060be00000| Untracked 
|  87|0x000000060c000000, 0x000000060c000000, 0x000000060c200000|  0%| F|  |TAMS 0x000000060c000000, 0x000000060c000000| Untracked 
|  88|0x000000060c200000, 0x000000060c200000, 0x000000060c400000|  0%| F|  |TAMS 0x000000060c200000, 0x000000060c200000| Untracked 
|  89|0x000000060c400000, 0x000000060c400000, 0x000000060c600000|  0%| F|  |TAMS 0x000000060c400000, 0x000000060c400000| Untracked 
|  90|0x000000060c600000, 0x000000060c600000, 0x000000060c800000|  0%| F|  |TAMS 0x000000060c600000, 0x000000060c600000| Untracked 
|  91|0x000000060c800000, 0x000000060c800000, 0x000000060ca00000|  0%| F|  |TAMS 0x000000060c800000, 0x000000060c800000| Untracked 
|  92|0x000000060ca00000, 0x000000060ca00000, 0x000000060cc00000|  0%| F|  |TAMS 0x000000060ca00000, 0x000000060ca00000| Untracked 
|  93|0x000000060cc00000, 0x000000060cdb03e0, 0x000000060ce00000| 84%| S|CS|TAMS 0x000000060cc00000, 0x000000060cc00000| Complete 
|  94|0x000000060ce00000, 0x000000060d000000, 0x000000060d000000|100%| S|CS|TAMS 0x000000060ce00000, 0x000000060ce00000| Complete 
|  95|0x000000060d000000, 0x000000060d200000, 0x000000060d200000|100%| S|CS|TAMS 0x000000060d000000, 0x000000060d000000| Complete 
|  96|0x000000060d200000, 0x000000060d400000, 0x000000060d400000|100%| S|CS|TAMS 0x000000060d200000, 0x000000060d200000| Complete 
|  97|0x000000060d400000, 0x000000060d600000, 0x000000060d600000|100%| S|CS|TAMS 0x000000060d400000, 0x000000060d400000| Complete 
|  98|0x000000060d600000, 0x000000060d800000, 0x000000060d800000|100%| S|CS|TAMS 0x000000060d600000, 0x000000060d600000| Complete 
|  99|0x000000060d800000, 0x000000060da00000, 0x000000060da00000|100%| S|CS|TAMS 0x000000060d800000, 0x000000060d800000| Complete 
| 100|0x000000060da00000, 0x000000060dc00000, 0x000000060dc00000|100%| S|CS|TAMS 0x000000060da00000, 0x000000060da00000| Complete 
| 101|0x000000060dc00000, 0x000000060de00000, 0x000000060de00000|100%| S|CS|TAMS 0x000000060dc00000, 0x000000060dc00000| Complete 
| 102|0x000000060de00000, 0x000000060e000000, 0x000000060e000000|100%| S|CS|TAMS 0x000000060de00000, 0x000000060de00000| Complete 
| 103|0x000000060e000000, 0x000000060e000000, 0x000000060e200000|  0%| F|  |TAMS 0x000000060e000000, 0x000000060e000000| Untracked 
| 104|0x000000060e200000, 0x000000060e200000, 0x000000060e400000|  0%| F|  |TAMS 0x000000060e200000, 0x000000060e200000| Untracked 
| 105|0x000000060e400000, 0x000000060e400000, 0x000000060e600000|  0%| F|  |TAMS 0x000000060e400000, 0x000000060e400000| Untracked 
| 106|0x000000060e600000, 0x000000060e600000, 0x000000060e800000|  0%| F|  |TAMS 0x000000060e600000, 0x000000060e600000| Untracked 
| 107|0x000000060e800000, 0x000000060e800000, 0x000000060ea00000|  0%| F|  |TAMS 0x000000060e800000, 0x000000060e800000| Untracked 
| 108|0x000000060ea00000, 0x000000060ea00000, 0x000000060ec00000|  0%| F|  |TAMS 0x000000060ea00000, 0x000000060ea00000| Untracked 
| 109|0x000000060ec00000, 0x000000060ec00000, 0x000000060ee00000|  0%| F|  |TAMS 0x000000060ec00000, 0x000000060ec00000| Untracked 
| 110|0x000000060ee00000, 0x000000060ee00000, 0x000000060f000000|  0%| F|  |TAMS 0x000000060ee00000, 0x000000060ee00000| Untracked 
| 111|0x000000060f000000, 0x000000060f000000, 0x000000060f200000|  0%| F|  |TAMS 0x000000060f000000, 0x000000060f000000| Untracked 
| 112|0x000000060f200000, 0x000000060f200000, 0x000000060f400000|  0%| F|  |TAMS 0x000000060f200000, 0x000000060f200000| Untracked 
| 113|0x000000060f400000, 0x000000060f400000, 0x000000060f600000|  0%| F|  |TAMS 0x000000060f400000, 0x000000060f400000| Untracked 
| 114|0x000000060f600000, 0x000000060f600000, 0x000000060f800000|  0%| F|  |TAMS 0x000000060f600000, 0x000000060f600000| Untracked 
| 115|0x000000060f800000, 0x000000060f800000, 0x000000060fa00000|  0%| F|  |TAMS 0x000000060f800000, 0x000000060f800000| Untracked 
| 116|0x000000060fa00000, 0x000000060fa00000, 0x000000060fc00000|  0%| F|  |TAMS 0x000000060fa00000, 0x000000060fa00000| Untracked 
| 117|0x000000060fc00000, 0x000000060fc00000, 0x000000060fe00000|  0%| F|  |TAMS 0x000000060fc00000, 0x000000060fc00000| Untracked 
| 118|0x000000060fe00000, 0x000000060fe00000, 0x0000000610000000|  0%| F|  |TAMS 0x000000060fe00000, 0x000000060fe00000| Untracked 
| 119|0x0000000610000000, 0x0000000610000000, 0x0000000610200000|  0%| F|  |TAMS 0x0000000610000000, 0x0000000610000000| Untracked 
| 120|0x0000000610200000, 0x0000000610200000, 0x0000000610400000|  0%| F|  |TAMS 0x0000000610200000, 0x0000000610200000| Untracked 
| 121|0x0000000610400000, 0x0000000610400000, 0x0000000610600000|  0%| F|  |TAMS 0x0000000610400000, 0x0000000610400000| Untracked 
| 122|0x0000000610600000, 0x0000000610600000, 0x0000000610800000|  0%| F|  |TAMS 0x0000000610600000, 0x0000000610600000| Untracked 
| 123|0x0000000610800000, 0x0000000610800000, 0x0000000610a00000|  0%| F|  |TAMS 0x0000000610800000, 0x0000000610800000| Untracked 
| 124|0x0000000610a00000, 0x0000000610a00000, 0x0000000610c00000|  0%| F|  |TAMS 0x0000000610a00000, 0x0000000610a00000| Untracked 
| 125|0x0000000610c00000, 0x0000000610c00000, 0x0000000610e00000|  0%| F|  |TAMS 0x0000000610c00000, 0x0000000610c00000| Untracked 
| 126|0x0000000610e00000, 0x0000000610e00000, 0x0000000611000000|  0%| F|  |TAMS 0x0000000610e00000, 0x0000000610e00000| Untracked 
| 127|0x0000000611000000, 0x0000000611000000, 0x0000000611200000|  0%| F|  |TAMS 0x0000000611000000, 0x0000000611000000| Untracked 
| 128|0x0000000611200000, 0x0000000611200000, 0x0000000611400000|  0%| F|  |TAMS 0x0000000611200000, 0x0000000611200000| Untracked 
| 129|0x0000000611400000, 0x0000000611400000, 0x0000000611600000|  0%| F|  |TAMS 0x0000000611400000, 0x0000000611400000| Untracked 
| 130|0x0000000611600000, 0x0000000611600000, 0x0000000611800000|  0%| F|  |TAMS 0x0000000611600000, 0x0000000611600000| Untracked 
| 131|0x0000000611800000, 0x0000000611800000, 0x0000000611a00000|  0%| F|  |TAMS 0x0000000611800000, 0x0000000611800000| Untracked 
| 132|0x0000000611a00000, 0x0000000611a00000, 0x0000000611c00000|  0%| F|  |TAMS 0x0000000611a00000, 0x0000000611a00000| Untracked 
| 133|0x0000000611c00000, 0x0000000611c00000, 0x0000000611e00000|  0%| F|  |TAMS 0x0000000611c00000, 0x0000000611c00000| Untracked 
| 134|0x0000000611e00000, 0x0000000611e00000, 0x0000000612000000|  0%| F|  |TAMS 0x0000000611e00000, 0x0000000611e00000| Untracked 
| 135|0x0000000612000000, 0x0000000612000000, 0x0000000612200000|  0%| F|  |TAMS 0x0000000612000000, 0x0000000612000000| Untracked 
| 136|0x0000000612200000, 0x0000000612200000, 0x0000000612400000|  0%| F|  |TAMS 0x0000000612200000, 0x0000000612200000| Untracked 
| 137|0x0000000612400000, 0x0000000612400000, 0x0000000612600000|  0%| F|  |TAMS 0x0000000612400000, 0x0000000612400000| Untracked 
| 138|0x0000000612600000, 0x0000000612600000, 0x0000000612800000|  0%| F|  |TAMS 0x0000000612600000, 0x0000000612600000| Untracked 
| 139|0x0000000612800000, 0x0000000612800000, 0x0000000612a00000|  0%| F|  |TAMS 0x0000000612800000, 0x0000000612800000| Untracked 
| 140|0x0000000612a00000, 0x0000000612a00000, 0x0000000612c00000|  0%| F|  |TAMS 0x0000000612a00000, 0x0000000612a00000| Untracked 
| 141|0x0000000612c00000, 0x0000000612c00000, 0x0000000612e00000|  0%| F|  |TAMS 0x0000000612c00000, 0x0000000612c00000| Untracked 
| 142|0x0000000612e00000, 0x0000000612e00000, 0x0000000613000000|  0%| F|  |TAMS 0x0000000612e00000, 0x0000000612e00000| Untracked 
| 143|0x0000000613000000, 0x0000000613000000, 0x0000000613200000|  0%| F|  |TAMS 0x0000000613000000, 0x0000000613000000| Untracked 
| 144|0x0000000613200000, 0x0000000613200000, 0x0000000613400000|  0%| F|  |TAMS 0x0000000613200000, 0x0000000613200000| Untracked 
| 145|0x0000000613400000, 0x0000000613400000, 0x0000000613600000|  0%| F|  |TAMS 0x0000000613400000, 0x0000000613400000| Untracked 
| 146|0x0000000613600000, 0x0000000613600000, 0x0000000613800000|  0%| F|  |TAMS 0x0000000613600000, 0x0000000613600000| Untracked 
| 147|0x0000000613800000, 0x0000000613800000, 0x0000000613a00000|  0%| F|  |TAMS 0x0000000613800000, 0x0000000613800000| Untracked 
| 148|0x0000000613a00000, 0x0000000613a00000, 0x0000000613c00000|  0%| F|  |TAMS 0x0000000613a00000, 0x0000000613a00000| Untracked 
| 149|0x0000000613c00000, 0x0000000613c00000, 0x0000000613e00000|  0%| F|  |TAMS 0x0000000613c00000, 0x0000000613c00000| Untracked 
| 150|0x0000000613e00000, 0x0000000613e00000, 0x0000000614000000|  0%| F|  |TAMS 0x0000000613e00000, 0x0000000613e00000| Untracked 
| 151|0x0000000614000000, 0x0000000614000000, 0x0000000614200000|  0%| F|  |TAMS 0x0000000614000000, 0x0000000614000000| Untracked 
| 152|0x0000000614200000, 0x0000000614200000, 0x0000000614400000|  0%| F|  |TAMS 0x0000000614200000, 0x0000000614200000| Untracked 
| 153|0x0000000614400000, 0x0000000614400000, 0x0000000614600000|  0%| F|  |TAMS 0x0000000614400000, 0x0000000614400000| Untracked 
| 154|0x0000000614600000, 0x0000000614600000, 0x0000000614800000|  0%| F|  |TAMS 0x0000000614600000, 0x0000000614600000| Untracked 
| 155|0x0000000614800000, 0x0000000614800000, 0x0000000614a00000|  0%| F|  |TAMS 0x0000000614800000, 0x0000000614800000| Untracked 
| 156|0x0000000614a00000, 0x0000000614a00000, 0x0000000614c00000|  0%| F|  |TAMS 0x0000000614a00000, 0x0000000614a00000| Untracked 
| 157|0x0000000614c00000, 0x0000000614c00000, 0x0000000614e00000|  0%| F|  |TAMS 0x0000000614c00000, 0x0000000614c00000| Untracked 
| 158|0x0000000614e00000, 0x0000000614e00000, 0x0000000615000000|  0%| F|  |TAMS 0x0000000614e00000, 0x0000000614e00000| Untracked 
| 159|0x0000000615000000, 0x0000000615000000, 0x0000000615200000|  0%| F|  |TAMS 0x0000000615000000, 0x0000000615000000| Untracked 
| 160|0x0000000615200000, 0x0000000615200000, 0x0000000615400000|  0%| F|  |TAMS 0x0000000615200000, 0x0000000615200000| Untracked 
| 161|0x0000000615400000, 0x0000000615400000, 0x0000000615600000|  0%| F|  |TAMS 0x0000000615400000, 0x0000000615400000| Untracked 
| 162|0x0000000615600000, 0x0000000615600000, 0x0000000615800000|  0%| F|  |TAMS 0x0000000615600000, 0x0000000615600000| Untracked 
| 163|0x0000000615800000, 0x0000000615800000, 0x0000000615a00000|  0%| F|  |TAMS 0x0000000615800000, 0x0000000615800000| Untracked 
| 164|0x0000000615a00000, 0x0000000615a00000, 0x0000000615c00000|  0%| F|  |TAMS 0x0000000615a00000, 0x0000000615a00000| Untracked 
| 165|0x0000000615c00000, 0x0000000615c00000, 0x0000000615e00000|  0%| F|  |TAMS 0x0000000615c00000, 0x0000000615c00000| Untracked 
| 166|0x0000000615e00000, 0x0000000615e00000, 0x0000000616000000|  0%| F|  |TAMS 0x0000000615e00000, 0x0000000615e00000| Untracked 
| 167|0x0000000616000000, 0x0000000616000000, 0x0000000616200000|  0%| F|  |TAMS 0x0000000616000000, 0x0000000616000000| Untracked 
| 168|0x0000000616200000, 0x0000000616200000, 0x0000000616400000|  0%| F|  |TAMS 0x0000000616200000, 0x0000000616200000| Untracked 
| 169|0x0000000616400000, 0x0000000616400000, 0x0000000616600000|  0%| F|  |TAMS 0x0000000616400000, 0x0000000616400000| Untracked 
| 170|0x0000000616600000, 0x0000000616600000, 0x0000000616800000|  0%| F|  |TAMS 0x0000000616600000, 0x0000000616600000| Untracked 
| 171|0x0000000616800000, 0x0000000616800000, 0x0000000616a00000|  0%| F|  |TAMS 0x0000000616800000, 0x0000000616800000| Untracked 
| 172|0x0000000616a00000, 0x0000000616a00000, 0x0000000616c00000|  0%| F|  |TAMS 0x0000000616a00000, 0x0000000616a00000| Untracked 
| 173|0x0000000616c00000, 0x0000000616c00000, 0x0000000616e00000|  0%| F|  |TAMS 0x0000000616c00000, 0x0000000616c00000| Untracked 
| 174|0x0000000616e00000, 0x0000000616e00000, 0x0000000617000000|  0%| F|  |TAMS 0x0000000616e00000, 0x0000000616e00000| Untracked 
| 175|0x0000000617000000, 0x0000000617000000, 0x0000000617200000|  0%| F|  |TAMS 0x0000000617000000, 0x0000000617000000| Untracked 
| 176|0x0000000617200000, 0x0000000617200000, 0x0000000617400000|  0%| F|  |TAMS 0x0000000617200000, 0x0000000617200000| Untracked 
| 177|0x0000000617400000, 0x0000000617400000, 0x0000000617600000|  0%| F|  |TAMS 0x0000000617400000, 0x0000000617400000| Untracked 
| 178|0x0000000617600000, 0x0000000617700800, 0x0000000617800000| 50%| E|  |TAMS 0x0000000617600000, 0x0000000617600000| Complete 
| 179|0x0000000617800000, 0x0000000617a00000, 0x0000000617a00000|100%| E|CS|TAMS 0x0000000617800000, 0x0000000617800000| Complete 
| 180|0x0000000617a00000, 0x0000000617c00000, 0x0000000617c00000|100%| E|CS|TAMS 0x0000000617a00000, 0x0000000617a00000| Complete 
| 181|0x0000000617c00000, 0x0000000617e00000, 0x0000000617e00000|100%| E|CS|TAMS 0x0000000617c00000, 0x0000000617c00000| Complete 
| 182|0x0000000617e00000, 0x0000000618000000, 0x0000000618000000|100%| E|CS|TAMS 0x0000000617e00000, 0x0000000617e00000| Complete 
| 183|0x0000000618000000, 0x0000000618200000, 0x0000000618200000|100%| E|CS|TAMS 0x0000000618000000, 0x0000000618000000| Complete 
| 184|0x0000000618200000, 0x0000000618400000, 0x0000000618400000|100%| E|CS|TAMS 0x0000000618200000, 0x0000000618200000| Complete 
| 185|0x0000000618400000, 0x0000000618600000, 0x0000000618600000|100%| E|CS|TAMS 0x0000000618400000, 0x0000000618400000| Complete 
| 186|0x0000000618600000, 0x0000000618800000, 0x0000000618800000|100%| E|CS|TAMS 0x0000000618600000, 0x0000000618600000| Complete 
| 187|0x0000000618800000, 0x0000000618a00000, 0x0000000618a00000|100%| E|CS|TAMS 0x0000000618800000, 0x0000000618800000| Complete 
| 188|0x0000000618a00000, 0x0000000618c00000, 0x0000000618c00000|100%| E|CS|TAMS 0x0000000618a00000, 0x0000000618a00000| Complete 
| 189|0x0000000618c00000, 0x0000000618e00000, 0x0000000618e00000|100%| E|CS|TAMS 0x0000000618c00000, 0x0000000618c00000| Complete 
| 190|0x0000000618e00000, 0x0000000619000000, 0x0000000619000000|100%| E|CS|TAMS 0x0000000618e00000, 0x0000000618e00000| Complete 
| 191|0x0000000619000000, 0x0000000619200000, 0x0000000619200000|100%| E|CS|TAMS 0x0000000619000000, 0x0000000619000000| Complete 
| 192|0x0000000619200000, 0x0000000619400000, 0x0000000619400000|100%| E|CS|TAMS 0x0000000619200000, 0x0000000619200000| Complete 
| 193|0x0000000619400000, 0x0000000619600000, 0x0000000619600000|100%| E|CS|TAMS 0x0000000619400000, 0x0000000619400000| Complete 
| 194|0x0000000619600000, 0x0000000619800000, 0x0000000619800000|100%| E|CS|TAMS 0x0000000619600000, 0x0000000619600000| Complete 
| 195|0x0000000619800000, 0x0000000619a00000, 0x0000000619a00000|100%| E|CS|TAMS 0x0000000619800000, 0x0000000619800000| Complete 
| 196|0x0000000619a00000, 0x0000000619c00000, 0x0000000619c00000|100%| E|CS|TAMS 0x0000000619a00000, 0x0000000619a00000| Complete 
| 197|0x0000000619c00000, 0x0000000619e00000, 0x0000000619e00000|100%| E|CS|TAMS 0x0000000619c00000, 0x0000000619c00000| Complete 
| 198|0x0000000619e00000, 0x000000061a000000, 0x000000061a000000|100%| E|CS|TAMS 0x0000000619e00000, 0x0000000619e00000| Complete 
| 199|0x000000061a000000, 0x000000061a200000, 0x000000061a200000|100%| E|CS|TAMS 0x000000061a000000, 0x000000061a000000| Complete 
| 200|0x000000061a200000, 0x000000061a400000, 0x000000061a400000|100%| E|CS|TAMS 0x000000061a200000, 0x000000061a200000| Complete 
| 201|0x000000061a400000, 0x000000061a600000, 0x000000061a600000|100%| E|CS|TAMS 0x000000061a400000, 0x000000061a400000| Complete 
| 202|0x000000061a600000, 0x000000061a800000, 0x000000061a800000|100%| E|CS|TAMS 0x000000061a600000, 0x000000061a600000| Complete 
| 203|0x000000061a800000, 0x000000061aa00000, 0x000000061aa00000|100%| E|CS|TAMS 0x000000061a800000, 0x000000061a800000| Complete 
| 204|0x000000061aa00000, 0x000000061ac00000, 0x000000061ac00000|100%| E|CS|TAMS 0x000000061aa00000, 0x000000061aa00000| Complete 
| 205|0x000000061ac00000, 0x000000061ae00000, 0x000000061ae00000|100%| E|CS|TAMS 0x000000061ac00000, 0x000000061ac00000| Complete 
| 206|0x000000061ae00000, 0x000000061b000000, 0x000000061b000000|100%| E|CS|TAMS 0x000000061ae00000, 0x000000061ae00000| Complete 
| 207|0x000000061b000000, 0x000000061b200000, 0x000000061b200000|100%| E|CS|TAMS 0x000000061b000000, 0x000000061b000000| Complete 
| 208|0x000000061b200000, 0x000000061b400000, 0x000000061b400000|100%| E|CS|TAMS 0x000000061b200000, 0x000000061b200000| Complete 
| 209|0x000000061b400000, 0x000000061b600000, 0x000000061b600000|100%| E|CS|TAMS 0x000000061b400000, 0x000000061b400000| Complete 
| 210|0x000000061b600000, 0x000000061b800000, 0x000000061b800000|100%| E|CS|TAMS 0x000000061b600000, 0x000000061b600000| Complete 
| 211|0x000000061b800000, 0x000000061ba00000, 0x000000061ba00000|100%| E|CS|TAMS 0x000000061b800000, 0x000000061b800000| Complete 
| 212|0x000000061ba00000, 0x000000061bc00000, 0x000000061bc00000|100%| E|CS|TAMS 0x000000061ba00000, 0x000000061ba00000| Complete 
| 213|0x000000061bc00000, 0x000000061be00000, 0x000000061be00000|100%| E|CS|TAMS 0x000000061bc00000, 0x000000061bc00000| Complete 
| 214|0x000000061be00000, 0x000000061c000000, 0x000000061c000000|100%| E|CS|TAMS 0x000000061be00000, 0x000000061be00000| Complete 
| 215|0x000000061c000000, 0x000000061c200000, 0x000000061c200000|100%| E|CS|TAMS 0x000000061c000000, 0x000000061c000000| Complete 
| 216|0x000000061c200000, 0x000000061c400000, 0x000000061c400000|100%| E|CS|TAMS 0x000000061c200000, 0x000000061c200000| Complete 
| 217|0x000000061c400000, 0x000000061c600000, 0x000000061c600000|100%| E|CS|TAMS 0x000000061c400000, 0x000000061c400000| Complete 
| 218|0x000000061c600000, 0x000000061c800000, 0x000000061c800000|100%| E|CS|TAMS 0x000000061c600000, 0x000000061c600000| Complete 
| 219|0x000000061c800000, 0x000000061ca00000, 0x000000061ca00000|100%| E|CS|TAMS 0x000000061c800000, 0x000000061c800000| Complete 
| 220|0x000000061ca00000, 0x000000061cc00000, 0x000000061cc00000|100%| E|CS|TAMS 0x000000061ca00000, 0x000000061ca00000| Complete 
| 221|0x000000061cc00000, 0x000000061ce00000, 0x000000061ce00000|100%| E|CS|TAMS 0x000000061cc00000, 0x000000061cc00000| Complete 
| 222|0x000000061ce00000, 0x000000061d000000, 0x000000061d000000|100%| E|CS|TAMS 0x000000061ce00000, 0x000000061ce00000| Complete 
| 223|0x000000061d000000, 0x000000061d200000, 0x000000061d200000|100%| E|CS|TAMS 0x000000061d000000, 0x000000061d000000| Complete 
| 224|0x000000061d200000, 0x000000061d400000, 0x000000061d400000|100%| E|CS|TAMS 0x000000061d200000, 0x000000061d200000| Complete 
| 225|0x000000061d400000, 0x000000061d600000, 0x000000061d600000|100%| E|CS|TAMS 0x000000061d400000, 0x000000061d400000| Complete 
| 226|0x000000061d600000, 0x000000061d800000, 0x000000061d800000|100%| E|CS|TAMS 0x000000061d600000, 0x000000061d600000| Complete 
| 227|0x000000061d800000, 0x000000061da00000, 0x000000061da00000|100%| E|CS|TAMS 0x000000061d800000, 0x000000061d800000| Complete 
| 228|0x000000061da00000, 0x000000061dc00000, 0x000000061dc00000|100%| E|CS|TAMS 0x000000061da00000, 0x000000061da00000| Complete 
| 229|0x000000061dc00000, 0x000000061de00000, 0x000000061de00000|100%| E|CS|TAMS 0x000000061dc00000, 0x000000061dc00000| Complete 
| 230|0x000000061de00000, 0x000000061e000000, 0x000000061e000000|100%| E|CS|TAMS 0x000000061de00000, 0x000000061de00000| Complete 
| 231|0x000000061e000000, 0x000000061e200000, 0x000000061e200000|100%| E|CS|TAMS 0x000000061e000000, 0x000000061e000000| Complete 
| 232|0x000000061e200000, 0x000000061e400000, 0x000000061e400000|100%| E|CS|TAMS 0x000000061e200000, 0x000000061e200000| Complete 
| 233|0x000000061e400000, 0x000000061e600000, 0x000000061e600000|100%| E|CS|TAMS 0x000000061e400000, 0x000000061e400000| Complete 
| 234|0x000000061e600000, 0x000000061e800000, 0x000000061e800000|100%| E|CS|TAMS 0x000000061e600000, 0x000000061e600000| Complete 
| 235|0x000000061e800000, 0x000000061ea00000, 0x000000061ea00000|100%| E|CS|TAMS 0x000000061e800000, 0x000000061e800000| Complete 
| 236|0x000000061ea00000, 0x000000061ec00000, 0x000000061ec00000|100%| E|CS|TAMS 0x000000061ea00000, 0x000000061ea00000| Complete 
| 237|0x000000061ec00000, 0x000000061ee00000, 0x000000061ee00000|100%| E|CS|TAMS 0x000000061ec00000, 0x000000061ec00000| Complete 
| 238|0x000000061ee00000, 0x000000061f000000, 0x000000061f000000|100%| E|CS|TAMS 0x000000061ee00000, 0x000000061ee00000| Complete 
| 239|0x000000061f000000, 0x000000061f200000, 0x000000061f200000|100%| E|CS|TAMS 0x000000061f000000, 0x000000061f000000| Complete 
| 240|0x000000061f200000, 0x000000061f400000, 0x000000061f400000|100%| E|CS|TAMS 0x000000061f200000, 0x000000061f200000| Complete 
| 241|0x000000061f400000, 0x000000061f600000, 0x000000061f600000|100%| E|CS|TAMS 0x000000061f400000, 0x000000061f400000| Complete 
| 242|0x000000061f600000, 0x000000061f800000, 0x000000061f800000|100%| E|CS|TAMS 0x000000061f600000, 0x000000061f600000| Complete 
| 243|0x000000061f800000, 0x000000061fa00000, 0x000000061fa00000|100%| E|CS|TAMS 0x000000061f800000, 0x000000061f800000| Complete 
| 244|0x000000061fa00000, 0x000000061fc00000, 0x000000061fc00000|100%| E|CS|TAMS 0x000000061fa00000, 0x000000061fa00000| Complete 
| 245|0x000000061fc00000, 0x000000061fe00000, 0x000000061fe00000|100%| E|CS|TAMS 0x000000061fc00000, 0x000000061fc00000| Complete 
| 246|0x000000061fe00000, 0x0000000620000000, 0x0000000620000000|100%| E|CS|TAMS 0x000000061fe00000, 0x000000061fe00000| Complete 
| 247|0x0000000620000000, 0x0000000620200000, 0x0000000620200000|100%| E|CS|TAMS 0x0000000620000000, 0x0000000620000000| Complete 
| 248|0x0000000620200000, 0x0000000620400000, 0x0000000620400000|100%| E|CS|TAMS 0x0000000620200000, 0x0000000620200000| Complete 
| 249|0x0000000620400000, 0x0000000620600000, 0x0000000620600000|100%| E|CS|TAMS 0x0000000620400000, 0x0000000620400000| Complete 
| 250|0x0000000620600000, 0x0000000620800000, 0x0000000620800000|100%| E|CS|TAMS 0x0000000620600000, 0x0000000620600000| Complete 
| 251|0x0000000620800000, 0x0000000620a00000, 0x0000000620a00000|100%| E|CS|TAMS 0x0000000620800000, 0x0000000620800000| Complete 
| 252|0x0000000620a00000, 0x0000000620c00000, 0x0000000620c00000|100%| E|CS|TAMS 0x0000000620a00000, 0x0000000620a00000| Complete 
| 253|0x0000000620c00000, 0x0000000620e00000, 0x0000000620e00000|100%| E|CS|TAMS 0x0000000620c00000, 0x0000000620c00000| Complete 
| 254|0x0000000620e00000, 0x0000000621000000, 0x0000000621000000|100%| E|CS|TAMS 0x0000000620e00000, 0x0000000620e00000| Complete 
| 255|0x0000000621000000, 0x0000000621200000, 0x0000000621200000|100%| E|CS|TAMS 0x0000000621000000, 0x0000000621000000| Complete 

Card table byte_map: [0x000001d3f2970000,0x000001d3f3970000] _byte_map_base: 0x000001d3ef967000

Marking Bits (Prev, Next): (CMBitMap*) 0x000001d3d9b5b738, (CMBitMap*) 0x000001d3d9b5b778
 Prev Bits: [0x000001d3f4970000, 0x000001d3fc928000)
 Next Bits: [0x000001d380000000, 0x000001d387fb8000)

Polling page: 0x000001d3d7a00000

Metaspace:

Usage:
  Non-class:      8.13 MB capacity,     7.64 MB ( 94%) used,   480.20 KB (  6%) free+waste,    15.63 KB ( <1%) overhead. 
      Class:    693.00 KB capacity,   538.46 KB ( 78%) used,   147.10 KB ( 21%) free+waste,     7.44 KB (  1%) overhead. 
       Both:      8.80 MB capacity,     8.17 MB ( 93%) used,   627.30 KB (  7%) free+waste,    23.06 KB ( <1%) overhead. 

Virtual space:
  Non-class space:       10.00 MB reserved,       8.25 MB ( 83%) committed 
      Class space:        1.00 GB reserved,     768.00 KB ( <1%) committed 
             Both:        1.01 GB reserved,       9.00 MB ( <1%) committed 

Chunk freelists:
   Non-Class:  0 bytes
       Class:  0 bytes
        Both:  0 bytes

MaxMetaspaceSize: 17179869184.00 GB
CompressedClassSpaceSize: 1.00 GB

CodeHeap 'non-profiled nmethods': size=119168Kb used=1203Kb max_used=1205Kb free=117964Kb
 bounds [0x000001d3e9b70000, 0x000001d3e9de0000, 0x000001d3f0fd0000]
CodeHeap 'profiled nmethods': size=119104Kb used=3536Kb max_used=3706Kb free=115567Kb
 bounds [0x000001d3e2720000, 0x000001d3e2ac0000, 0x000001d3e9b70000]
CodeHeap 'non-nmethods': size=7488Kb used=1652Kb max_used=3386Kb free=5836Kb
 bounds [0x000001d3e1fd0000, 0x000001d3e2320000, 0x000001d3e2720000]
 total_blobs=3451 nmethods=1565 adapters=956
 compilation: enabled
              stopped_count=0, restarted_count=0
 full_count=0

Compilation events (20 events):
Event: 22.700 Thread 0x000001d3ffbe6000 1565       4       main.DisplayLWJGL::getScalingRelativeToDPI (37 bytes)
Event: 22.702 Thread 0x000001d3ffbe6000 nmethod 1565 0x000001d3e9c90610 code [0x000001d3e9c907e0, 0x000001d3e9c90bc8]
Event: 23.617 Thread 0x000001d3ffbe6000 1566       4       main.GameLWJGL$$Lambda$55/0x0000000800be8c40::accept (12 bytes)
Event: 23.618 Thread 0x000001d3ffbe6000 nmethod 1566 0x000001d3e9c90d90 code [0x000001d3e9c90f20, 0x000001d3e9c91018]
Event: 43.847 Thread 0x000001d3ffbe6000 1567       4       main.GameLWJGL::tick (152 bytes)
Event: 44.006 Thread 0x000001d3ffbe6000 nmethod 1567 0x000001d3e9c91190 code [0x000001d3e9c91640, 0x000001d3e9c94788]
Event: 46.962 Thread 0x000001d3ffbe6000 1568       4       main.GameLWJGL::tickInput (504 bytes)
Event: 47.094 Thread 0x000001d3ffbe6000 nmethod 1568 0x000001d3e9c96910 code [0x000001d3e9c96d60, 0x000001d3e9c9b2f8]
Event: 73.961 Thread 0x000001d3ffbe6000 1569       4       inputs.InputLWJGL$2::invoke (69 bytes)
Event: 73.961 Thread 0x000001d3ffbe6000 nmethod 1569 0x000001d3e9c9d310 code [0x000001d3e9c9d4a0, 0x000001d3e9c9d578]
Event: 80.549 Thread 0x000001d3ffbe7000 1570       3       org.lwjgl.glfw.GLFWKeyCallbackI::callback (27 bytes)
Event: 80.549 Thread 0x000001d3ffbe7000 nmethod 1570 0x000001d3e2ab6110 code [0x000001d3e2ab63e0, 0x000001d3e2ab7110]
Event: 80.549 Thread 0x000001d3ffbe7000 1571       3       main.GameLWJGL$1::invoke (278 bytes)
Event: 80.550 Thread 0x000001d3ffbe7000 nmethod 1571 0x000001d3e2927490 code [0x000001d3e2927840, 0x000001d3e2929270]
Event: 87.743 Thread 0x000001d3ffbe6000 1572       4       java.lang.invoke.Invokers$Holder::linkToTargetMethod (8 bytes)
Event: 87.743 Thread 0x000001d3ffbe6000 nmethod 1572 0x000001d3e9c88310 code [0x000001d3e9c884a0, 0x000001d3e9c88538]
Event: 87.743 Thread 0x000001d3ffbe6000 1573       4       java.lang.invoke.LambdaForm$MH/0x0000000800ba0440::invoke (8 bytes)
Event: 87.744 Thread 0x000001d3ffbe6000 nmethod 1573 0x000001d3e9c88010 code [0x000001d3e9c881a0, 0x000001d3e9c88218]
Event: 88.222 Thread 0x000001d3ffbe7000 1574       3       main.GameLWJGL::tick (152 bytes)
Event: 88.223 Thread 0x000001d3ffbe7000 nmethod 1574 0x000001d3e2924f90 code [0x000001d3e2925320, 0x000001d3e2926c30]

GC Heap History (4 events):
Event: 0.805 GC heap before
{Heap before GC invocations=0 (full 0):
 garbage-first heap   total 524288K, used 24576K [0x0000000601200000, 0x0000000800000000)
  region size 2048K, 12 young (24576K), 0 survivors (0K)
 Metaspace       used 6052K, capacity 8600K, committed 8832K, reserved 1056768K
  class space    used 351K, capacity 638K, committed 640K, reserved 1048576K
}
Event: 0.807 GC heap after
{Heap after GC invocations=1 (full 0):
 garbage-first heap   total 524288K, used 2213K [0x0000000601200000, 0x0000000800000000)
  region size 2048K, 2 young (4096K), 2 survivors (4096K)
 Metaspace       used 6052K, capacity 8600K, committed 8832K, reserved 1056768K
  class space    used 351K, capacity 638K, committed 640K, reserved 1048576K
}
Event: 3.851 GC heap before
{Heap before GC invocations=1 (full 0):
 garbage-first heap   total 524288K, used 311461K [0x0000000601200000, 0x0000000800000000)
  region size 2048K, 153 young (313344K), 2 survivors (4096K)
 Metaspace       used 8341K, capacity 9013K, committed 9216K, reserved 1058816K
  class space    used 537K, capacity 693K, committed 768K, reserved 1048576K
}
Event: 3.859 GC heap after
{Heap after GC invocations=2 (full 0):
 garbage-first heap   total 524288K, used 20160K [0x0000000601200000, 0x0000000800000000)
  region size 2048K, 10 young (20480K), 10 survivors (20480K)
 Metaspace       used 8341K, capacity 9013K, committed 9216K, reserved 1058816K
  class space    used 537K, capacity 693K, committed 768K, reserved 1048576K
}

Deoptimization events (20 events):
Event: 16.273 Thread 0x000001d3888b2000 Uncommon trap: trap_request=0xffffff45 fr.pc=0x000001d3e9c8f794 relative=0x0000000000000614
Event: 16.273 Thread 0x000001d3888b2000 Uncommon trap: reason=unstable_if action=reinterpret pc=0x000001d3e9c8f794 method=GUI.ButtonLWJGL.isMouseInside(LMath/Vector;)Z @ 11 c2
Event: 16.273 Thread 0x000001d3888b2000 DEOPT PACKING pc=0x000001d3e9c8f794 sp=0x0000000eccffee60
Event: 16.273 Thread 0x000001d3888b2000 DEOPT UNPACKING pc=0x000001d3e201912f sp=0x0000000eccffed60 mode 2
Event: 16.279 Thread 0x000001d3888b2000 Uncommon trap: trap_request=0xffffff45 fr.pc=0x000001d3e9c80734 relative=0x00000000000004b4
Event: 16.279 Thread 0x000001d3888b2000 Uncommon trap: reason=unstable_if action=reinterpret pc=0x000001d3e9c80734 method=GUI.ButtonLWJGL.isMouseInside(LMath/Vector;)Z @ 11 c2
Event: 16.279 Thread 0x000001d3888b2000 DEOPT PACKING pc=0x000001d3e9c80734 sp=0x0000000eccffed80
Event: 16.279 Thread 0x000001d3888b2000 DEOPT UNPACKING pc=0x000001d3e201912f sp=0x0000000eccffed50 mode 2
Event: 16.965 Thread 0x000001d3888b2000 Uncommon trap: trap_request=0xffffff45 fr.pc=0x000001d3e9c898e8 relative=0x0000000000000788
Event: 16.965 Thread 0x000001d3888b2000 Uncommon trap: reason=unstable_if action=reinterpret pc=0x000001d3e9c898e8 method=main.GameLWJGL.calculate3DCamMovement()V @ 83 c2
Event: 16.965 Thread 0x000001d3888b2000 DEOPT PACKING pc=0x000001d3e9c898e8 sp=0x0000000eccffef50
Event: 16.965 Thread 0x000001d3888b2000 DEOPT UNPACKING pc=0x000001d3e201912f sp=0x0000000eccffeef0 mode 2
Event: 87.603 Thread 0x000001d3888b2000 Uncommon trap: trap_request=0xffffff45 fr.pc=0x000001d3e9c931bc relative=0x0000000000001b7c
Event: 87.603 Thread 0x000001d3888b2000 Uncommon trap: reason=unstable_if action=reinterpret pc=0x000001d3e9c931bc method=main.GameLWJGL.calculate3DCamMovement()V @ 92 c2
Event: 87.603 Thread 0x000001d3888b2000 DEOPT PACKING pc=0x000001d3e9c931bc sp=0x0000000eccfff010
Event: 87.603 Thread 0x000001d3888b2000 DEOPT UNPACKING pc=0x000001d3e201912f sp=0x0000000eccffef90 mode 2
Event: 92.907 Thread 0x000001d3888b2000 Uncommon trap: trap_request=0xffffff45 fr.pc=0x000001d3e9c88a60 relative=0x0000000000000260
Event: 92.907 Thread 0x000001d3888b2000 Uncommon trap: reason=unstable_if action=reinterpret pc=0x000001d3e9c88a60 method=main.GameLWJGL.runGame()V @ 32 c2
Event: 92.907 Thread 0x000001d3888b2000 DEOPT PACKING pc=0x000001d3e9c88a60 sp=0x0000000eccfff0c0
Event: 92.907 Thread 0x000001d3888b2000 DEOPT UNPACKING pc=0x000001d3e201912f sp=0x0000000eccfff048 mode 2

Classes unloaded (0 events):
No events

Classes redefined (0 events):
No events

Internal exceptions (15 events):
Event: 0.103 Thread 0x000001d3888b2000 Exception <a 'java/lang/NoSuchMethodError'{0x0000000620a76e88}: 'void java.lang.invoke.DelegatingMethodHandle$Holder.delegate(java.lang.Object, java.lang.Object, int, java.lang.Object)'> (0x0000000620a76e88) 
thrown [t:/workspace/open/src/hotspot/share/interpreter/linkResolver.cpp, line 767]
Event: 0.103 Thread 0x000001d3888b2000 Exception <a 'java/lang/NoSuchMethodError'{0x0000000620a7d990}: 'java.lang.Object java.lang.invoke.DirectMethodHandle$Holder.invokeStaticInit(java.lang.Object, java.lang.Object, java.lang.Object)'> (0x0000000620a7d990) 
thrown [t:/workspace/open/src/hotspot/share/interpreter/linkResolver.cpp, line 767]
Event: 0.124 Thread 0x000001d3888b2000 Exception <a 'sun/nio/fs/WindowsException'{0x0000000620aeb8a0}> (0x0000000620aeb8a0) 
thrown [t:/workspace/open/src/hotspot/share/prims/jni.cpp, line 598]
Event: 0.124 Thread 0x000001d3888b2000 Exception <a 'sun/nio/fs/WindowsException'{0x0000000620aebdf8}> (0x0000000620aebdf8) 
thrown [t:/workspace/open/src/hotspot/share/prims/jni.cpp, line 598]
Event: 0.141 Thread 0x000001d3888b2000 Exception <a 'sun/nio/fs/WindowsException'{0x0000000620bc3f38}> (0x0000000620bc3f38) 
thrown [t:/workspace/open/src/hotspot/share/prims/jni.cpp, line 598]
Event: 0.141 Thread 0x000001d3888b2000 Exception <a 'sun/nio/fs/WindowsException'{0x0000000620bc42a8}> (0x0000000620bc42a8) 
thrown [t:/workspace/open/src/hotspot/share/prims/jni.cpp, line 598]
Event: 0.591 Thread 0x000001d3888b2000 Exception <a 'sun/nio/fs/WindowsException'{0x000000062087bef8}> (0x000000062087bef8) 
thrown [t:/workspace/open/src/hotspot/share/prims/jni.cpp, line 598]
Event: 0.591 Thread 0x000001d3888b2000 Exception <a 'sun/nio/fs/WindowsException'{0x000000062087c2a8}> (0x000000062087c2a8) 
thrown [t:/workspace/open/src/hotspot/share/prims/jni.cpp, line 598]
Event: 0.593 Thread 0x000001d3888b2000 Exception <a 'sun/nio/fs/WindowsException'{0x00000006208a47e0}> (0x00000006208a47e0) 
thrown [t:/workspace/open/src/hotspot/share/prims/jni.cpp, line 598]
Event: 0.593 Thread 0x000001d3888b2000 Exception <a 'sun/nio/fs/WindowsException'{0x00000006208a4ac8}> (0x00000006208a4ac8) 
thrown [t:/workspace/open/src/hotspot/share/prims/jni.cpp, line 598]
Event: 1.143 Thread 0x000001d3888b2000 Exception <a 'java/lang/ClassNotFoundException'{0x0000000611771b58}: sun/awt/resources/spi/awtProvider> (0x0000000611771b58) 
thrown [t:/workspace/open/src/hotspot/share/classfile/systemDictionary.cpp, line 232]
Event: 1.154 Thread 0x000001d3888b2000 Exception <a 'java/io/FileNotFoundException'{0x00000006117b1f80}> (0x00000006117b1f80) 
thrown [t:/workspace/open/src/hotspot/share/prims/jni.cpp, line 598]
Event: 1.158 Thread 0x000001d3888b2000 Exception <a 'java/io/FileNotFoundException'{0x00000006117d84f8}> (0x00000006117d84f8) 
thrown [t:/workspace/open/src/hotspot/share/prims/jni.cpp, line 598]
Event: 1.163 Thread 0x000001d3888b2000 Exception <a 'java/lang/NoSuchMethodError'{0x00000006117f5710}: 'void java.lang.invoke.DirectMethodHandle$Holder.invokeVirtual(java.lang.Object, java.lang.Object)'> (0x00000006117f5710) 
thrown [t:/workspace/open/src/hotspot/share/interpreter/linkResolver.cpp, line 767]
Event: 2.574 Thread 0x000001d388fb9800 Exception <a 'java/lang/NoSuchMethodError'{0x000000060f604f08}: 'void java.lang.invoke.DirectMethodHandle$Holder.invokeSpecial(java.lang.Object, java.lang.Object)'> (0x000000060f604f08) 
thrown [t:/workspace/open/src/hotspot/share/interpreter/linkResolver.cpp, line 767]

Events (20 events):
Event: 12.133 Loaded shared library C:\Users\alanj\AppData\Local\Temp\lwjglalanj\3.2.3-build-13\lwjgl.dll
Event: 12.135 Loaded shared library C:\Users\alanj\AppData\Local\Temp\lwjglalanj\3.2.3-build-13\lwjgl.dll
Event: 17.257 Loaded shared library C:\Program Files\Java\jdk-13.0.2\bin\java.dll
Event: 17.258 Loaded shared library C:\Program Files\Java\jdk-13.0.2\bin\java.dll
Event: 17.259 Loaded shared library C:\Program Files\Java\jdk-13.0.2\bin\java.dll
Event: 17.260 Loaded shared library C:\Program Files\Java\jdk-13.0.2\bin\java.dll
Event: 44.004 Executing VM operation: HandshakeAllThreads
Event: 44.004 Executing VM operation: HandshakeAllThreads done
Event: 73.961 Executing VM operation: HandshakeAllThreads
Event: 73.962 Executing VM operation: HandshakeAllThreads done
Event: 73.962 Thread 0x000001d3ffbec800 flushing nmethod 0x000001d3e9c87810
Event: 73.962 Thread 0x000001d3ffbec800 flushing nmethod 0x000001d3e9c87d10
Event: 73.962 Thread 0x000001d3ffbec800 flushing nmethod 0x000001d3e2920f90
Event: 73.963 Thread 0x000001d3ffbec800 flushing nmethod 0x000001d3e29aa190
Event: 73.963 Thread 0x000001d3ffbec800 flushing nmethod 0x000001d3e2a2f810
Event: 73.963 Thread 0x000001d3ffbec800 flushing nmethod 0x000001d3e2ab2e10
Event: 73.963 Thread 0x000001d3ffbec800 flushing nmethod 0x000001d3e2ab5190
Event: 73.963 Thread 0x000001d3ffbec800 flushing nmethod 0x000001d3e2ab6390
Event: 92.907 loading class org/lwjgl/glfw/Callbacks
Event: 92.907 loading class org/lwjgl/glfw/Callbacks done


Dynamic libraries:
0x00007ff692950000 - 0x00007ff69295f000 	C:\Program Files\Java\jdk-13.0.2\bin\java.exe
0x00007ffaf8820000 - 0x00007ffaf8a10000 	C:\WINDOWS\SYSTEM32\ntdll.dll
0x00007ffaf79e0000 - 0x00007ffaf7a92000 	C:\WINDOWS\System32\KERNEL32.DLL
0x00007ffaf57b0000 - 0x00007ffaf5a53000 	C:\WINDOWS\System32\KERNELBASE.dll
0x00007ffaf6500000 - 0x00007ffaf65fa000 	C:\WINDOWS\System32\ucrtbase.dll
0x00007ffae8d40000 - 0x00007ffae8d55000 	C:\Program Files\Java\jdk-13.0.2\bin\VCRUNTIME140.dll
0x00007ffaebd40000 - 0x00007ffaebd58000 	C:\Program Files\Java\jdk-13.0.2\bin\jli.dll
0x00007ffaf78a0000 - 0x00007ffaf7943000 	C:\WINDOWS\System32\ADVAPI32.dll
0x00007ffaf8560000 - 0x00007ffaf85fe000 	C:\WINDOWS\System32\msvcrt.dll
0x00007ffaf86d0000 - 0x00007ffaf8767000 	C:\WINDOWS\System32\sechost.dll
0x00007ffaf8300000 - 0x00007ffaf8420000 	C:\WINDOWS\System32\RPCRT4.dll
0x00007ffaf69b0000 - 0x00007ffaf6b44000 	C:\WINDOWS\System32\USER32.dll
0x00007ffae0180000 - 0x00007ffae0405000 	C:\WINDOWS\WinSxS\amd64_microsoft.windows.common-controls_6595b64144ccf1df_6.0.18362.720_none_e6beb5c51314836b\COMCTL32.dll
0x00007ffaf5a60000 - 0x00007ffaf5a81000 	C:\WINDOWS\System32\win32u.dll
0x00007ffaf7e40000 - 0x00007ffaf7e66000 	C:\WINDOWS\System32\GDI32.dll
0x00007ffaf7aa0000 - 0x00007ffaf7dd6000 	C:\WINDOWS\System32\combase.dll
0x00007ffaf6360000 - 0x00007ffaf64f4000 	C:\WINDOWS\System32\gdi32full.dll
0x00007ffaf5a90000 - 0x00007ffaf5b10000 	C:\WINDOWS\System32\bcryptPrimitives.dll
0x00007ffaf6830000 - 0x00007ffaf68ce000 	C:\WINDOWS\System32\msvcp_win.dll
0x00007ffaeda50000 - 0x00007ffaeda5a000 	C:\WINDOWS\SYSTEM32\VERSION.dll
0x00007ffaf7730000 - 0x00007ffaf775e000 	C:\WINDOWS\System32\IMM32.DLL
0x00007ffadb150000 - 0x00007ffadb1eb000 	C:\Program Files\Java\jdk-13.0.2\bin\msvcp140.dll
0x00007ffa6cc80000 - 0x00007ffa6d7dd000 	C:\Program Files\Java\jdk-13.0.2\bin\server\jvm.dll
0x00007ffaf7830000 - 0x00007ffaf7838000 	C:\WINDOWS\System32\PSAPI.DLL
0x00007ffae10a0000 - 0x00007ffae10a9000 	C:\WINDOWS\SYSTEM32\WSOCK32.dll
0x00007ffaf3650000 - 0x00007ffaf3674000 	C:\WINDOWS\SYSTEM32\WINMM.dll
0x00007ffaf7ed0000 - 0x00007ffaf7f3f000 	C:\WINDOWS\System32\WS2_32.dll
0x00007ffaf3620000 - 0x00007ffaf364d000 	C:\WINDOWS\SYSTEM32\WINMMBASE.dll
0x00007ffaf62f0000 - 0x00007ffaf633a000 	C:\WINDOWS\System32\cfgmgr32.dll
0x00007ffaf5740000 - 0x00007ffaf5751000 	C:\WINDOWS\System32\kernel.appcore.dll
0x00007ffaebdd0000 - 0x00007ffaebde0000 	C:\Program Files\Java\jdk-13.0.2\bin\verify.dll
0x00007ffae18c0000 - 0x00007ffae1ab4000 	C:\WINDOWS\SYSTEM32\DBGHELP.DLL
0x00007ffae1120000 - 0x00007ffae114a000 	C:\WINDOWS\SYSTEM32\dbgcore.DLL
0x00007ffae1c10000 - 0x00007ffae1c36000 	C:\Program Files\Java\jdk-13.0.2\bin\java.dll
0x00007ffae8610000 - 0x00007ffae861e000 	C:\Program Files\Java\jdk-13.0.2\bin\instrument.dll
0x00007ffae8990000 - 0x00007ffae89a7000 	C:\Program Files\Java\jdk-13.0.2\bin\zip.dll
0x00007ffae8dd0000 - 0x00007ffae8dda000 	C:\Program Files\Java\jdk-13.0.2\bin\jimage.dll
0x00007ffaf6bd0000 - 0x00007ffaf72b5000 	C:\WINDOWS\System32\SHELL32.dll
0x00007ffaf7f40000 - 0x00007ffaf7fe9000 	C:\WINDOWS\System32\shcore.dll
0x00007ffaf5b70000 - 0x00007ffaf62f0000 	C:\WINDOWS\System32\windows.storage.dll
0x00007ffaf5760000 - 0x00007ffaf5783000 	C:\WINDOWS\System32\profapi.dll
0x00007ffaf56f0000 - 0x00007ffaf573a000 	C:\WINDOWS\System32\powrprof.dll
0x00007ffaf56e0000 - 0x00007ffaf56f0000 	C:\WINDOWS\System32\UMPDC.dll
0x00007ffaf7de0000 - 0x00007ffaf7e32000 	C:\WINDOWS\System32\shlwapi.dll
0x00007ffaf6340000 - 0x00007ffaf6357000 	C:\WINDOWS\System32\cryptsp.dll
0x00007ffae8760000 - 0x00007ffae8779000 	C:\Program Files\Java\jdk-13.0.2\bin\net.dll
0x00007ffaebc30000 - 0x00007ffaebd21000 	C:\WINDOWS\SYSTEM32\WINHTTP.dll
0x00007ffaf4f50000 - 0x00007ffaf4fb7000 	C:\WINDOWS\system32\mswsock.dll
0x00007ffae35f0000 - 0x00007ffae3603000 	C:\Program Files\Java\jdk-13.0.2\bin\nio.dll
0x00007ffae2100000 - 0x00007ffae211a000 	C:\Program Files\JetBrains\IntelliJ IDEA Community Edition 2019.3.3\bin\breakgen64.dll
0x00007ffadaf50000 - 0x00007ffadafb4000 	C:\Users\alanj\AppData\Local\Temp\lwjglalanj\3.2.3-build-13\lwjgl.dll
0x00007ffadaee0000 - 0x00007ffadaf42000 	C:\Users\alanj\AppData\Local\Temp\lwjglalanj\3.2.3-build-13\glfw.dll
0x00007ffaf3a60000 - 0x00007ffaf3af9000 	C:\WINDOWS\system32\uxtheme.dll
0x00007ffada9d0000 - 0x00007ffadaa13000 	C:\WINDOWS\SYSTEM32\dinput8.dll
0x00007ffae85f0000 - 0x00007ffae8601000 	C:\WINDOWS\SYSTEM32\xinput1_4.dll
0x00007ffaf54e0000 - 0x00007ffaf550a000 	C:\WINDOWS\SYSTEM32\DEVOBJ.dll
0x00007ffaf3e80000 - 0x00007ffaf3ead000 	C:\WINDOWS\SYSTEM32\dwmapi.dll
0x00007ffad7a90000 - 0x00007ffad7baa000 	C:\WINDOWS\SYSTEM32\inputhost.dll
0x00007ffaf2ff0000 - 0x00007ffaf30c4000 	C:\WINDOWS\SYSTEM32\CoreMessaging.dll
0x00007ffaf13e0000 - 0x00007ffaf1533000 	C:\WINDOWS\SYSTEM32\wintypes.dll
0x00007ffaf0b00000 - 0x00007ffaf0e2a000 	C:\WINDOWS\SYSTEM32\CoreUIComponents.dll
0x00007ffaf20a0000 - 0x00007ffaf218f000 	C:\WINDOWS\SYSTEM32\PROPSYS.dll
0x00007ffaf8600000 - 0x00007ffaf86c4000 	C:\WINDOWS\System32\OLEAUT32.dll
0x00007ffaf4740000 - 0x00007ffaf4771000 	C:\WINDOWS\SYSTEM32\ntmarta.dll
0x00007ffaf8420000 - 0x00007ffaf8556000 	C:\WINDOWS\System32\MSCTF.dll
0x0000000180000000 - 0x0000000180272000 	C:\Program Files (x86)\RivaTuner Statistics Server\RTSSHooks64.dll
0x00007ffaf42f0000 - 0x00007ffaf42fe000 	C:\WINDOWS\SYSTEM32\HID.DLL
0x00007ffaf72c0000 - 0x00007ffaf7730000 	C:\WINDOWS\System32\SETUPAPI.DLL
0x00007ffaf6800000 - 0x00007ffaf6826000 	C:\WINDOWS\System32\bcrypt.dll
0x00007ffaf5b10000 - 0x00007ffaf5b6c000 	C:\WINDOWS\System32\WINTRUST.dll
0x00007ffaf5790000 - 0x00007ffaf57a2000 	C:\WINDOWS\System32\MSASN1.dll
0x00007ffaf6600000 - 0x00007ffaf6749000 	C:\WINDOWS\System32\CRYPT32.dll
0x00007ffa90fd0000 - 0x00007ffa91126000 	C:\WINDOWS\SYSTEM32\opengl32.dll
0x00007ffad4e60000 - 0x00007ffad4e8c000 	C:\WINDOWS\SYSTEM32\GLU32.dll
0x00007ffaf4350000 - 0x00007ffaf4370000 	C:\WINDOWS\SYSTEM32\dxcore.dll
0x00007ffa67420000 - 0x00007ffa69b44000 	C:\WINDOWS\System32\DriverStore\FileRepository\nv_dispi.inf_amd64_63268710a2dc3648\nvoglv64.dll
0x00007ffaf7ff0000 - 0x00007ffaf8147000 	C:\WINDOWS\System32\ole32.dll
0x00007ffaf21f0000 - 0x00007ffaf2203000 	C:\WINDOWS\SYSTEM32\WTSAPI32.dll
0x00007ffab73c0000 - 0x00007ffab7684000 	C:\WINDOWS\system32\nvspcap64.dll
0x00007ffaf47b0000 - 0x00007ffaf480c000 	C:\WINDOWS\SYSTEM32\WINSTA.dll
0x00007ffad9770000 - 0x00007ffad97c9000 	C:\Users\alanj\AppData\Local\Temp\lwjglalanj\3.2.3-build-13\lwjgl_opengl.dll
0x00007ffa8d150000 - 0x00007ffa8d2e9000 	C:\Program Files\Java\jdk-13.0.2\bin\awt.dll
0x00007ffaf38c0000 - 0x00007ffaf394f000 	C:\WINDOWS\SYSTEM32\apphelp.dll
0x00007ffadb640000 - 0x00007ffadb6de000 	C:\WINDOWS\System32\TextInputFramework.dll
0x00007ffae3340000 - 0x00007ffae35e6000 	C:\WINDOWS\System32\iertutil.dll

dbghelp: loaded successfully - version: 4.0.5 - missing functions: none
symbol engine: initialized successfully - sym options: 0x614 - pdb path: .;C:\Program Files\Java\jdk-13.0.2\bin;C:\WINDOWS\SYSTEM32;C:\WINDOWS\WinSxS\amd64_microsoft.windows.common-controls_6595b64144ccf1df_6.0.18362.720_none_e6beb5c51314836b;C:\Program Files\Java\jdk-13.0.2\bin\server;C:\Program Files\JetBrains\IntelliJ IDEA Community Edition 2019.3.3\bin;C:\Users\alanj\AppData\Local\Temp\lwjglalanj\3.2.3-build-13;C:\Program Files (x86)\RivaTuner Statistics Server;C:\WINDOWS\System32\DriverStore\FileRepository\nv_dispi.inf_amd64_63268710a2dc3648

VM Arguments:
jvm_args: -Dvisualvm.id=356911410375900 -javaagent:C:\Program Files\JetBrains\IntelliJ IDEA Community Edition 2019.3.3\lib\idea_rt.jar=50845:C:\Program Files\JetBrains\IntelliJ IDEA Community Edition 2019.3.3\bin -Dfile.encoding=UTF-8 
java_command: main.Main
java_class_path (initial): C:\Users\alanj\IdeaProjects\RenderingEngine\RenderEngine\bin;C:\Users\alanj\IdeaProjects\RenderingEngine\RenderEngine\libs\lwjgl-3.2.3\lwjgl\lwjgl.jar;C:\Users\alanj\IdeaProjects\RenderingEngine\RenderEngine\libs\lwjgl-3.2.3\lwjgl\lwjgl-javadoc.jar;C:\Users\alanj\IdeaProjects\RenderingEngine\RenderEngine\libs\lwjgl-3.2.3\lwjgl\lwjgl-sources.jar;C:\Users\alanj\IdeaProjects\RenderingEngine\RenderEngine\libs\lwjgl-3.2.3\lwjgl\lwjgl-natives-linux.jar;C:\Users\alanj\IdeaProjects\RenderingEngine\RenderEngine\libs\lwjgl-3.2.3\lwjgl\lwjgl-natives-macos.jar;C:\Users\alanj\IdeaProjects\RenderingEngine\RenderEngine\libs\lwjgl-3.2.3\lwjgl\lwjgl-natives-windows.jar;C:\Users\alanj\IdeaProjects\RenderingEngine\RenderEngine\libs\lwjgl-3.2.3\lwjgl\lwjgl-natives-linux-arm32.jar;C:\Users\alanj\IdeaProjects\RenderingEngine\RenderEngine\libs\lwjgl-3.2.3\lwjgl\lwjgl-natives-linux-arm64.jar;C:\Users\alanj\IdeaProjects\RenderingEngine\RenderEngine\libs\lwjgl-3.2.3\lwjgl\lwjgl-natives-windows-x86.jar;C:\Users\alanj\IdeaProjects\RenderingEngine\RenderEngine\libs\lwjgl-3.2.3\lwjgl-glfw\lwjgl-glfw.jar;C:\Users\alanj\IdeaProjects\RenderingEngine\RenderEngine\libs\lwjgl-3.2.3\lwjgl-glfw\lwjgl-glfw-javadoc.jar;C:\Users\alanj\IdeaProjects\RenderingEngine\RenderEngine\libs\lwjgl-3.2.3\lwjgl-glfw\lwjgl-glfw-sources.jar;C:\Users\alanj\IdeaProjects\RenderingEngine\RenderEngine\libs\lwjgl-3.2.3\lwjgl-glfw\lwjgl-glfw-natives-linux.jar;C:\Users\alanj\IdeaProjects\RenderingEngine\RenderEngine\libs\lwjgl-3.2.3\lwjgl-glfw\lwjgl-glfw-natives-macos.jar;C:\Users\alanj\IdeaProjects\RenderingEngine\RenderEngine\libs\lwjgl-3.2.3\lwjgl-glfw\lwjgl-glfw-natives-windows.jar;C:\Users\alanj\IdeaProjects\RenderingEngine\RenderEngine\libs\lwjgl-3.2.3\lwjgl-glfw\lwjgl-glfw-natives-linux-arm32.jar;C:\Users\alanj\IdeaProjects\RenderingEngine\RenderEngine\libs\lwjgl-3.2.3\lwjgl-glfw\lwjgl-glfw-natives-linux-arm64.jar;C:\Users\alanj\IdeaProjects\RenderingEngine\RenderEngine\libs\lwjgl-3.2.3\lwjgl-
Launcher Type: SUN_STANDARD

[Global flags]
     intx CICompilerCount                          = 12                                        {product} {ergonomic}
     uint ConcGCThreads                            = 3                                         {product} {ergonomic}
     uint G1ConcRefinementThreads                  = 13                                        {product} {ergonomic}
   size_t G1HeapRegionSize                         = 2097152                                   {product} {ergonomic}
    uintx GCDrainStackTargetSize                   = 64                                        {product} {ergonomic}
   size_t InitialHeapSize                          = 536870912                                 {product} {ergonomic}
   size_t MarkStackSize                            = 4194304                                   {product} {ergonomic}
   size_t MaxHeapSize                              = 8571060224                                {product} {ergonomic}
   size_t MaxNewSize                               = 5142216704                                {product} {ergonomic}
   size_t MinHeapDeltaBytes                        = 2097152                                   {product} {ergonomic}
   size_t MinHeapSize                              = 8388608                                   {product} {ergonomic}
    uintx NonNMethodCodeHeapSize                   = 7602480                                {pd product} {ergonomic}
    uintx NonProfiledCodeHeapSize                  = 122027880                              {pd product} {ergonomic}
    uintx ProfiledCodeHeapSize                     = 122027880                              {pd product} {ergonomic}
    uintx ReservedCodeCacheSize                    = 251658240                              {pd product} {ergonomic}
     bool SegmentedCodeCache                       = true                                      {product} {ergonomic}
   size_t SoftMaxHeapSize                          = 8571060224                             {manageable} {ergonomic}
     bool UseCompressedClassPointers               = true                                 {lp64_product} {ergonomic}
     bool UseCompressedOops                        = true                                 {lp64_product} {ergonomic}
     bool UseG1GC                                  = true                                      {product} {ergonomic}
     bool UseLargePagesIndividualAllocation        = false                                  {pd product} {ergonomic}

Logging:
Log output configuration:
 #0: stdout all=warning uptime,level,tags
 #1: stderr all=off uptime,level,tags

Environment Variables:
PATH=C:\Program Files\Java\jdk-13.0.2\bin;C:\windows\system32;C:\windows;C:\windows\System32\Wbem;C:\windows\System32\WindowsPowerShell\v1.0\;C:\windows\System32\OpenSSH\;C:\Program Files\NVIDIA Corporation\NVIDIA NGX;C:\Program Files (x86)\NVIDIA Corporation\PhysX\Common;C:\Program Files\NVIDIA Corporation\NVIDIA NvDLISR;C:\Program Files (x86)\Intel\Intel(R) Management Engine Components\DAL;C:\Program Files\Intel\Intel(R) Management Engine Components\DAL;C:\Program Files\Intel\WiFi\bin\;C:\Program Files\Common Files\Intel\WirelessCommon\;C:\WINDOWS\system32;C:\WINDOWS;C:\WINDOWS\System32\Wbem;C:\WINDOWS\System32\WindowsPowerShell\v1.0\;C:\WINDOWS\System32\OpenSSH\;C:\Program Files (x86)\IVI Foundation\VISA\WinNT\Bin;C:\Program Files\Common Files\Autodesk Shared\;C:\Program Files\Microsoft SQL Server\120\Tools\Binn\;C:\Program Files (x86)\Common Files\Oracle\Java\javapath;C:\Program Files\MATLAB\R2019b\bin;C:\mingw\mingw64\bin;C:\Program Files\Git\cmd;C:\Users\alanj\AppData\Local\Microsoft\WindowsApps;C:\Program Files\JetBrains\IntelliJ IDEA Community Edition 2019.3.3\bin;;C:\Program Files\JetBrains\CLion 2019.3.4\bin;;C:\Program Files (x86)\FAHClient
USERNAME=alanj
OS=Windows_NT
PROCESSOR_IDENTIFIER=Intel64 Family 6 Model 158 Stepping 12, GenuineIntel



---------------  S Y S T E M  ---------------

OS: Windows 10 , 64 bit Build 18362 (10.0.18362.329)

CPU:total 16 (initial active 16) (8 cores per cpu, 2 threads per core) family 6 model 158 stepping 12, cmov, cx8, fxsr, mmx, sse, sse2, sse3, ssse3, sse4.1, sse4.2, popcnt, avx, avx2, aes, clmul, erms, rtm, 3dnowpref, lzcnt, ht, tsc, tscinvbit, bmi1, bmi2, adx, fma

Memory: 4k page, system-wide physical 32693M (19463M free)
TotalPageFile size 37557M (AvailPageFile size 19987M)
current process WorkingSet (physical memory assigned to process): 417M, peak: 449M
current process commit charge ("private bytes"): 697M, peak: 764M

vm_info: Java HotSpot(TM) 64-Bit Server VM (13.0.2+8) for windows-amd64 JRE (13.0.2+8), built on Dec 11 2019 09:20:33 by "mach5one" with unknown MS VC++:1916

END.
