#
# A fatal error has been detected by the Java Runtime Environment:
#
#  EXCEPTION_ACCESS_VIOLATION (0xc0000005) at pc=0x00007ffa658a4013, pid=36064, tid=30656
#
# JRE version: Java(TM) SE Runtime Environment (13.0.2+8) (build 13.0.2+8)
# Java VM: Java HotSpot(TM) 64-Bit Server VM (13.0.2+8, mixed mode, sharing, tiered, compressed oops, g1 gc, windows-amd64)
# Problematic frame:
# C  [nvoglv64.dll+0x6c4013]
#
# No core dump will be written. Minidumps are not enabled by default on client versions of Windows
#
# If you would like to submit a bug report, please visit:
#   http://bugreport.java.com/bugreport/crash.jsp
# The crash happened outside the Java Virtual Machine in native code.
# See problematic frame for where to report the bug.
#

---------------  S U M M A R Y ------------

Command Line: -Dvisualvm.id=654814184815100 -javaagent:C:\Program Files\JetBrains\IntelliJ IDEA Community Edition 2019.3.3\lib\idea_rt.jar=59267:C:\Program Files\JetBrains\IntelliJ IDEA Community Edition 2019.3.3\bin -Dfile.encoding=UTF-8 main.Main

Host: Intel(R) Core(TM) i9-9900K CPU @ 3.60GHz, 16 cores, 31G,  Windows 10 , 64 bit Build 18362 (10.0.18362.329)
Time: Mon Apr  6 00:52:59 2020 Eastern Daylight Time elapsed time: 1 seconds (0d 0h 0m 1s)

---------------  T H R E A D  ---------------

Current thread (0x000001f9a00ff800):  JavaThread "OpenGL Rendered" [_thread_in_native, id=30656, stack(0x0000009067800000,0x0000009067900000)]

Stack: [0x0000009067800000,0x0000009067900000],  sp=0x00000090678feab0,  free space=1018k
Native frames: (J=compiled Java code, j=interpreted, Vv=VM code, C=native code)
C  [nvoglv64.dll+0x6c4013]

Java frames: (J=compiled Java code, j=interpreted, Vv=VM code)
j  org.lwjgl.opengl.GL11C.nglDrawElements(IIIJ)V+0
j  org.lwjgl.opengl.GL11C.glDrawElements(IIIJ)V+4
j  org.lwjgl.opengl.GL11.glDrawElements(IIIJ)V+4
j  models.DataStructure.Mesh.MeshLWJGL.render()V+21
j  rendering.RenderingEngineLWJGL.render(Ljava/util/List;)V+99
j  main.GameLWJGL.render()V+11
j  main.Game.runGame()V+114
j  main.Game.run()V+1
j  java.lang.Thread.run()V+11 java.base@13.0.2
v  ~StubRoutines::call_stub

siginfo: EXCEPTION_ACCESS_VIOLATION (0xc0000005), reading address 0x0000000000000000


Register to memory mapping:

RIP=0x00007ffa658a4013 nvoglv64.dll
RAX=0x0 is NULL
RBX=0x0 is NULL
RCX=0x00000000fffffb96 is an unknown value
RDX=0x000001f9a876f670 points into unknown readable memory: 00 00 00 00 00 00 00 00
RSP=0x00000090678feab0 is pointing into the stack for thread: 0x000001f9a00ff800
RBP=0x0000000000008d8c is an unknown value
RSI=0x0000000000002358 is an unknown value
RDI=0x000001f9a16c0080 points into unknown readable memory: 00 00 00 00 00 00 00 00
R8 =0x0000000000000008 is an unknown value
R9 =0x000001f9a876f650 points into unknown readable memory: 06 60 6c 04 04 00 00 00
R10=0x0000000000008d60 is an unknown value
R11=0x000001f9a876f668 points into unknown readable memory: 00 00 00 00 00 00 00 00
R12=0x000001f9a876f670 points into unknown readable memory: 00 00 00 00 00 00 00 00
R13=0x0000000000001405 is an unknown value
R14=0x0 is NULL
R15=0x000000000000046a is an unknown value


Registers:
RAX=0x0000000000000000, RBX=0x0000000000000000, RCX=0x00000000fffffb96, RDX=0x000001f9a876f670
RSP=0x00000090678feab0, RBP=0x0000000000008d8c, RSI=0x0000000000002358, RDI=0x000001f9a16c0080
R8 =0x0000000000000008, R9 =0x000001f9a876f650, R10=0x0000000000008d60, R11=0x000001f9a876f668
R12=0x000001f9a876f670, R13=0x0000000000001405, R14=0x0000000000000000, R15=0x000000000000046a
RIP=0x00007ffa658a4013, EFLAGS=0x0000000000010297

Top of Stack: (sp=0x00000090678feab0)
0x00000090678feab0:   0000000000000000 00007ffa683d4800
0x00000090678feac0:   0000000000000004 00007ffa683d48d5
0x00000090678fead0:   00000090678fead0 0000000000000000
0x00000090678feae0:   00000090678feb58 00007ffa658d04d0
0x00000090678feaf0:   00000000ffffffff 0000000000000000
0x00000090678feb00:   0000000000000000 0000000000000000
0x00000090678feb10:   00000090678fec10 000001f99fab69b8
0x00000090678feb20:   0000000000000000 000001f98000a273
0x00000090678feb30:   0000000800bab620 000001f98000f4f7
0x00000090678feb40:   00000090678febd0 000001f900008d60
0x00000090678feb50:   000001f9a00ff800 000001f99fab69b8
0x00000090678feb60:   0000009000001405 0000000000000000
0x00000090678feb70:   000001f980009d50 000001f9a0196140
0x00000090678feb80:   00000090678feb80 00000090678feb88
0x00000090678feb90:   0000000000000000 00000090678fec10
0x00000090678feba0:   000001f9a9781790 0000000000000000 

Instructions: (pc=0x00007ffa658a4013)
0x00007ffa658a3f13:   50 38 00 48 8b ac 24 90 00 00 00 4c 8b bc 24 a0
0x00007ffa658a3f23:   00 00 00 48 8b 9c 24 a8 00 00 00 48 83 c4 60 41
0x00007ffa658a3f33:   5e 41 5d 41 5c 5f 5e c3 4c 8b 4f 40 8b c3 48 8b
0x00007ffa658a3f43:   4f 50 49 2b c9 48 c1 f9 02 85 c9 0f 49 c1 c1 e0
0x00007ffa658a3f53:   02 3b e8 72 16 8b d5 48 8b cf e8 9e 29 1f 00 4c
0x00007ffa658a3f63:   8b 4f 40 44 8b 94 24 98 00 00 00 8b c5 45 89 61
0x00007ffa658a3f73:   04 c1 e0 0b 83 c8 06 41 89 71 08 41 89 01 45 89
0x00007ffa658a3f83:   69 0c 4d 89 71 10 45 84 ff 0f 84 07 01 00 00 4c
0x00007ffa658a3f93:   8b 5f 40 41 8d 4e 0f 83 e1 f0 49 83 c3 18 41 2b
0x00007ffa658a3fa3:   ce 0f 57 db d1 f9 49 8b c6 44 8b c6 66 0f 7f 5c
0x00007ffa658a3fb3:   24 50 49 8d 53 04 03 ca 49 8d 53 04 f7 d9 83 e1
0x00007ffa658a3fc3:   0f 48 03 d1 4c 8b e2 41 f6 c6 0f 74 1b 45 85 c0
0x00007ffa658a3fd3:   74 16 8b 08 41 ff c8 66 89 0a 0b d9 48 83 c2 02
0x00007ffa658a3fe3:   48 83 c0 04 a8 0f 75 e5 41 83 f8 08 7e 66 66 0f
0x00007ffa658a3ff3:   6f 25 d7 07 5f 01 41 8d 48 f7 66 0f 6f 2d db 07
0x00007ffa658a4003:   5f 01 c1 e9 03 ff c1 44 8b f9 f7 d9 45 8d 04 c8
0x00007ffa658a4013:   f3 0f 6f 10 f3 0f 6f 48 10 66 0f 6f c2 66 0f eb
0x00007ffa658a4023:   c3 48 83 c0 20 66 0f 6f d8 66 0f eb d9 0f 18 00
0x00007ffa658a4033:   66 0f fe d4 66 0f fe cc 66 0f 6b d1 66 0f fd d5
0x00007ffa658a4043:   f3 0f 7f 12 48 83 c2 10 49 83 ef 01 75 c2 66 0f
0x00007ffa658a4053:   7f 5c 24 50 8b 4c 24 5c 0b 4c 24 58 0b 4c 24 54
0x00007ffa658a4063:   0b 4c 24 50 0b d9 45 85 c0 74 17 66 90 8b 08 0b
0x00007ffa658a4073:   d9 66 89 0a 48 8d 52 02 48 8d 40 04 41 83 e8 01
0x00007ffa658a4083:   75 eb 45 2b e3 45 89 23 f7 c3 00 00 ff ff 74 46
0x00007ffa658a4093:   ff 87 2c f0 55 00 48 8b 5f 40 49 8b d6 4d 63 c2
0x00007ffa658a40a3:   48 8d 4b 1c e8 14 42 92 00 c7 43 18 04 00 00 00
0x00007ffa658a40b3:   48 63 c5 48 83 e0 fc 48 01 47 40 48 8b 47 40 48
0x00007ffa658a40c3:   3b 47 48 0f 82 4a fe ff ff 48 8b cf e8 6c 24 1f
0x00007ffa658a40d3:   00 e9 3d fe ff ff 41 c7 41 0c 03 14 00 00 41 8b
0x00007ffa658a40e3:   2b 48 8b 47 40 83 c5 03 8d 6c 75 00 83 e5 fc 83
0x00007ffa658a40f3:   c5 18 8b cd c1 e1 0b 83 c9 06 89 08 8b 87 2c f0
0x00007ffa658a4103:   55 00 85 c0 74 aa ff c8 89 87 2c f0 55 00 eb a0 


Stack slot to memory mapping:
stack at sp + 0 slots: 0x0 is NULL
stack at sp + 1 slots: 0x00007ffa683d4800 jvm.dll
stack at sp + 2 slots: 0x0000000000000004 is an unknown value
stack at sp + 3 slots: 0x00007ffa683d48d5 jvm.dll
stack at sp + 4 slots: 0x00000090678fead0 is pointing into the stack for thread: 0x000001f9a00ff800
stack at sp + 5 slots: 0x0 is NULL
stack at sp + 6 slots: 0x00000090678feb58 is pointing into the stack for thread: 0x000001f9a00ff800
stack at sp + 7 slots: 0x00007ffa658d04d0 nvoglv64.dll


---------------  P R O C E S S  ---------------

Threads class SMR info:
_java_thread_list=0x000001f9a8d9d820, length=16, elements={
0x000001f99fbf4800, 0x000001f99fbf7800, 0x000001f99fc0f800, 0x000001f99fc12000,
0x000001f99fc14000, 0x000001f99fc15000, 0x000001f99fc1e000, 0x000001f99fd5c000,
0x000001f99fd63000, 0x000001f9a00c4800, 0x000001f9a0053000, 0x000001f9a00ff800,
0x000001f9f12b3800, 0x000001f9a8a65800, 0x000001f9a884f000, 0x000001f9b42d2000
}

Java Threads: ( => current thread )
  0x000001f99fbf4800 JavaThread "Reference Handler" daemon [_thread_blocked, id=28456, stack(0x0000009066a00000,0x0000009066b00000)]
  0x000001f99fbf7800 JavaThread "Finalizer" daemon [_thread_blocked, id=2192, stack(0x0000009066b00000,0x0000009066c00000)]
  0x000001f99fc0f800 JavaThread "Signal Dispatcher" daemon [_thread_blocked, id=788, stack(0x0000009066c00000,0x0000009066d00000)]
  0x000001f99fc12000 JavaThread "Attach Listener" daemon [_thread_blocked, id=16092, stack(0x0000009066d00000,0x0000009066e00000)]
  0x000001f99fc14000 JavaThread "C2 CompilerThread0" daemon [_thread_blocked, id=16328, stack(0x0000009066e00000,0x0000009066f00000)]
  0x000001f99fc15000 JavaThread "C1 CompilerThread0" daemon [_thread_blocked, id=30576, stack(0x0000009066f00000,0x0000009067000000)]
  0x000001f99fc1e000 JavaThread "Sweeper thread" daemon [_thread_blocked, id=36692, stack(0x0000009067000000,0x0000009067100000)]
  0x000001f99fd5c000 JavaThread "Common-Cleaner" daemon [_thread_blocked, id=29928, stack(0x0000009067100000,0x0000009067200000)]
  0x000001f99fd63000 JavaThread "C1 CompilerThread1" daemon [_thread_blocked, id=33928, stack(0x0000009067200000,0x0000009067300000)]
  0x000001f9a00c4800 JavaThread "Monitor Ctrl-Break" daemon [_thread_in_native, id=12688, stack(0x0000009067500000,0x0000009067600000)]
  0x000001f9a0053000 JavaThread "Service Thread" daemon [_thread_blocked, id=24760, stack(0x0000009067600000,0x0000009067700000)]
=>0x000001f9a00ff800 JavaThread "OpenGL Rendered" [_thread_in_native, id=30656, stack(0x0000009067800000,0x0000009067900000)]
  0x000001f9f12b3800 JavaThread "DestroyJavaVM" [_thread_blocked, id=34064, stack(0x0000009066300000,0x0000009066400000)]
  0x000001f9a8a65800 JavaThread "C1 CompilerThread2" daemon [_thread_blocked, id=33520, stack(0x0000009067400000,0x0000009067500000)]
  0x000001f9a884f000 JavaThread "C1 CompilerThread3" daemon [_thread_blocked, id=25340, stack(0x0000009068000000,0x0000009068100000)]
  0x000001f9b42d2000 JavaThread "Thread-0" daemon [_thread_in_native, id=27624, stack(0x0000009067c00000,0x0000009067d00000)]

Other Threads:
  0x000001f99fbf2000 VMThread "VM Thread" [stack: 0x0000009066900000,0x0000009066a00000] [id=2352]
  0x000001f9a00b0000 WatcherThread [stack: 0x0000009067700000,0x0000009067800000] [id=9684]
  0x000001f9f133d800 GCTaskThread "GC Thread#0" [stack: 0x0000009066400000,0x0000009066500000] [id=21776]
  0x000001f9a885b800 GCTaskThread "GC Thread#1" [stack: 0x0000009068100000,0x0000009068200000] [id=34848]
  0x000001f9a8b89800 GCTaskThread "GC Thread#2" [stack: 0x0000009068200000,0x0000009068300000] [id=35884]
  0x000001f9a8b75800 GCTaskThread "GC Thread#3" [stack: 0x0000009068300000,0x0000009068400000] [id=30480]
  0x000001f9a015b000 GCTaskThread "GC Thread#4" [stack: 0x0000009068400000,0x0000009068500000] [id=31748]
  0x000001f9a015b800 GCTaskThread "GC Thread#5" [stack: 0x0000009068500000,0x0000009068600000] [id=26320]
  0x000001f9a8ddf800 GCTaskThread "GC Thread#6" [stack: 0x0000009068600000,0x0000009068700000] [id=21960]
  0x000001f9a8de4000 GCTaskThread "GC Thread#7" [stack: 0x0000009068700000,0x0000009068800000] [id=35444]
  0x000001f9a8de7800 GCTaskThread "GC Thread#8" [stack: 0x0000009068800000,0x0000009068900000] [id=29952]
  0x000001f9a8de8000 GCTaskThread "GC Thread#9" [stack: 0x0000009068900000,0x0000009068a00000] [id=19676]
  0x000001f9a8de9000 GCTaskThread "GC Thread#10" [stack: 0x0000009068a00000,0x0000009068b00000] [id=15100]
  0x000001f9a8df0000 GCTaskThread "GC Thread#11" [stack: 0x0000009068b00000,0x0000009068c00000] [id=21508]
  0x000001f9f1360800 ConcurrentGCThread "G1 Main Marker" [stack: 0x0000009066500000,0x0000009066600000] [id=25492]
  0x000001f9f1361800 ConcurrentGCThread "G1 Conc#0" [stack: 0x0000009066600000,0x0000009066700000] [id=14100]
  0x000001f9ffaed800 ConcurrentGCThread "G1 Refine#0" [stack: 0x0000009066700000,0x0000009066800000] [id=15988]
  0x000001f9ffaef800 ConcurrentGCThread "G1 Young RemSet Sampling" [stack: 0x0000009066800000,0x0000009066900000] [id=16684]

Threads with active compile tasks:

VM state:not at safepoint (normal execution)

VM Mutex/Monitor currently owned by a thread: None

Heap address: 0x0000000601200000, size: 8174 MB, Compressed Oops mode: Zero based, Oop shift amount: 3
Narrow klass base: 0x0000000800000000, Narrow klass shift: 3
Compressed class space size: 1073741824 Address: 0x0000000800b40000

Heap:
 garbage-first heap   total 524288K, used 196943K [0x0000000601200000, 0x0000000800000000)
  region size 2048K, 98 young (200704K), 2 survivors (4096K)
 Metaspace       used 7385K, capacity 9159K, committed 9472K, reserved 1058816K
  class space    used 428K, capacity 676K, committed 768K, reserved 1048576K
Heap Regions: E=young(eden), S=young(survivor), O=old, HS=humongous(starts), HC=humongous(continues), CS=collection set, F=free, A=archive, TAMS=top-at-mark-start (previous, next)
|   0|0x0000000601200000, 0x0000000601200000, 0x0000000601400000|  0%| F|  |TAMS 0x0000000601200000, 0x0000000601200000| Untracked 
|   1|0x0000000601400000, 0x0000000601400000, 0x0000000601600000|  0%| F|  |TAMS 0x0000000601400000, 0x0000000601400000| Untracked 
|   2|0x0000000601600000, 0x0000000601600000, 0x0000000601800000|  0%| F|  |TAMS 0x0000000601600000, 0x0000000601600000| Untracked 
|   3|0x0000000601800000, 0x0000000601800000, 0x0000000601a00000|  0%| F|  |TAMS 0x0000000601800000, 0x0000000601800000| Untracked 
|   4|0x0000000601a00000, 0x0000000601a00000, 0x0000000601c00000|  0%| F|  |TAMS 0x0000000601a00000, 0x0000000601a00000| Untracked 
|   5|0x0000000601c00000, 0x0000000601c00000, 0x0000000601e00000|  0%| F|  |TAMS 0x0000000601c00000, 0x0000000601c00000| Untracked 
|   6|0x0000000601e00000, 0x0000000601e00000, 0x0000000602000000|  0%| F|  |TAMS 0x0000000601e00000, 0x0000000601e00000| Untracked 
|   7|0x0000000602000000, 0x0000000602000000, 0x0000000602200000|  0%| F|  |TAMS 0x0000000602000000, 0x0000000602000000| Untracked 
|   8|0x0000000602200000, 0x0000000602200000, 0x0000000602400000|  0%| F|  |TAMS 0x0000000602200000, 0x0000000602200000| Untracked 
|   9|0x0000000602400000, 0x0000000602400000, 0x0000000602600000|  0%| F|  |TAMS 0x0000000602400000, 0x0000000602400000| Untracked 
|  10|0x0000000602600000, 0x0000000602600000, 0x0000000602800000|  0%| F|  |TAMS 0x0000000602600000, 0x0000000602600000| Untracked 
|  11|0x0000000602800000, 0x0000000602800000, 0x0000000602a00000|  0%| F|  |TAMS 0x0000000602800000, 0x0000000602800000| Untracked 
|  12|0x0000000602a00000, 0x0000000602a00000, 0x0000000602c00000|  0%| F|  |TAMS 0x0000000602a00000, 0x0000000602a00000| Untracked 
|  13|0x0000000602c00000, 0x0000000602c00000, 0x0000000602e00000|  0%| F|  |TAMS 0x0000000602c00000, 0x0000000602c00000| Untracked 
|  14|0x0000000602e00000, 0x0000000602e00000, 0x0000000603000000|  0%| F|  |TAMS 0x0000000602e00000, 0x0000000602e00000| Untracked 
|  15|0x0000000603000000, 0x0000000603000000, 0x0000000603200000|  0%| F|  |TAMS 0x0000000603000000, 0x0000000603000000| Untracked 
|  16|0x0000000603200000, 0x0000000603200000, 0x0000000603400000|  0%| F|  |TAMS 0x0000000603200000, 0x0000000603200000| Untracked 
|  17|0x0000000603400000, 0x0000000603400000, 0x0000000603600000|  0%| F|  |TAMS 0x0000000603400000, 0x0000000603400000| Untracked 
|  18|0x0000000603600000, 0x0000000603600000, 0x0000000603800000|  0%| F|  |TAMS 0x0000000603600000, 0x0000000603600000| Untracked 
|  19|0x0000000603800000, 0x0000000603800000, 0x0000000603a00000|  0%| F|  |TAMS 0x0000000603800000, 0x0000000603800000| Untracked 
|  20|0x0000000603a00000, 0x0000000603a00000, 0x0000000603c00000|  0%| F|  |TAMS 0x0000000603a00000, 0x0000000603a00000| Untracked 
|  21|0x0000000603c00000, 0x0000000603c00000, 0x0000000603e00000|  0%| F|  |TAMS 0x0000000603c00000, 0x0000000603c00000| Untracked 
|  22|0x0000000603e00000, 0x0000000603e00000, 0x0000000604000000|  0%| F|  |TAMS 0x0000000603e00000, 0x0000000603e00000| Untracked 
|  23|0x0000000604000000, 0x0000000604000000, 0x0000000604200000|  0%| F|  |TAMS 0x0000000604000000, 0x0000000604000000| Untracked 
|  24|0x0000000604200000, 0x0000000604200000, 0x0000000604400000|  0%| F|  |TAMS 0x0000000604200000, 0x0000000604200000| Untracked 
|  25|0x0000000604400000, 0x0000000604400000, 0x0000000604600000|  0%| F|  |TAMS 0x0000000604400000, 0x0000000604400000| Untracked 
|  26|0x0000000604600000, 0x0000000604600000, 0x0000000604800000|  0%| F|  |TAMS 0x0000000604600000, 0x0000000604600000| Untracked 
|  27|0x0000000604800000, 0x0000000604800000, 0x0000000604a00000|  0%| F|  |TAMS 0x0000000604800000, 0x0000000604800000| Untracked 
|  28|0x0000000604a00000, 0x0000000604a00000, 0x0000000604c00000|  0%| F|  |TAMS 0x0000000604a00000, 0x0000000604a00000| Untracked 
|  29|0x0000000604c00000, 0x0000000604c00000, 0x0000000604e00000|  0%| F|  |TAMS 0x0000000604c00000, 0x0000000604c00000| Untracked 
|  30|0x0000000604e00000, 0x0000000604e00000, 0x0000000605000000|  0%| F|  |TAMS 0x0000000604e00000, 0x0000000604e00000| Untracked 
|  31|0x0000000605000000, 0x0000000605000000, 0x0000000605200000|  0%| F|  |TAMS 0x0000000605000000, 0x0000000605000000| Untracked 
|  32|0x0000000605200000, 0x0000000605200000, 0x0000000605400000|  0%| F|  |TAMS 0x0000000605200000, 0x0000000605200000| Untracked 
|  33|0x0000000605400000, 0x0000000605400000, 0x0000000605600000|  0%| F|  |TAMS 0x0000000605400000, 0x0000000605400000| Untracked 
|  34|0x0000000605600000, 0x0000000605600000, 0x0000000605800000|  0%| F|  |TAMS 0x0000000605600000, 0x0000000605600000| Untracked 
|  35|0x0000000605800000, 0x0000000605800000, 0x0000000605a00000|  0%| F|  |TAMS 0x0000000605800000, 0x0000000605800000| Untracked 
|  36|0x0000000605a00000, 0x0000000605a00000, 0x0000000605c00000|  0%| F|  |TAMS 0x0000000605a00000, 0x0000000605a00000| Untracked 
|  37|0x0000000605c00000, 0x0000000605c00000, 0x0000000605e00000|  0%| F|  |TAMS 0x0000000605c00000, 0x0000000605c00000| Untracked 
|  38|0x0000000605e00000, 0x0000000605e00000, 0x0000000606000000|  0%| F|  |TAMS 0x0000000605e00000, 0x0000000605e00000| Untracked 
|  39|0x0000000606000000, 0x0000000606000000, 0x0000000606200000|  0%| F|  |TAMS 0x0000000606000000, 0x0000000606000000| Untracked 
|  40|0x0000000606200000, 0x0000000606200000, 0x0000000606400000|  0%| F|  |TAMS 0x0000000606200000, 0x0000000606200000| Untracked 
|  41|0x0000000606400000, 0x0000000606400000, 0x0000000606600000|  0%| F|  |TAMS 0x0000000606400000, 0x0000000606400000| Untracked 
|  42|0x0000000606600000, 0x0000000606600000, 0x0000000606800000|  0%| F|  |TAMS 0x0000000606600000, 0x0000000606600000| Untracked 
|  43|0x0000000606800000, 0x0000000606800000, 0x0000000606a00000|  0%| F|  |TAMS 0x0000000606800000, 0x0000000606800000| Untracked 
|  44|0x0000000606a00000, 0x0000000606a00000, 0x0000000606c00000|  0%| F|  |TAMS 0x0000000606a00000, 0x0000000606a00000| Untracked 
|  45|0x0000000606c00000, 0x0000000606c00000, 0x0000000606e00000|  0%| F|  |TAMS 0x0000000606c00000, 0x0000000606c00000| Untracked 
|  46|0x0000000606e00000, 0x0000000606e00000, 0x0000000607000000|  0%| F|  |TAMS 0x0000000606e00000, 0x0000000606e00000| Untracked 
|  47|0x0000000607000000, 0x0000000607000000, 0x0000000607200000|  0%| F|  |TAMS 0x0000000607000000, 0x0000000607000000| Untracked 
|  48|0x0000000607200000, 0x0000000607200000, 0x0000000607400000|  0%| F|  |TAMS 0x0000000607200000, 0x0000000607200000| Untracked 
|  49|0x0000000607400000, 0x0000000607400000, 0x0000000607600000|  0%| F|  |TAMS 0x0000000607400000, 0x0000000607400000| Untracked 
|  50|0x0000000607600000, 0x0000000607600000, 0x0000000607800000|  0%| F|  |TAMS 0x0000000607600000, 0x0000000607600000| Untracked 
|  51|0x0000000607800000, 0x0000000607800000, 0x0000000607a00000|  0%| F|  |TAMS 0x0000000607800000, 0x0000000607800000| Untracked 
|  52|0x0000000607a00000, 0x0000000607a00000, 0x0000000607c00000|  0%| F|  |TAMS 0x0000000607a00000, 0x0000000607a00000| Untracked 
|  53|0x0000000607c00000, 0x0000000607c00000, 0x0000000607e00000|  0%| F|  |TAMS 0x0000000607c00000, 0x0000000607c00000| Untracked 
|  54|0x0000000607e00000, 0x0000000607e00000, 0x0000000608000000|  0%| F|  |TAMS 0x0000000607e00000, 0x0000000607e00000| Untracked 
|  55|0x0000000608000000, 0x0000000608000000, 0x0000000608200000|  0%| F|  |TAMS 0x0000000608000000, 0x0000000608000000| Untracked 
|  56|0x0000000608200000, 0x0000000608200000, 0x0000000608400000|  0%| F|  |TAMS 0x0000000608200000, 0x0000000608200000| Untracked 
|  57|0x0000000608400000, 0x0000000608400000, 0x0000000608600000|  0%| F|  |TAMS 0x0000000608400000, 0x0000000608400000| Untracked 
|  58|0x0000000608600000, 0x0000000608600000, 0x0000000608800000|  0%| F|  |TAMS 0x0000000608600000, 0x0000000608600000| Untracked 
|  59|0x0000000608800000, 0x0000000608800000, 0x0000000608a00000|  0%| F|  |TAMS 0x0000000608800000, 0x0000000608800000| Untracked 
|  60|0x0000000608a00000, 0x0000000608a00000, 0x0000000608c00000|  0%| F|  |TAMS 0x0000000608a00000, 0x0000000608a00000| Untracked 
|  61|0x0000000608c00000, 0x0000000608c00000, 0x0000000608e00000|  0%| F|  |TAMS 0x0000000608c00000, 0x0000000608c00000| Untracked 
|  62|0x0000000608e00000, 0x0000000608e00000, 0x0000000609000000|  0%| F|  |TAMS 0x0000000608e00000, 0x0000000608e00000| Untracked 
|  63|0x0000000609000000, 0x0000000609000000, 0x0000000609200000|  0%| F|  |TAMS 0x0000000609000000, 0x0000000609000000| Untracked 
|  64|0x0000000609200000, 0x0000000609200000, 0x0000000609400000|  0%| F|  |TAMS 0x0000000609200000, 0x0000000609200000| Untracked 
|  65|0x0000000609400000, 0x0000000609400000, 0x0000000609600000|  0%| F|  |TAMS 0x0000000609400000, 0x0000000609400000| Untracked 
|  66|0x0000000609600000, 0x0000000609600000, 0x0000000609800000|  0%| F|  |TAMS 0x0000000609600000, 0x0000000609600000| Untracked 
|  67|0x0000000609800000, 0x0000000609800000, 0x0000000609a00000|  0%| F|  |TAMS 0x0000000609800000, 0x0000000609800000| Untracked 
|  68|0x0000000609a00000, 0x0000000609a00000, 0x0000000609c00000|  0%| F|  |TAMS 0x0000000609a00000, 0x0000000609a00000| Untracked 
|  69|0x0000000609c00000, 0x0000000609c00000, 0x0000000609e00000|  0%| F|  |TAMS 0x0000000609c00000, 0x0000000609c00000| Untracked 
|  70|0x0000000609e00000, 0x0000000609e00000, 0x000000060a000000|  0%| F|  |TAMS 0x0000000609e00000, 0x0000000609e00000| Untracked 
|  71|0x000000060a000000, 0x000000060a000000, 0x000000060a200000|  0%| F|  |TAMS 0x000000060a000000, 0x000000060a000000| Untracked 
|  72|0x000000060a200000, 0x000000060a200000, 0x000000060a400000|  0%| F|  |TAMS 0x000000060a200000, 0x000000060a200000| Untracked 
|  73|0x000000060a400000, 0x000000060a400000, 0x000000060a600000|  0%| F|  |TAMS 0x000000060a400000, 0x000000060a400000| Untracked 
|  74|0x000000060a600000, 0x000000060a600000, 0x000000060a800000|  0%| F|  |TAMS 0x000000060a600000, 0x000000060a600000| Untracked 
|  75|0x000000060a800000, 0x000000060a800000, 0x000000060aa00000|  0%| F|  |TAMS 0x000000060a800000, 0x000000060a800000| Untracked 
|  76|0x000000060aa00000, 0x000000060aa00000, 0x000000060ac00000|  0%| F|  |TAMS 0x000000060aa00000, 0x000000060aa00000| Untracked 
|  77|0x000000060ac00000, 0x000000060ac00000, 0x000000060ae00000|  0%| F|  |TAMS 0x000000060ac00000, 0x000000060ac00000| Untracked 
|  78|0x000000060ae00000, 0x000000060ae00000, 0x000000060b000000|  0%| F|  |TAMS 0x000000060ae00000, 0x000000060ae00000| Untracked 
|  79|0x000000060b000000, 0x000000060b000000, 0x000000060b200000|  0%| F|  |TAMS 0x000000060b000000, 0x000000060b000000| Untracked 
|  80|0x000000060b200000, 0x000000060b200000, 0x000000060b400000|  0%| F|  |TAMS 0x000000060b200000, 0x000000060b200000| Untracked 
|  81|0x000000060b400000, 0x000000060b400000, 0x000000060b600000|  0%| F|  |TAMS 0x000000060b400000, 0x000000060b400000| Untracked 
|  82|0x000000060b600000, 0x000000060b600000, 0x000000060b800000|  0%| F|  |TAMS 0x000000060b600000, 0x000000060b600000| Untracked 
|  83|0x000000060b800000, 0x000000060b800000, 0x000000060ba00000|  0%| F|  |TAMS 0x000000060b800000, 0x000000060b800000| Untracked 
|  84|0x000000060ba00000, 0x000000060ba00000, 0x000000060bc00000|  0%| F|  |TAMS 0x000000060ba00000, 0x000000060ba00000| Untracked 
|  85|0x000000060bc00000, 0x000000060bc00000, 0x000000060be00000|  0%| F|  |TAMS 0x000000060bc00000, 0x000000060bc00000| Untracked 
|  86|0x000000060be00000, 0x000000060be00000, 0x000000060c000000|  0%| F|  |TAMS 0x000000060be00000, 0x000000060be00000| Untracked 
|  87|0x000000060c000000, 0x000000060c000000, 0x000000060c200000|  0%| F|  |TAMS 0x000000060c000000, 0x000000060c000000| Untracked 
|  88|0x000000060c200000, 0x000000060c200000, 0x000000060c400000|  0%| F|  |TAMS 0x000000060c200000, 0x000000060c200000| Untracked 
|  89|0x000000060c400000, 0x000000060c400000, 0x000000060c600000|  0%| F|  |TAMS 0x000000060c400000, 0x000000060c400000| Untracked 
|  90|0x000000060c600000, 0x000000060c600000, 0x000000060c800000|  0%| F|  |TAMS 0x000000060c600000, 0x000000060c600000| Untracked 
|  91|0x000000060c800000, 0x000000060c800000, 0x000000060ca00000|  0%| F|  |TAMS 0x000000060c800000, 0x000000060c800000| Untracked 
|  92|0x000000060ca00000, 0x000000060ca00000, 0x000000060cc00000|  0%| F|  |TAMS 0x000000060ca00000, 0x000000060ca00000| Untracked 
|  93|0x000000060cc00000, 0x000000060cc00000, 0x000000060ce00000|  0%| F|  |TAMS 0x000000060cc00000, 0x000000060cc00000| Untracked 
|  94|0x000000060ce00000, 0x000000060ce00000, 0x000000060d000000|  0%| F|  |TAMS 0x000000060ce00000, 0x000000060ce00000| Untracked 
|  95|0x000000060d000000, 0x000000060d000000, 0x000000060d200000|  0%| F|  |TAMS 0x000000060d000000, 0x000000060d000000| Untracked 
|  96|0x000000060d200000, 0x000000060d200000, 0x000000060d400000|  0%| F|  |TAMS 0x000000060d200000, 0x000000060d200000| Untracked 
|  97|0x000000060d400000, 0x000000060d400000, 0x000000060d600000|  0%| F|  |TAMS 0x000000060d400000, 0x000000060d400000| Untracked 
|  98|0x000000060d600000, 0x000000060d600000, 0x000000060d800000|  0%| F|  |TAMS 0x000000060d600000, 0x000000060d600000| Untracked 
|  99|0x000000060d800000, 0x000000060d800000, 0x000000060da00000|  0%| F|  |TAMS 0x000000060d800000, 0x000000060d800000| Untracked 
| 100|0x000000060da00000, 0x000000060da00000, 0x000000060dc00000|  0%| F|  |TAMS 0x000000060da00000, 0x000000060da00000| Untracked 
| 101|0x000000060dc00000, 0x000000060dc00000, 0x000000060de00000|  0%| F|  |TAMS 0x000000060dc00000, 0x000000060dc00000| Untracked 
| 102|0x000000060de00000, 0x000000060de00000, 0x000000060e000000|  0%| F|  |TAMS 0x000000060de00000, 0x000000060de00000| Untracked 
| 103|0x000000060e000000, 0x000000060e000000, 0x000000060e200000|  0%| F|  |TAMS 0x000000060e000000, 0x000000060e000000| Untracked 
| 104|0x000000060e200000, 0x000000060e200000, 0x000000060e400000|  0%| F|  |TAMS 0x000000060e200000, 0x000000060e200000| Untracked 
| 105|0x000000060e400000, 0x000000060e400000, 0x000000060e600000|  0%| F|  |TAMS 0x000000060e400000, 0x000000060e400000| Untracked 
| 106|0x000000060e600000, 0x000000060e600000, 0x000000060e800000|  0%| F|  |TAMS 0x000000060e600000, 0x000000060e600000| Untracked 
| 107|0x000000060e800000, 0x000000060e800000, 0x000000060ea00000|  0%| F|  |TAMS 0x000000060e800000, 0x000000060e800000| Untracked 
| 108|0x000000060ea00000, 0x000000060ea00000, 0x000000060ec00000|  0%| F|  |TAMS 0x000000060ea00000, 0x000000060ea00000| Untracked 
| 109|0x000000060ec00000, 0x000000060ec00000, 0x000000060ee00000|  0%| F|  |TAMS 0x000000060ec00000, 0x000000060ec00000| Untracked 
| 110|0x000000060ee00000, 0x000000060ee00000, 0x000000060f000000|  0%| F|  |TAMS 0x000000060ee00000, 0x000000060ee00000| Untracked 
| 111|0x000000060f000000, 0x000000060f000000, 0x000000060f200000|  0%| F|  |TAMS 0x000000060f000000, 0x000000060f000000| Untracked 
| 112|0x000000060f200000, 0x000000060f200000, 0x000000060f400000|  0%| F|  |TAMS 0x000000060f200000, 0x000000060f200000| Untracked 
| 113|0x000000060f400000, 0x000000060f400000, 0x000000060f600000|  0%| F|  |TAMS 0x000000060f400000, 0x000000060f400000| Untracked 
| 114|0x000000060f600000, 0x000000060f600000, 0x000000060f800000|  0%| F|  |TAMS 0x000000060f600000, 0x000000060f600000| Untracked 
| 115|0x000000060f800000, 0x000000060f800000, 0x000000060fa00000|  0%| F|  |TAMS 0x000000060f800000, 0x000000060f800000| Untracked 
| 116|0x000000060fa00000, 0x000000060fa00000, 0x000000060fc00000|  0%| F|  |TAMS 0x000000060fa00000, 0x000000060fa00000| Untracked 
| 117|0x000000060fc00000, 0x000000060fc00000, 0x000000060fe00000|  0%| F|  |TAMS 0x000000060fc00000, 0x000000060fc00000| Untracked 
| 118|0x000000060fe00000, 0x000000060fe00000, 0x0000000610000000|  0%| F|  |TAMS 0x000000060fe00000, 0x000000060fe00000| Untracked 
| 119|0x0000000610000000, 0x0000000610000000, 0x0000000610200000|  0%| F|  |TAMS 0x0000000610000000, 0x0000000610000000| Untracked 
| 120|0x0000000610200000, 0x0000000610200000, 0x0000000610400000|  0%| F|  |TAMS 0x0000000610200000, 0x0000000610200000| Untracked 
| 121|0x0000000610400000, 0x0000000610400000, 0x0000000610600000|  0%| F|  |TAMS 0x0000000610400000, 0x0000000610400000| Untracked 
| 122|0x0000000610600000, 0x0000000610600000, 0x0000000610800000|  0%| F|  |TAMS 0x0000000610600000, 0x0000000610600000| Untracked 
| 123|0x0000000610800000, 0x0000000610800000, 0x0000000610a00000|  0%| F|  |TAMS 0x0000000610800000, 0x0000000610800000| Untracked 
| 124|0x0000000610a00000, 0x0000000610a00000, 0x0000000610c00000|  0%| F|  |TAMS 0x0000000610a00000, 0x0000000610a00000| Untracked 
| 125|0x0000000610c00000, 0x0000000610c00000, 0x0000000610e00000|  0%| F|  |TAMS 0x0000000610c00000, 0x0000000610c00000| Untracked 
| 126|0x0000000610e00000, 0x0000000610e00000, 0x0000000611000000|  0%| F|  |TAMS 0x0000000610e00000, 0x0000000610e00000| Untracked 
| 127|0x0000000611000000, 0x0000000611000000, 0x0000000611200000|  0%| F|  |TAMS 0x0000000611000000, 0x0000000611000000| Untracked 
| 128|0x0000000611200000, 0x0000000611200000, 0x0000000611400000|  0%| F|  |TAMS 0x0000000611200000, 0x0000000611200000| Untracked 
| 129|0x0000000611400000, 0x0000000611400000, 0x0000000611600000|  0%| F|  |TAMS 0x0000000611400000, 0x0000000611400000| Untracked 
| 130|0x0000000611600000, 0x0000000611600000, 0x0000000611800000|  0%| F|  |TAMS 0x0000000611600000, 0x0000000611600000| Untracked 
| 131|0x0000000611800000, 0x0000000611800000, 0x0000000611a00000|  0%| F|  |TAMS 0x0000000611800000, 0x0000000611800000| Untracked 
| 132|0x0000000611a00000, 0x0000000611a00000, 0x0000000611c00000|  0%| F|  |TAMS 0x0000000611a00000, 0x0000000611a00000| Untracked 
| 133|0x0000000611c00000, 0x0000000611c00000, 0x0000000611e00000|  0%| F|  |TAMS 0x0000000611c00000, 0x0000000611c00000| Untracked 
| 134|0x0000000611e00000, 0x0000000611e00000, 0x0000000612000000|  0%| F|  |TAMS 0x0000000611e00000, 0x0000000611e00000| Untracked 
| 135|0x0000000612000000, 0x0000000612000000, 0x0000000612200000|  0%| F|  |TAMS 0x0000000612000000, 0x0000000612000000| Untracked 
| 136|0x0000000612200000, 0x0000000612200000, 0x0000000612400000|  0%| F|  |TAMS 0x0000000612200000, 0x0000000612200000| Untracked 
| 137|0x0000000612400000, 0x0000000612400000, 0x0000000612600000|  0%| F|  |TAMS 0x0000000612400000, 0x0000000612400000| Untracked 
| 138|0x0000000612600000, 0x0000000612600000, 0x0000000612800000|  0%| F|  |TAMS 0x0000000612600000, 0x0000000612600000| Untracked 
| 139|0x0000000612800000, 0x0000000612800000, 0x0000000612a00000|  0%| F|  |TAMS 0x0000000612800000, 0x0000000612800000| Untracked 
| 140|0x0000000612a00000, 0x0000000612a00000, 0x0000000612c00000|  0%| F|  |TAMS 0x0000000612a00000, 0x0000000612a00000| Untracked 
| 141|0x0000000612c00000, 0x0000000612c00000, 0x0000000612e00000|  0%| F|  |TAMS 0x0000000612c00000, 0x0000000612c00000| Untracked 
| 142|0x0000000612e00000, 0x0000000612e00000, 0x0000000613000000|  0%| F|  |TAMS 0x0000000612e00000, 0x0000000612e00000| Untracked 
| 143|0x0000000613000000, 0x0000000613000000, 0x0000000613200000|  0%| F|  |TAMS 0x0000000613000000, 0x0000000613000000| Untracked 
| 144|0x0000000613200000, 0x0000000613200000, 0x0000000613400000|  0%| F|  |TAMS 0x0000000613200000, 0x0000000613200000| Untracked 
| 145|0x0000000613400000, 0x0000000613400000, 0x0000000613600000|  0%| F|  |TAMS 0x0000000613400000, 0x0000000613400000| Untracked 
| 146|0x0000000613600000, 0x0000000613600000, 0x0000000613800000|  0%| F|  |TAMS 0x0000000613600000, 0x0000000613600000| Untracked 
| 147|0x0000000613800000, 0x0000000613800000, 0x0000000613a00000|  0%| F|  |TAMS 0x0000000613800000, 0x0000000613800000| Untracked 
| 148|0x0000000613a00000, 0x0000000613a00000, 0x0000000613c00000|  0%| F|  |TAMS 0x0000000613a00000, 0x0000000613a00000| Untracked 
| 149|0x0000000613c00000, 0x0000000613c00000, 0x0000000613e00000|  0%| F|  |TAMS 0x0000000613c00000, 0x0000000613c00000| Untracked 
| 150|0x0000000613e00000, 0x0000000613e00000, 0x0000000614000000|  0%| F|  |TAMS 0x0000000613e00000, 0x0000000613e00000| Untracked 
| 151|0x0000000614000000, 0x0000000614000000, 0x0000000614200000|  0%| F|  |TAMS 0x0000000614000000, 0x0000000614000000| Untracked 
| 152|0x0000000614200000, 0x0000000614200000, 0x0000000614400000|  0%| F|  |TAMS 0x0000000614200000, 0x0000000614200000| Untracked 
| 153|0x0000000614400000, 0x0000000614400000, 0x0000000614600000|  0%| F|  |TAMS 0x0000000614400000, 0x0000000614400000| Untracked 
| 154|0x0000000614600000, 0x0000000614600000, 0x0000000614800000|  0%| F|  |TAMS 0x0000000614600000, 0x0000000614600000| Untracked 
| 155|0x0000000614800000, 0x0000000614800000, 0x0000000614a00000|  0%| F|  |TAMS 0x0000000614800000, 0x0000000614800000| Untracked 
| 156|0x0000000614a00000, 0x0000000614a00000, 0x0000000614c00000|  0%| F|  |TAMS 0x0000000614a00000, 0x0000000614a00000| Untracked 
| 157|0x0000000614c00000, 0x0000000614c00000, 0x0000000614e00000|  0%| F|  |TAMS 0x0000000614c00000, 0x0000000614c00000| Untracked 
| 158|0x0000000614e00000, 0x0000000614f00800, 0x0000000615000000| 50%| E|  |TAMS 0x0000000614e00000, 0x0000000614e00000| Complete 
| 159|0x0000000615000000, 0x0000000615200000, 0x0000000615200000|100%| E|CS|TAMS 0x0000000615000000, 0x0000000615000000| Complete 
| 160|0x0000000615200000, 0x0000000615400000, 0x0000000615400000|100%| E|CS|TAMS 0x0000000615200000, 0x0000000615200000| Complete 
| 161|0x0000000615400000, 0x0000000615600000, 0x0000000615600000|100%| E|CS|TAMS 0x0000000615400000, 0x0000000615400000| Complete 
| 162|0x0000000615600000, 0x0000000615800000, 0x0000000615800000|100%| E|CS|TAMS 0x0000000615600000, 0x0000000615600000| Complete 
| 163|0x0000000615800000, 0x0000000615a00000, 0x0000000615a00000|100%| E|CS|TAMS 0x0000000615800000, 0x0000000615800000| Complete 
| 164|0x0000000615a00000, 0x0000000615c00000, 0x0000000615c00000|100%| E|CS|TAMS 0x0000000615a00000, 0x0000000615a00000| Complete 
| 165|0x0000000615c00000, 0x0000000615e00000, 0x0000000615e00000|100%| E|CS|TAMS 0x0000000615c00000, 0x0000000615c00000| Complete 
| 166|0x0000000615e00000, 0x0000000616000000, 0x0000000616000000|100%| E|CS|TAMS 0x0000000615e00000, 0x0000000615e00000| Complete 
| 167|0x0000000616000000, 0x0000000616200000, 0x0000000616200000|100%| E|CS|TAMS 0x0000000616000000, 0x0000000616000000| Complete 
| 168|0x0000000616200000, 0x0000000616400000, 0x0000000616400000|100%| E|CS|TAMS 0x0000000616200000, 0x0000000616200000| Complete 
| 169|0x0000000616400000, 0x0000000616600000, 0x0000000616600000|100%| E|CS|TAMS 0x0000000616400000, 0x0000000616400000| Complete 
| 170|0x0000000616600000, 0x0000000616800000, 0x0000000616800000|100%| E|CS|TAMS 0x0000000616600000, 0x0000000616600000| Complete 
| 171|0x0000000616800000, 0x0000000616a00000, 0x0000000616a00000|100%| E|CS|TAMS 0x0000000616800000, 0x0000000616800000| Complete 
| 172|0x0000000616a00000, 0x0000000616c00000, 0x0000000616c00000|100%| E|CS|TAMS 0x0000000616a00000, 0x0000000616a00000| Complete 
| 173|0x0000000616c00000, 0x0000000616e00000, 0x0000000616e00000|100%| E|CS|TAMS 0x0000000616c00000, 0x0000000616c00000| Complete 
| 174|0x0000000616e00000, 0x0000000617000000, 0x0000000617000000|100%| E|CS|TAMS 0x0000000616e00000, 0x0000000616e00000| Complete 
| 175|0x0000000617000000, 0x0000000617200000, 0x0000000617200000|100%| E|CS|TAMS 0x0000000617000000, 0x0000000617000000| Complete 
| 176|0x0000000617200000, 0x0000000617400000, 0x0000000617400000|100%| E|CS|TAMS 0x0000000617200000, 0x0000000617200000| Complete 
| 177|0x0000000617400000, 0x0000000617600000, 0x0000000617600000|100%| E|CS|TAMS 0x0000000617400000, 0x0000000617400000| Complete 
| 178|0x0000000617600000, 0x0000000617800000, 0x0000000617800000|100%| E|CS|TAMS 0x0000000617600000, 0x0000000617600000| Complete 
| 179|0x0000000617800000, 0x0000000617a00000, 0x0000000617a00000|100%| E|CS|TAMS 0x0000000617800000, 0x0000000617800000| Complete 
| 180|0x0000000617a00000, 0x0000000617c00000, 0x0000000617c00000|100%| E|CS|TAMS 0x0000000617a00000, 0x0000000617a00000| Complete 
| 181|0x0000000617c00000, 0x0000000617e00000, 0x0000000617e00000|100%| E|CS|TAMS 0x0000000617c00000, 0x0000000617c00000| Complete 
| 182|0x0000000617e00000, 0x0000000618000000, 0x0000000618000000|100%| E|CS|TAMS 0x0000000617e00000, 0x0000000617e00000| Complete 
| 183|0x0000000618000000, 0x0000000618200000, 0x0000000618200000|100%| E|CS|TAMS 0x0000000618000000, 0x0000000618000000| Complete 
| 184|0x0000000618200000, 0x0000000618400000, 0x0000000618400000|100%| E|CS|TAMS 0x0000000618200000, 0x0000000618200000| Complete 
| 185|0x0000000618400000, 0x0000000618600000, 0x0000000618600000|100%| E|CS|TAMS 0x0000000618400000, 0x0000000618400000| Complete 
| 186|0x0000000618600000, 0x0000000618800000, 0x0000000618800000|100%| E|CS|TAMS 0x0000000618600000, 0x0000000618600000| Complete 
| 187|0x0000000618800000, 0x0000000618a00000, 0x0000000618a00000|100%| E|CS|TAMS 0x0000000618800000, 0x0000000618800000| Complete 
| 188|0x0000000618a00000, 0x0000000618c00000, 0x0000000618c00000|100%| E|CS|TAMS 0x0000000618a00000, 0x0000000618a00000| Complete 
| 189|0x0000000618c00000, 0x0000000618e00000, 0x0000000618e00000|100%| E|CS|TAMS 0x0000000618c00000, 0x0000000618c00000| Complete 
| 190|0x0000000618e00000, 0x0000000619000000, 0x0000000619000000|100%| E|CS|TAMS 0x0000000618e00000, 0x0000000618e00000| Complete 
| 191|0x0000000619000000, 0x0000000619200000, 0x0000000619200000|100%| E|CS|TAMS 0x0000000619000000, 0x0000000619000000| Complete 
| 192|0x0000000619200000, 0x0000000619400000, 0x0000000619400000|100%| E|CS|TAMS 0x0000000619200000, 0x0000000619200000| Complete 
| 193|0x0000000619400000, 0x0000000619600000, 0x0000000619600000|100%| E|CS|TAMS 0x0000000619400000, 0x0000000619400000| Complete 
| 194|0x0000000619600000, 0x0000000619800000, 0x0000000619800000|100%| E|CS|TAMS 0x0000000619600000, 0x0000000619600000| Complete 
| 195|0x0000000619800000, 0x0000000619a00000, 0x0000000619a00000|100%| E|CS|TAMS 0x0000000619800000, 0x0000000619800000| Complete 
| 196|0x0000000619a00000, 0x0000000619c00000, 0x0000000619c00000|100%| E|CS|TAMS 0x0000000619a00000, 0x0000000619a00000| Complete 
| 197|0x0000000619c00000, 0x0000000619e00000, 0x0000000619e00000|100%| E|CS|TAMS 0x0000000619c00000, 0x0000000619c00000| Complete 
| 198|0x0000000619e00000, 0x000000061a000000, 0x000000061a000000|100%| E|CS|TAMS 0x0000000619e00000, 0x0000000619e00000| Complete 
| 199|0x000000061a000000, 0x000000061a200000, 0x000000061a200000|100%| E|CS|TAMS 0x000000061a000000, 0x000000061a000000| Complete 
| 200|0x000000061a200000, 0x000000061a400000, 0x000000061a400000|100%| E|CS|TAMS 0x000000061a200000, 0x000000061a200000| Complete 
| 201|0x000000061a400000, 0x000000061a600000, 0x000000061a600000|100%| E|CS|TAMS 0x000000061a400000, 0x000000061a400000| Complete 
| 202|0x000000061a600000, 0x000000061a800000, 0x000000061a800000|100%| E|CS|TAMS 0x000000061a600000, 0x000000061a600000| Complete 
| 203|0x000000061a800000, 0x000000061aa00000, 0x000000061aa00000|100%| E|CS|TAMS 0x000000061a800000, 0x000000061a800000| Complete 
| 204|0x000000061aa00000, 0x000000061ac00000, 0x000000061ac00000|100%| E|CS|TAMS 0x000000061aa00000, 0x000000061aa00000| Complete 
| 205|0x000000061ac00000, 0x000000061ae00000, 0x000000061ae00000|100%| E|CS|TAMS 0x000000061ac00000, 0x000000061ac00000| Complete 
| 206|0x000000061ae00000, 0x000000061b000000, 0x000000061b000000|100%| E|CS|TAMS 0x000000061ae00000, 0x000000061ae00000| Complete 
| 207|0x000000061b000000, 0x000000061b200000, 0x000000061b200000|100%| E|CS|TAMS 0x000000061b000000, 0x000000061b000000| Complete 
| 208|0x000000061b200000, 0x000000061b400000, 0x000000061b400000|100%| E|CS|TAMS 0x000000061b200000, 0x000000061b200000| Complete 
| 209|0x000000061b400000, 0x000000061b600000, 0x000000061b600000|100%| E|CS|TAMS 0x000000061b400000, 0x000000061b400000| Complete 
| 210|0x000000061b600000, 0x000000061b800000, 0x000000061b800000|100%| E|CS|TAMS 0x000000061b600000, 0x000000061b600000| Complete 
| 211|0x000000061b800000, 0x000000061ba00000, 0x000000061ba00000|100%| E|CS|TAMS 0x000000061b800000, 0x000000061b800000| Complete 
| 212|0x000000061ba00000, 0x000000061bc00000, 0x000000061bc00000|100%| E|CS|TAMS 0x000000061ba00000, 0x000000061ba00000| Complete 
| 213|0x000000061bc00000, 0x000000061be00000, 0x000000061be00000|100%| E|CS|TAMS 0x000000061bc00000, 0x000000061bc00000| Complete 
| 214|0x000000061be00000, 0x000000061c000000, 0x000000061c000000|100%| E|CS|TAMS 0x000000061be00000, 0x000000061be00000| Complete 
| 215|0x000000061c000000, 0x000000061c200000, 0x000000061c200000|100%| E|CS|TAMS 0x000000061c000000, 0x000000061c000000| Complete 
| 216|0x000000061c200000, 0x000000061c400000, 0x000000061c400000|100%| E|CS|TAMS 0x000000061c200000, 0x000000061c200000| Complete 
| 217|0x000000061c400000, 0x000000061c600000, 0x000000061c600000|100%| E|CS|TAMS 0x000000061c400000, 0x000000061c400000| Complete 
| 218|0x000000061c600000, 0x000000061c800000, 0x000000061c800000|100%| E|CS|TAMS 0x000000061c600000, 0x000000061c600000| Complete 
| 219|0x000000061c800000, 0x000000061ca00000, 0x000000061ca00000|100%| E|CS|TAMS 0x000000061c800000, 0x000000061c800000| Complete 
| 220|0x000000061ca00000, 0x000000061cc00000, 0x000000061cc00000|100%| E|CS|TAMS 0x000000061ca00000, 0x000000061ca00000| Complete 
| 221|0x000000061cc00000, 0x000000061ce00000, 0x000000061ce00000|100%| E|CS|TAMS 0x000000061cc00000, 0x000000061cc00000| Complete 
| 222|0x000000061ce00000, 0x000000061d000000, 0x000000061d000000|100%| E|CS|TAMS 0x000000061ce00000, 0x000000061ce00000| Complete 
| 223|0x000000061d000000, 0x000000061d200000, 0x000000061d200000|100%| E|CS|TAMS 0x000000061d000000, 0x000000061d000000| Complete 
| 224|0x000000061d200000, 0x000000061d400000, 0x000000061d400000|100%| E|CS|TAMS 0x000000061d200000, 0x000000061d200000| Complete 
| 225|0x000000061d400000, 0x000000061d600000, 0x000000061d600000|100%| E|CS|TAMS 0x000000061d400000, 0x000000061d400000| Complete 
| 226|0x000000061d600000, 0x000000061d800000, 0x000000061d800000|100%| E|CS|TAMS 0x000000061d600000, 0x000000061d600000| Complete 
| 227|0x000000061d800000, 0x000000061da00000, 0x000000061da00000|100%| E|CS|TAMS 0x000000061d800000, 0x000000061d800000| Complete 
| 228|0x000000061da00000, 0x000000061dc00000, 0x000000061dc00000|100%| E|CS|TAMS 0x000000061da00000, 0x000000061da00000| Complete 
| 229|0x000000061dc00000, 0x000000061de00000, 0x000000061de00000|100%| E|CS|TAMS 0x000000061dc00000, 0x000000061dc00000| Complete 
| 230|0x000000061de00000, 0x000000061e000000, 0x000000061e000000|100%| E|CS|TAMS 0x000000061de00000, 0x000000061de00000| Complete 
| 231|0x000000061e000000, 0x000000061e200000, 0x000000061e200000|100%| E|CS|TAMS 0x000000061e000000, 0x000000061e000000| Complete 
| 232|0x000000061e200000, 0x000000061e400000, 0x000000061e400000|100%| E|CS|TAMS 0x000000061e200000, 0x000000061e200000| Complete 
| 233|0x000000061e400000, 0x000000061e600000, 0x000000061e600000|100%| E|CS|TAMS 0x000000061e400000, 0x000000061e400000| Complete 
| 234|0x000000061e600000, 0x000000061e800000, 0x000000061e800000|100%| E|CS|TAMS 0x000000061e600000, 0x000000061e600000| Complete 
| 235|0x000000061e800000, 0x000000061ea00000, 0x000000061ea00000|100%| E|CS|TAMS 0x000000061e800000, 0x000000061e800000| Complete 
| 236|0x000000061ea00000, 0x000000061ec00000, 0x000000061ec00000|100%| E|CS|TAMS 0x000000061ea00000, 0x000000061ea00000| Complete 
| 237|0x000000061ec00000, 0x000000061ee00000, 0x000000061ee00000|100%| E|CS|TAMS 0x000000061ec00000, 0x000000061ec00000| Complete 
| 238|0x000000061ee00000, 0x000000061f000000, 0x000000061f000000|100%| E|CS|TAMS 0x000000061ee00000, 0x000000061ee00000| Complete 
| 239|0x000000061f000000, 0x000000061f200000, 0x000000061f200000|100%| E|CS|TAMS 0x000000061f000000, 0x000000061f000000| Complete 
| 240|0x000000061f200000, 0x000000061f400000, 0x000000061f400000|100%| E|CS|TAMS 0x000000061f200000, 0x000000061f200000| Complete 
| 241|0x000000061f400000, 0x000000061f600000, 0x000000061f600000|100%| E|CS|TAMS 0x000000061f400000, 0x000000061f400000| Complete 
| 242|0x000000061f600000, 0x000000061f653e98, 0x000000061f800000| 16%| S|CS|TAMS 0x000000061f600000, 0x000000061f600000| Complete 
| 243|0x000000061f800000, 0x000000061fa00000, 0x000000061fa00000|100%| S|CS|TAMS 0x000000061f800000, 0x000000061f800000| Complete 
| 244|0x000000061fa00000, 0x000000061fc00000, 0x000000061fc00000|100%| E|CS|TAMS 0x000000061fa00000, 0x000000061fa00000| Complete 
| 245|0x000000061fc00000, 0x000000061fe00000, 0x000000061fe00000|100%| E|CS|TAMS 0x000000061fc00000, 0x000000061fc00000| Complete 
| 246|0x000000061fe00000, 0x0000000620000000, 0x0000000620000000|100%| E|CS|TAMS 0x000000061fe00000, 0x000000061fe00000| Complete 
| 247|0x0000000620000000, 0x0000000620200000, 0x0000000620200000|100%| E|CS|TAMS 0x0000000620000000, 0x0000000620000000| Complete 
| 248|0x0000000620200000, 0x0000000620400000, 0x0000000620400000|100%| E|CS|TAMS 0x0000000620200000, 0x0000000620200000| Complete 
| 249|0x0000000620400000, 0x0000000620600000, 0x0000000620600000|100%| E|CS|TAMS 0x0000000620400000, 0x0000000620400000| Complete 
| 250|0x0000000620600000, 0x0000000620800000, 0x0000000620800000|100%| E|CS|TAMS 0x0000000620600000, 0x0000000620600000| Complete 
| 251|0x0000000620800000, 0x0000000620a00000, 0x0000000620a00000|100%| E|CS|TAMS 0x0000000620800000, 0x0000000620800000| Complete 
| 252|0x0000000620a00000, 0x0000000620c00000, 0x0000000620c00000|100%| E|CS|TAMS 0x0000000620a00000, 0x0000000620a00000| Complete 
| 253|0x0000000620c00000, 0x0000000620e00000, 0x0000000620e00000|100%| E|CS|TAMS 0x0000000620c00000, 0x0000000620c00000| Complete 
| 254|0x0000000620e00000, 0x0000000621000000, 0x0000000621000000|100%| E|CS|TAMS 0x0000000620e00000, 0x0000000620e00000| Complete 
| 255|0x0000000621000000, 0x0000000621200000, 0x0000000621200000|100%| E|CS|TAMS 0x0000000621000000, 0x0000000621000000| Complete 

Card table byte_map: [0x000001f9fb140000,0x000001f9fc140000] _byte_map_base: 0x000001f9f8137000

Marking Bits (Prev, Next): (CMBitMap*) 0x000001f9f133e228, (CMBitMap*) 0x000001f9f133e268
 Prev Bits: [0x000001f98f000000, 0x000001f996fb8000)
 Next Bits: [0x000001f996fc0000, 0x000001f99ef78000)

Polling page: 0x000001f9ef420000

Metaspace:

Usage:
  Non-class:      8.28 MB capacity,     6.79 MB ( 82%) used,     1.48 MB ( 18%) free+waste,    14.00 KB ( <1%) overhead. 
      Class:    676.00 KB capacity,   428.49 KB ( 63%) used,   241.13 KB ( 36%) free+waste,     6.38 KB ( <1%) overhead. 
       Both:      8.94 MB capacity,     7.21 MB ( 81%) used,     1.71 MB ( 19%) free+waste,    20.38 KB ( <1%) overhead. 

Virtual space:
  Non-class space:       10.00 MB reserved,       8.50 MB ( 85%) committed 
      Class space:        1.00 GB reserved,     768.00 KB ( <1%) committed 
             Both:        1.01 GB reserved,       9.25 MB ( <1%) committed 

Chunk freelists:
   Non-Class:  29.00 KB
       Class:  0 bytes
        Both:  29.00 KB

MaxMetaspaceSize: 17179869184.00 GB
CompressedClassSpaceSize: 1.00 GB

CodeHeap 'non-profiled nmethods': size=119168Kb used=1344Kb max_used=1344Kb free=117823Kb
 bounds [0x000001f987ba0000, 0x000001f987e10000, 0x000001f98f000000]
CodeHeap 'profiled nmethods': size=119104Kb used=3389Kb max_used=3389Kb free=115714Kb
 bounds [0x000001f980750000, 0x000001f980aa0000, 0x000001f987ba0000]
CodeHeap 'non-nmethods': size=7488Kb used=3307Kb max_used=3447Kb free=4180Kb
 bounds [0x000001f980000000, 0x000001f9803b0000, 0x000001f980750000]
 total_blobs=3202 nmethods=1427 adapters=918
 compilation: enabled
              stopped_count=0, restarted_count=0
 full_count=0

Compilation events (20 events):
Event: 1.873 Thread 0x000001f9a884f000 1461       3       sun.invoke.util.BytecodeDescriptor::unparse (37 bytes)
Event: 1.873 Thread 0x000001f99fc15000 1462       3       sun.invoke.util.VerifyType::isNullConversion (157 bytes)
Event: 1.873 Thread 0x000001f9a884f000 nmethod 1461 0x000001f980a96810 code [0x000001f980a96a40, 0x000001f980a971c0]
Event: 1.873 Thread 0x000001f9a884f000 1463       3       java.lang.invoke.MemberName::<init> (50 bytes)
Event: 1.873 Thread 0x000001f9a884f000 nmethod 1463 0x000001f980a97410 code [0x000001f980a97600, 0x000001f980a979a0]
Event: 1.873 Thread 0x000001f99fd63000 nmethod 1456 0x000001f980a97b10 code [0x000001f980a97fc0, 0x000001f980a9a360]
Event: 1.873 Thread 0x000001f9a8a65800 nmethod 1459 0x000001f980a9ad10 code [0x000001f980a9b060, 0x000001f980a9c9a0]
Event: 1.874 Thread 0x000001f99fc15000 nmethod 1462 0x000001f980a9d110 code [0x000001f980a9d420, 0x000001f980a9e970]
Event: 1.874 Thread 0x000001f99fc14000 1465       4       java.lang.StringLatin1::charAt (28 bytes)
Event: 1.875 Thread 0x000001f99fc14000 nmethod 1465 0x000001f987ceee90 code [0x000001f987cef020, 0x000001f987cef098]
Event: 1.876 Thread 0x000001f99fc15000 1466       3       java.lang.invoke.MethodHandleNatives::refKindIsField (32 bytes)
Event: 1.877 Thread 0x000001f99fc15000 nmethod 1466 0x000001f980a9ee10 code [0x000001f980a9efc0, 0x000001f980a9f178]
Event: 1.896 Thread 0x000001f9a8a65800 1468       3       java.lang.Enum::<init> (15 bytes)
Event: 1.896 Thread 0x000001f9a8a65800 nmethod 1468 0x000001f980a9f210 code [0x000001f980a9f3c0, 0x000001f980a9f5f8]
Event: 1.896 Thread 0x000001f99fc14000 1470       4       java.lang.reflect.Modifier::isPublic (12 bytes)
Event: 1.896 Thread 0x000001f99fc14000 nmethod 1470 0x000001f987cef890 code [0x000001f987cefa00, 0x000001f987cefa58]
Event: 1.896 Thread 0x000001f9a884f000 1471       1       Math.Matrix::getData (5 bytes)
Event: 1.896 Thread 0x000001f9a884f000 nmethod 1471 0x000001f987cefb90 code [0x000001f987cefd20, 0x000001f987cefe58]
Event: 1.898 Thread 0x000001f9a884f000 1472       1       Math.Matrix::getCols (5 bytes)
Event: 1.898 Thread 0x000001f9a884f000 nmethod 1472 0x000001f987ceff10 code [0x000001f987cf00a0, 0x000001f987cf01d8]

GC Heap History (2 events):
Event: 0.869 GC heap before
{Heap before GC invocations=0 (full 0):
 garbage-first heap   total 524288K, used 24576K [0x0000000601200000, 0x0000000800000000)
  region size 2048K, 12 young (24576K), 0 survivors (0K)
 Metaspace       used 5733K, capacity 8431K, committed 8576K, reserved 1056768K
  class space    used 326K, capacity 603K, committed 640K, reserved 1048576K
}
Event: 0.871 GC heap after
{Heap after GC invocations=1 (full 0):
 garbage-first heap   total 524288K, used 2383K [0x0000000601200000, 0x0000000800000000)
  region size 2048K, 2 young (4096K), 2 survivors (4096K)
 Metaspace       used 5733K, capacity 8431K, committed 8576K, reserved 1056768K
  class space    used 326K, capacity 603K, committed 640K, reserved 1048576K
}

Deoptimization events (20 events):
Event: 1.897 Thread 0x000001f9b42d2000 Uncommon trap: trap_request=0xffffff45 fr.pc=0x000001f987c5610c relative=0x00000000000017ec
Event: 1.897 Thread 0x000001f9b42d2000 Uncommon trap: reason=unstable_if action=reinterpret pc=0x000001f987c5610c method=java.util.Formatter.parse(Ljava/lang/String;)Ljava/util/List; @ 38 c2
Event: 1.897 Thread 0x000001f9b42d2000 DEOPT PACKING pc=0x000001f987c5610c sp=0x0000009067cfd530
Event: 1.897 Thread 0x000001f9b42d2000 DEOPT UNPACKING pc=0x000001f98004912f sp=0x0000009067cfd560 mode 2
Event: 1.897 Thread 0x000001f9b42d2000 Uncommon trap: trap_request=0xffffffde fr.pc=0x000001f987c51030 relative=0x0000000000000470
Event: 1.897 Thread 0x000001f9b42d2000 Uncommon trap: reason=class_check action=maybe_recompile pc=0x000001f987c51030 method=java.util.Formatter$FormatSpecifier.appendJustified(Ljava/lang/Appendable;Ljava/lang/CharSequence;)Ljava/lang/Appendable; @ 10 c2
Event: 1.897 Thread 0x000001f9b42d2000 DEOPT PACKING pc=0x000001f987c51030 sp=0x0000009067cfd3f0
Event: 1.897 Thread 0x000001f9b42d2000 DEOPT UNPACKING pc=0x000001f98004912f sp=0x0000009067cfd3c0 mode 2
Event: 1.897 Thread 0x000001f9b42d2000 Uncommon trap: trap_request=0xffffffde fr.pc=0x000001f987c51030 relative=0x0000000000000470
Event: 1.897 Thread 0x000001f9b42d2000 Uncommon trap: reason=class_check action=maybe_recompile pc=0x000001f987c51030 method=java.util.Formatter$FormatSpecifier.appendJustified(Ljava/lang/Appendable;Ljava/lang/CharSequence;)Ljava/lang/Appendable; @ 10 c2
Event: 1.897 Thread 0x000001f9b42d2000 DEOPT PACKING pc=0x000001f987c51030 sp=0x0000009067cfd3f0
Event: 1.897 Thread 0x000001f9b42d2000 DEOPT UNPACKING pc=0x000001f98004912f sp=0x0000009067cfd3c0 mode 2
Event: 1.897 Thread 0x000001f9b42d2000 Uncommon trap: trap_request=0xffffffde fr.pc=0x000001f987c51030 relative=0x0000000000000470
Event: 1.897 Thread 0x000001f9b42d2000 Uncommon trap: reason=class_check action=maybe_recompile pc=0x000001f987c51030 method=java.util.Formatter$FormatSpecifier.appendJustified(Ljava/lang/Appendable;Ljava/lang/CharSequence;)Ljava/lang/Appendable; @ 10 c2
Event: 1.897 Thread 0x000001f9b42d2000 DEOPT PACKING pc=0x000001f987c51030 sp=0x0000009067cfd3f0
Event: 1.897 Thread 0x000001f9b42d2000 DEOPT UNPACKING pc=0x000001f98004912f sp=0x0000009067cfd3c0 mode 2
Event: 1.897 Thread 0x000001f9b42d2000 Uncommon trap: trap_request=0xffffffde fr.pc=0x000001f987c51030 relative=0x0000000000000470
Event: 1.897 Thread 0x000001f9b42d2000 Uncommon trap: reason=class_check action=maybe_recompile pc=0x000001f987c51030 method=java.util.Formatter$FormatSpecifier.appendJustified(Ljava/lang/Appendable;Ljava/lang/CharSequence;)Ljava/lang/Appendable; @ 10 c2
Event: 1.897 Thread 0x000001f9b42d2000 DEOPT PACKING pc=0x000001f987c51030 sp=0x0000009067cfd3f0
Event: 1.897 Thread 0x000001f9b42d2000 DEOPT UNPACKING pc=0x000001f98004912f sp=0x0000009067cfd3c0 mode 2

Classes unloaded (0 events):
No events

Classes redefined (0 events):
No events

Internal exceptions (14 events):
Event: 0.118 Thread 0x000001f9a00ff800 Exception <a 'java/lang/NoSuchMethodError'{0x0000000620a94a98}: 'void java.lang.invoke.DelegatingMethodHandle$Holder.delegate(java.lang.Object, java.lang.Object, int, java.lang.Object)'> (0x0000000620a94a98) 
thrown [t:/workspace/open/src/hotspot/share/interpreter/linkResolver.cpp, line 767]
Event: 0.119 Thread 0x000001f9a00ff800 Exception <a 'java/lang/NoSuchMethodError'{0x0000000620a9b5a0}: 'java.lang.Object java.lang.invoke.DirectMethodHandle$Holder.invokeStaticInit(java.lang.Object, java.lang.Object, java.lang.Object)'> (0x0000000620a9b5a0) 
thrown [t:/workspace/open/src/hotspot/share/interpreter/linkResolver.cpp, line 767]
Event: 0.139 Thread 0x000001f9a00ff800 Exception <a 'sun/nio/fs/WindowsException'{0x0000000620b08a18}> (0x0000000620b08a18) 
thrown [t:/workspace/open/src/hotspot/share/prims/jni.cpp, line 598]
Event: 0.139 Thread 0x000001f9a00ff800 Exception <a 'sun/nio/fs/WindowsException'{0x0000000620b08f70}> (0x0000000620b08f70) 
thrown [t:/workspace/open/src/hotspot/share/prims/jni.cpp, line 598]
Event: 0.156 Thread 0x000001f9a00ff800 Exception <a 'sun/nio/fs/WindowsException'{0x0000000620be9260}> (0x0000000620be9260) 
thrown [t:/workspace/open/src/hotspot/share/prims/jni.cpp, line 598]
Event: 0.156 Thread 0x000001f9a00ff800 Exception <a 'sun/nio/fs/WindowsException'{0x0000000620be95d0}> (0x0000000620be95d0) 
thrown [t:/workspace/open/src/hotspot/share/prims/jni.cpp, line 598]
Event: 0.714 Thread 0x000001f9a00ff800 Exception <a 'sun/nio/fs/WindowsException'{0x000000062089ed70}> (0x000000062089ed70) 
thrown [t:/workspace/open/src/hotspot/share/prims/jni.cpp, line 598]
Event: 0.714 Thread 0x000001f9a00ff800 Exception <a 'sun/nio/fs/WindowsException'{0x000000062089f120}> (0x000000062089f120) 
thrown [t:/workspace/open/src/hotspot/share/prims/jni.cpp, line 598]
Event: 0.716 Thread 0x000001f9a00ff800 Exception <a 'sun/nio/fs/WindowsException'{0x00000006208ce318}> (0x00000006208ce318) 
thrown [t:/workspace/open/src/hotspot/share/prims/jni.cpp, line 598]
Event: 0.716 Thread 0x000001f9a00ff800 Exception <a 'sun/nio/fs/WindowsException'{0x00000006208ce600}> (0x00000006208ce600) 
thrown [t:/workspace/open/src/hotspot/share/prims/jni.cpp, line 598]
Event: 1.861 Thread 0x000001f9a00ff800 Exception <a 'java/lang/ClassNotFoundException'{0x00000006150c63e8}: sun/awt/resources/spi/awtProvider> (0x00000006150c63e8) 
thrown [t:/workspace/open/src/hotspot/share/classfile/systemDictionary.cpp, line 232]
Event: 1.870 Thread 0x000001f9a00ff800 Exception <a 'java/io/FileNotFoundException'{0x0000000615106350}> (0x0000000615106350) 
thrown [t:/workspace/open/src/hotspot/share/prims/jni.cpp, line 598]
Event: 1.873 Thread 0x000001f9a00ff800 Exception <a 'java/io/FileNotFoundException'{0x000000061512c898}> (0x000000061512c898) 
thrown [t:/workspace/open/src/hotspot/share/prims/jni.cpp, line 598]
Event: 1.896 Thread 0x000001f9a00ff800 Exception <a 'java/lang/NoSuchMethodError'{0x000000061513eb68}: 'void java.lang.invoke.DirectMethodHandle$Holder.invokeVirtual(java.lang.Object, java.lang.Object)'> (0x000000061513eb68) 
thrown [t:/workspace/open/src/hotspot/share/interpreter/linkResolver.cpp, line 767]

Events (20 events):
Event: 1.876 loading class java/awt/font/JavaAWTFontAccessImpl done
Event: 1.876 loading class main/GameLWJGL
Event: 1.876 loading class main/GameLWJGL done
Event: 1.876 loading class GUI/ButtonLWJGL
Event: 1.876 loading class GUI/ButtonLWJGL done
Event: 1.876 loading class main/GameLWJGL
Event: 1.876 loading class main/GameLWJGL done
Event: 1.876 loading class GUI/ButtonLWJGL
Event: 1.876 loading class GUI/ButtonLWJGL done
Event: 1.890 Loaded shared library C:\Program Files\Java\jdk-13.0.2\bin\java.dll
Event: 1.891 Loaded shared library C:\Program Files\Java\jdk-13.0.2\bin\java.dll
Event: 1.892 Loaded shared library C:\Program Files\Java\jdk-13.0.2\bin\java.dll
Event: 1.892 Loaded shared library C:\Program Files\Java\jdk-13.0.2\bin\java.dll
Event: 1.895 loading class inputs/Input$KeyState
Event: 1.895 loading class inputs/Input$KeyState done
Event: 1.896 Thread 0x000001f9b42d2000 Thread added: 0x000001f9b42d2000
Event: 1.897 Executing VM operation: RevokeBias
Event: 1.897 Executing VM operation: RevokeBias done
Event: 1.897 loading class org/lwjgl/system/MultiReleaseTextDecoding
Event: 1.897 loading class org/lwjgl/system/MultiReleaseTextDecoding done


Dynamic libraries:
0x00007ff6b66a0000 - 0x00007ff6b66af000 	C:\Program Files\Java\jdk-13.0.2\bin\java.exe
0x00007ffaf8820000 - 0x00007ffaf8a10000 	C:\WINDOWS\SYSTEM32\ntdll.dll
0x00007ffaf79e0000 - 0x00007ffaf7a92000 	C:\WINDOWS\System32\KERNEL32.DLL
0x00007ffaf57b0000 - 0x00007ffaf5a53000 	C:\WINDOWS\System32\KERNELBASE.dll
0x00007ffaf6500000 - 0x00007ffaf65fa000 	C:\WINDOWS\System32\ucrtbase.dll
0x00007ffadc820000 - 0x00007ffadc838000 	C:\Program Files\Java\jdk-13.0.2\bin\jli.dll
0x00007ffadbdc0000 - 0x00007ffadbdd5000 	C:\Program Files\Java\jdk-13.0.2\bin\VCRUNTIME140.dll
0x00007ffaf78a0000 - 0x00007ffaf7943000 	C:\WINDOWS\System32\ADVAPI32.dll
0x00007ffaf8560000 - 0x00007ffaf85fe000 	C:\WINDOWS\System32\msvcrt.dll
0x00007ffaf86d0000 - 0x00007ffaf8767000 	C:\WINDOWS\System32\sechost.dll
0x00007ffaf8300000 - 0x00007ffaf8420000 	C:\WINDOWS\System32\RPCRT4.dll
0x00007ffaf69b0000 - 0x00007ffaf6b44000 	C:\WINDOWS\System32\USER32.dll
0x00007ffae0180000 - 0x00007ffae0405000 	C:\WINDOWS\WinSxS\amd64_microsoft.windows.common-controls_6595b64144ccf1df_6.0.18362.720_none_e6beb5c51314836b\COMCTL32.dll
0x00007ffaf5a60000 - 0x00007ffaf5a81000 	C:\WINDOWS\System32\win32u.dll
0x00007ffaf7aa0000 - 0x00007ffaf7dd6000 	C:\WINDOWS\System32\combase.dll
0x00007ffaf7e40000 - 0x00007ffaf7e66000 	C:\WINDOWS\System32\GDI32.dll
0x00007ffaf6360000 - 0x00007ffaf64f4000 	C:\WINDOWS\System32\gdi32full.dll
0x00007ffaf5a90000 - 0x00007ffaf5b10000 	C:\WINDOWS\System32\bcryptPrimitives.dll
0x00007ffaf6830000 - 0x00007ffaf68ce000 	C:\WINDOWS\System32\msvcp_win.dll
0x00007ffaeda50000 - 0x00007ffaeda5a000 	C:\WINDOWS\SYSTEM32\VERSION.dll
0x00007ffaf7730000 - 0x00007ffaf775e000 	C:\WINDOWS\System32\IMM32.DLL
0x00007ffad9730000 - 0x00007ffad97cb000 	C:\Program Files\Java\jdk-13.0.2\bin\msvcp140.dll
0x00007ffa681e0000 - 0x00007ffa68d3d000 	C:\Program Files\Java\jdk-13.0.2\bin\server\jvm.dll
0x00007ffaf7830000 - 0x00007ffaf7838000 	C:\WINDOWS\System32\PSAPI.DLL
0x00007ffae10a0000 - 0x00007ffae10a9000 	C:\WINDOWS\SYSTEM32\WSOCK32.dll
0x00007ffaf3650000 - 0x00007ffaf3674000 	C:\WINDOWS\SYSTEM32\WINMM.dll
0x00007ffaf7ed0000 - 0x00007ffaf7f3f000 	C:\WINDOWS\System32\WS2_32.dll
0x00007ffaf3620000 - 0x00007ffaf364d000 	C:\WINDOWS\SYSTEM32\WINMMBASE.dll
0x00007ffaf62f0000 - 0x00007ffaf633a000 	C:\WINDOWS\System32\cfgmgr32.dll
0x00007ffaf5740000 - 0x00007ffaf5751000 	C:\WINDOWS\System32\kernel.appcore.dll
0x00007ffae2a50000 - 0x00007ffae2a60000 	C:\Program Files\Java\jdk-13.0.2\bin\verify.dll
0x00007ffae18c0000 - 0x00007ffae1ab4000 	C:\WINDOWS\SYSTEM32\DBGHELP.DLL
0x00007ffae1120000 - 0x00007ffae114a000 	C:\WINDOWS\SYSTEM32\dbgcore.DLL
0x00007ffadafc0000 - 0x00007ffadafe6000 	C:\Program Files\Java\jdk-13.0.2\bin\java.dll
0x00007ffae2750000 - 0x00007ffae275e000 	C:\Program Files\Java\jdk-13.0.2\bin\instrument.dll
0x00007ffadbd80000 - 0x00007ffadbd97000 	C:\Program Files\Java\jdk-13.0.2\bin\zip.dll
0x00007ffae2400000 - 0x00007ffae240a000 	C:\Program Files\Java\jdk-13.0.2\bin\jimage.dll
0x00007ffaf6bd0000 - 0x00007ffaf72b5000 	C:\WINDOWS\System32\SHELL32.dll
0x00007ffaf7f40000 - 0x00007ffaf7fe9000 	C:\WINDOWS\System32\shcore.dll
0x00007ffaf5b70000 - 0x00007ffaf62f0000 	C:\WINDOWS\System32\windows.storage.dll
0x00007ffaf5760000 - 0x00007ffaf5783000 	C:\WINDOWS\System32\profapi.dll
0x00007ffaf56f0000 - 0x00007ffaf573a000 	C:\WINDOWS\System32\powrprof.dll
0x00007ffaf56e0000 - 0x00007ffaf56f0000 	C:\WINDOWS\System32\UMPDC.dll
0x00007ffaf7de0000 - 0x00007ffaf7e32000 	C:\WINDOWS\System32\shlwapi.dll
0x00007ffaf6340000 - 0x00007ffaf6357000 	C:\WINDOWS\System32\cryptsp.dll
0x00007ffadb500000 - 0x00007ffadb519000 	C:\Program Files\Java\jdk-13.0.2\bin\net.dll
0x00007ffaebc30000 - 0x00007ffaebd21000 	C:\WINDOWS\SYSTEM32\WINHTTP.dll
0x00007ffaf4f50000 - 0x00007ffaf4fb7000 	C:\WINDOWS\system32\mswsock.dll
0x00007ffadb240000 - 0x00007ffadb253000 	C:\Program Files\Java\jdk-13.0.2\bin\nio.dll
0x00007ffadb730000 - 0x00007ffadb74a000 	C:\Program Files\JetBrains\IntelliJ IDEA Community Edition 2019.3.3\bin\breakgen64.dll
0x00007ffad9d50000 - 0x00007ffad9db4000 	C:\Users\alanj\AppData\Local\Temp\lwjglalanj\3.2.3-build-13\lwjgl.dll
0x00007ffad9b50000 - 0x00007ffad9bb2000 	C:\Users\alanj\AppData\Local\Temp\lwjglalanj\3.2.3-build-13\glfw.dll
0x00007ffaf3a60000 - 0x00007ffaf3af9000 	C:\WINDOWS\system32\uxtheme.dll
0x00007ffad9c70000 - 0x00007ffad9cb3000 	C:\WINDOWS\SYSTEM32\dinput8.dll
0x00007ffae85f0000 - 0x00007ffae8601000 	C:\WINDOWS\SYSTEM32\xinput1_4.dll
0x00007ffaf54e0000 - 0x00007ffaf550a000 	C:\WINDOWS\SYSTEM32\DEVOBJ.dll
0x00007ffaf3e80000 - 0x00007ffaf3ead000 	C:\WINDOWS\SYSTEM32\dwmapi.dll
0x00007ffad7a90000 - 0x00007ffad7baa000 	C:\WINDOWS\SYSTEM32\inputhost.dll
0x00007ffaf2ff0000 - 0x00007ffaf30c4000 	C:\WINDOWS\SYSTEM32\CoreMessaging.dll
0x00007ffaf13e0000 - 0x00007ffaf1533000 	C:\WINDOWS\SYSTEM32\wintypes.dll
0x00007ffaf0b00000 - 0x00007ffaf0e2a000 	C:\WINDOWS\SYSTEM32\CoreUIComponents.dll
0x00007ffaf20a0000 - 0x00007ffaf218f000 	C:\WINDOWS\SYSTEM32\PROPSYS.dll
0x00007ffaf8600000 - 0x00007ffaf86c4000 	C:\WINDOWS\System32\OLEAUT32.dll
0x00007ffaf4740000 - 0x00007ffaf4771000 	C:\WINDOWS\SYSTEM32\ntmarta.dll
0x00007ffaf8420000 - 0x00007ffaf8556000 	C:\WINDOWS\System32\MSCTF.dll
0x0000000180000000 - 0x0000000180272000 	C:\Program Files (x86)\RivaTuner Statistics Server\RTSSHooks64.dll
0x00007ffaf42f0000 - 0x00007ffaf42fe000 	C:\WINDOWS\SYSTEM32\HID.DLL
0x00007ffaf72c0000 - 0x00007ffaf7730000 	C:\WINDOWS\System32\SETUPAPI.DLL
0x00007ffaf6800000 - 0x00007ffaf6826000 	C:\WINDOWS\System32\bcrypt.dll
0x00007ffaf5b10000 - 0x00007ffaf5b6c000 	C:\WINDOWS\System32\WINTRUST.dll
0x00007ffaf5790000 - 0x00007ffaf57a2000 	C:\WINDOWS\System32\MSASN1.dll
0x00007ffaf6600000 - 0x00007ffaf6749000 	C:\WINDOWS\System32\CRYPT32.dll
0x00007ffa90fd0000 - 0x00007ffa91126000 	C:\WINDOWS\SYSTEM32\opengl32.dll
0x00007ffad4e60000 - 0x00007ffad4e8c000 	C:\WINDOWS\SYSTEM32\GLU32.dll
0x00007ffaf4350000 - 0x00007ffaf4370000 	C:\WINDOWS\SYSTEM32\dxcore.dll
0x00007ffa651e0000 - 0x00007ffa67904000 	C:\WINDOWS\System32\DriverStore\FileRepository\nv_dispi.inf_amd64_63268710a2dc3648\nvoglv64.dll
0x00007ffaf7ff0000 - 0x00007ffaf8147000 	C:\WINDOWS\System32\ole32.dll
0x00007ffaf21f0000 - 0x00007ffaf2203000 	C:\WINDOWS\SYSTEM32\WTSAPI32.dll
0x00007ffab73c0000 - 0x00007ffab7684000 	C:\WINDOWS\system32\nvspcap64.dll
0x00007ffaf47b0000 - 0x00007ffaf480c000 	C:\WINDOWS\SYSTEM32\WINSTA.dll
0x00007ffad4300000 - 0x00007ffad4359000 	C:\Users\alanj\AppData\Local\Temp\lwjglalanj\3.2.3-build-13\lwjgl_opengl.dll
0x00007ffab7de0000 - 0x00007ffab7f79000 	C:\Program Files\Java\jdk-13.0.2\bin\awt.dll
0x00007ffaf38c0000 - 0x00007ffaf394f000 	C:\WINDOWS\SYSTEM32\apphelp.dll

dbghelp: loaded successfully - version: 4.0.5 - missing functions: none
symbol engine: initialized successfully - sym options: 0x614 - pdb path: .;C:\Program Files\Java\jdk-13.0.2\bin;C:\WINDOWS\SYSTEM32;C:\WINDOWS\WinSxS\amd64_microsoft.windows.common-controls_6595b64144ccf1df_6.0.18362.720_none_e6beb5c51314836b;C:\Program Files\Java\jdk-13.0.2\bin\server;C:\Program Files\JetBrains\IntelliJ IDEA Community Edition 2019.3.3\bin;C:\Users\alanj\AppData\Local\Temp\lwjglalanj\3.2.3-build-13;C:\Program Files (x86)\RivaTuner Statistics Server;C:\WINDOWS\System32\DriverStore\FileRepository\nv_dispi.inf_amd64_63268710a2dc3648

VM Arguments:
jvm_args: -Dvisualvm.id=654814184815100 -javaagent:C:\Program Files\JetBrains\IntelliJ IDEA Community Edition 2019.3.3\lib\idea_rt.jar=59267:C:\Program Files\JetBrains\IntelliJ IDEA Community Edition 2019.3.3\bin -Dfile.encoding=UTF-8 
java_command: main.Main
java_class_path (initial): C:\Users\alanj\IdeaProjects\RenderingEngine\RenderEngine\bin;C:\Users\alanj\IdeaProjects\RenderingEngine\RenderEngine\libs\lwjgl-3.2.3\lwjgl\lwjgl.jar;C:\Users\alanj\IdeaProjects\RenderingEngine\RenderEngine\libs\lwjgl-3.2.3\lwjgl\lwjgl-javadoc.jar;C:\Users\alanj\IdeaProjects\RenderingEngine\RenderEngine\libs\lwjgl-3.2.3\lwjgl\lwjgl-sources.jar;C:\Users\alanj\IdeaProjects\RenderingEngine\RenderEngine\libs\lwjgl-3.2.3\lwjgl\lwjgl-natives-linux.jar;C:\Users\alanj\IdeaProjects\RenderingEngine\RenderEngine\libs\lwjgl-3.2.3\lwjgl\lwjgl-natives-macos.jar;C:\Users\alanj\IdeaProjects\RenderingEngine\RenderEngine\libs\lwjgl-3.2.3\lwjgl\lwjgl-natives-windows.jar;C:\Users\alanj\IdeaProjects\RenderingEngine\RenderEngine\libs\lwjgl-3.2.3\lwjgl\lwjgl-natives-linux-arm32.jar;C:\Users\alanj\IdeaProjects\RenderingEngine\RenderEngine\libs\lwjgl-3.2.3\lwjgl\lwjgl-natives-linux-arm64.jar;C:\Users\alanj\IdeaProjects\RenderingEngine\RenderEngine\libs\lwjgl-3.2.3\lwjgl\lwjgl-natives-windows-x86.jar;C:\Users\alanj\IdeaProjects\RenderingEngine\RenderEngine\libs\lwjgl-3.2.3\lwjgl-glfw\lwjgl-glfw.jar;C:\Users\alanj\IdeaProjects\RenderingEngine\RenderEngine\libs\lwjgl-3.2.3\lwjgl-glfw\lwjgl-glfw-javadoc.jar;C:\Users\alanj\IdeaProjects\RenderingEngine\RenderEngine\libs\lwjgl-3.2.3\lwjgl-glfw\lwjgl-glfw-sources.jar;C:\Users\alanj\IdeaProjects\RenderingEngine\RenderEngine\libs\lwjgl-3.2.3\lwjgl-glfw\lwjgl-glfw-natives-linux.jar;C:\Users\alanj\IdeaProjects\RenderingEngine\RenderEngine\libs\lwjgl-3.2.3\lwjgl-glfw\lwjgl-glfw-natives-macos.jar;C:\Users\alanj\IdeaProjects\RenderingEngine\RenderEngine\libs\lwjgl-3.2.3\lwjgl-glfw\lwjgl-glfw-natives-windows.jar;C:\Users\alanj\IdeaProjects\RenderingEngine\RenderEngine\libs\lwjgl-3.2.3\lwjgl-glfw\lwjgl-glfw-natives-linux-arm32.jar;C:\Users\alanj\IdeaProjects\RenderingEngine\RenderEngine\libs\lwjgl-3.2.3\lwjgl-glfw\lwjgl-glfw-natives-linux-arm64.jar;C:\Users\alanj\IdeaProjects\RenderingEngine\RenderEngine\libs\lwjgl-3.2.3\lwjgl-
Launcher Type: SUN_STANDARD

[Global flags]
     intx CICompilerCount                          = 12                                        {product} {ergonomic}
     uint ConcGCThreads                            = 3                                         {product} {ergonomic}
     uint G1ConcRefinementThreads                  = 13                                        {product} {ergonomic}
   size_t G1HeapRegionSize                         = 2097152                                   {product} {ergonomic}
    uintx GCDrainStackTargetSize                   = 64                                        {product} {ergonomic}
   size_t InitialHeapSize                          = 536870912                                 {product} {ergonomic}
   size_t MarkStackSize                            = 4194304                                   {product} {ergonomic}
   size_t MaxHeapSize                              = 8571060224                                {product} {ergonomic}
   size_t MaxNewSize                               = 5142216704                                {product} {ergonomic}
   size_t MinHeapDeltaBytes                        = 2097152                                   {product} {ergonomic}
   size_t MinHeapSize                              = 8388608                                   {product} {ergonomic}
    uintx NonNMethodCodeHeapSize                   = 7602480                                {pd product} {ergonomic}
    uintx NonProfiledCodeHeapSize                  = 122027880                              {pd product} {ergonomic}
    uintx ProfiledCodeHeapSize                     = 122027880                              {pd product} {ergonomic}
    uintx ReservedCodeCacheSize                    = 251658240                              {pd product} {ergonomic}
     bool SegmentedCodeCache                       = true                                      {product} {ergonomic}
   size_t SoftMaxHeapSize                          = 8571060224                             {manageable} {ergonomic}
     bool UseCompressedClassPointers               = true                                 {lp64_product} {ergonomic}
     bool UseCompressedOops                        = true                                 {lp64_product} {ergonomic}
     bool UseG1GC                                  = true                                      {product} {ergonomic}
     bool UseLargePagesIndividualAllocation        = false                                  {pd product} {ergonomic}

Logging:
Log output configuration:
 #0: stdout all=warning uptime,level,tags
 #1: stderr all=off uptime,level,tags

Environment Variables:
PATH=C:\Program Files\Java\jdk-13.0.2\bin;C:\windows\system32;C:\windows;C:\windows\System32\Wbem;C:\windows\System32\WindowsPowerShell\v1.0\;C:\windows\System32\OpenSSH\;C:\Program Files\NVIDIA Corporation\NVIDIA NGX;C:\Program Files (x86)\NVIDIA Corporation\PhysX\Common;C:\Program Files\NVIDIA Corporation\NVIDIA NvDLISR;C:\Program Files (x86)\Intel\Intel(R) Management Engine Components\DAL;C:\Program Files\Intel\Intel(R) Management Engine Components\DAL;C:\Program Files\Intel\WiFi\bin\;C:\Program Files\Common Files\Intel\WirelessCommon\;C:\WINDOWS\system32;C:\WINDOWS;C:\WINDOWS\System32\Wbem;C:\WINDOWS\System32\WindowsPowerShell\v1.0\;C:\WINDOWS\System32\OpenSSH\;C:\Program Files (x86)\IVI Foundation\VISA\WinNT\Bin;C:\Program Files\Common Files\Autodesk Shared\;C:\Program Files\Microsoft SQL Server\120\Tools\Binn\;C:\Program Files (x86)\Common Files\Oracle\Java\javapath;C:\Program Files\MATLAB\R2019b\bin;C:\mingw\mingw64\bin;C:\Program Files\Git\cmd;C:\Users\alanj\AppData\Local\Microsoft\WindowsApps;C:\Program Files\JetBrains\IntelliJ IDEA Community Edition 2019.3.3\bin;;C:\Program Files\JetBrains\CLion 2019.3.4\bin;;C:\Program Files (x86)\FAHClient
USERNAME=alanj
OS=Windows_NT
PROCESSOR_IDENTIFIER=Intel64 Family 6 Model 158 Stepping 12, GenuineIntel



---------------  S Y S T E M  ---------------

OS: Windows 10 , 64 bit Build 18362 (10.0.18362.329)

CPU:total 16 (initial active 16) (8 cores per cpu, 2 threads per core) family 6 model 158 stepping 12, cmov, cx8, fxsr, mmx, sse, sse2, sse3, ssse3, sse4.1, sse4.2, popcnt, avx, avx2, aes, clmul, erms, rtm, 3dnowpref, lzcnt, ht, tsc, tscinvbit, bmi1, bmi2, adx, fma

Memory: 4k page, system-wide physical 32693M (18669M free)
TotalPageFile size 37557M (AvailPageFile size 17976M)
current process WorkingSet (physical memory assigned to process): 467M, peak: 467M
current process commit charge ("private bytes"): 895M, peak: 938M

vm_info: Java HotSpot(TM) 64-Bit Server VM (13.0.2+8) for windows-amd64 JRE (13.0.2+8), built on Dec 11 2019 09:20:33 by "mach5one" with unknown MS VC++:1916

END.
