#
# A fatal error has been detected by the Java Runtime Environment:
#
#  EXCEPTION_ACCESS_VIOLATION (0xc0000005) at pc=0x0000000000006176, pid=21780, tid=28976
#
# JRE version: Java(TM) SE Runtime Environment (13.0.2+8) (build 13.0.2+8)
# Java VM: Java HotSpot(TM) 64-Bit Server VM (13.0.2+8, mixed mode, sharing, tiered, compressed oops, g1 gc, windows-amd64)
# Problematic frame:
# C  0x0000000000006176
#
# No core dump will be written. Minidumps are not enabled by default on client versions of Windows
#
# If you would like to submit a bug report, please visit:
#   http://bugreport.java.com/bugreport/crash.jsp
#

---------------  S U M M A R Y ------------

Command Line: -Dvisualvm.id=660770369239900 -javaagent:C:\Program Files\JetBrains\IntelliJ IDEA Community Edition 2019.3.3\lib\idea_rt.jar=62220:C:\Program Files\JetBrains\IntelliJ IDEA Community Edition 2019.3.3\bin -Dfile.encoding=UTF-8 main.Main

Host: Intel(R) Core(TM) i9-9900K CPU @ 3.60GHz, 16 cores, 31G,  Windows 10 , 64 bit Build 18362 (10.0.18362.329)
Time: Mon Apr  6 02:32:15 2020 Eastern Daylight Time elapsed time: 1 seconds (0d 0h 0m 1s)

---------------  T H R E A D  ---------------

Current thread (0x000001cd0ab96000):  JavaThread "C2 CompilerThread0" daemon [_thread_in_native, id=28976, stack(0x0000004c44400000,0x0000004c44500000)]


Current CompileTask:
C2:   1101 1185       4       java.util.regex.Pattern$Start::match (90 bytes)

Stack: [0x0000004c44400000,0x0000004c44500000],  sp=0x0000004c444fbd78,  free space=1007k
Native frames: (J=compiled Java code, j=interpreted, Vv=VM code, C=native code)
C  0x0000000000006176


siginfo: EXCEPTION_ACCESS_VIOLATION (0xc0000005), data execution prevention violation at address 0x0000000000006176


Register to memory mapping:

RIP=0x0000000000006176 is an unknown value
RAX=0x00007ffa68aae328 jvm.dll
RBX=0x0000000000000001 is an unknown value
RCX=0x000001cd12268320 points into unknown readable memory: 90 61 c3 18 cd 01 00 00
RDX=0x00000000000002a0 is an unknown value
RSP=0x0000004c444fbd78 is pointing into the stack for thread: 0x000001cd0ab96000
RBP=0x0000004c444fbeb9 is pointing into the stack for thread: 0x000001cd0ab96000
RSI=0x000001cd12268320 points into unknown readable memory: 00 00 00 00 00 00 00 00
RDI=0x0 is NULL
R8 =0x0 is NULL
R9 =0x00000000000002a0 is an unknown value
R10=0x000001cd18ca0f70 points into unknown readable memory: 00 00 c0 00 00 00 00 00
R11=0x0000004c444fbd50 is pointing into the stack for thread: 0x000001cd0ab96000
R12=0x000001cd1b993030 points into unknown readable memory: 00 00 00 00 00 00 00 00
R13=0x000001cd1258fd30 points into unknown readable memory: 80 2f a4 68 fa 7f 00 00
R14=0x000001cd1b9932d0 points into unknown readable memory: 00 00 00 00 00 00 00 00
R15=0x0000004c444fc230 is pointing into the stack for thread: 0x000001cd0ab96000


Registers:
RAX=0x00007ffa68aae328, RBX=0x0000000000000001, RCX=0x000001cd12268320, RDX=0x00000000000002a0
RSP=0x0000004c444fbd78, RBP=0x0000004c444fbeb9, RSI=0x000001cd12268320, RDI=0x0000000000000000
R8 =0x0000000000000000, R9 =0x00000000000002a0, R10=0x000001cd18ca0f70, R11=0x0000004c444fbd50
R12=0x000001cd1b993030, R13=0x000001cd1258fd30, R14=0x000001cd1b9932d0, R15=0x0000004c444fc230
RIP=0x0000000000006176, EFLAGS=0x0000000000010206

Top of Stack: (sp=0x0000004c444fbd78)
0x0000004c444fbd78:   00007ffa68796fd6 000001cd1b992df0
0x0000004c444fbd88:   000001cd1b992df0 0000004c444fbeb9
0x0000004c444fbd98:   0000004c444fe5d0 000001cd1922e9c0
0x0000004c444fbda8:   0000000700000007 0000004c00000005
0x0000004c444fbdb8:   000000000000018c 000001cd5aae37b0
0x0000004c444fbdc8:   000001cd12266b90 000001cd1b992bb0
0x0000004c444fbdd8:   000001cd1b992df0 000001cd1b9932d0
0x0000004c444fbde8:   000001cd1b993030 0000000000000005
0x0000004c444fbdf8:   0000000000000004 0000004c444fe5d0
0x0000004c444fbe08:   000001cd1258fd30 000001cd12c36128
0x0000004c444fbe18:   000001cd12c36128 0000004c444fe7e8
0x0000004c444fbe28:   000001cd1258fd30 0000004c444fe5d0
0x0000004c444fbe38:   0000004c444fbeb9 0000004c444fc230
0x0000004c444fbe48:   00007ffa6879c4dc 0000004c444fc230
0x0000004c444fbe58:   0000004c0000000c 0000004c00000006
0x0000004c444fbe68:   000001cd00000006 0000000000a34d9f 

Instructions: (pc=0x0000000000006176)
0x0000000000006076:   ?? ?? ?? ?? ?? ?? ?? ?? ?? ?? ?? ?? ?? ?? ?? ??
0x0000000000006086:   ?? ?? ?? ?? ?? ?? ?? ?? ?? ?? ?? ?? ?? ?? ?? ??
0x0000000000006096:   ?? ?? ?? ?? ?? ?? ?? ?? ?? ?? ?? ?? ?? ?? ?? ??
0x00000000000060a6:   ?? ?? ?? ?? ?? ?? ?? ?? ?? ?? ?? ?? ?? ?? ?? ??
0x00000000000060b6:   ?? ?? ?? ?? ?? ?? ?? ?? ?? ?? ?? ?? ?? ?? ?? ??
0x00000000000060c6:   ?? ?? ?? ?? ?? ?? ?? ?? ?? ?? ?? ?? ?? ?? ?? ??
0x00000000000060d6:   ?? ?? ?? ?? ?? ?? ?? ?? ?? ?? ?? ?? ?? ?? ?? ??
0x00000000000060e6:   ?? ?? ?? ?? ?? ?? ?? ?? ?? ?? ?? ?? ?? ?? ?? ??
0x00000000000060f6:   ?? ?? ?? ?? ?? ?? ?? ?? ?? ?? ?? ?? ?? ?? ?? ??
0x0000000000006106:   ?? ?? ?? ?? ?? ?? ?? ?? ?? ?? ?? ?? ?? ?? ?? ??
0x0000000000006116:   ?? ?? ?? ?? ?? ?? ?? ?? ?? ?? ?? ?? ?? ?? ?? ??
0x0000000000006126:   ?? ?? ?? ?? ?? ?? ?? ?? ?? ?? ?? ?? ?? ?? ?? ??
0x0000000000006136:   ?? ?? ?? ?? ?? ?? ?? ?? ?? ?? ?? ?? ?? ?? ?? ??
0x0000000000006146:   ?? ?? ?? ?? ?? ?? ?? ?? ?? ?? ?? ?? ?? ?? ?? ??
0x0000000000006156:   ?? ?? ?? ?? ?? ?? ?? ?? ?? ?? ?? ?? ?? ?? ?? ??
0x0000000000006166:   ?? ?? ?? ?? ?? ?? ?? ?? ?? ?? ?? ?? ?? ?? ?? ??
0x0000000000006176:   ?? ?? ?? ?? ?? ?? ?? ?? ?? ?? ?? ?? ?? ?? ?? ??
0x0000000000006186:   ?? ?? ?? ?? ?? ?? ?? ?? ?? ?? ?? ?? ?? ?? ?? ??
0x0000000000006196:   ?? ?? ?? ?? ?? ?? ?? ?? ?? ?? ?? ?? ?? ?? ?? ??
0x00000000000061a6:   ?? ?? ?? ?? ?? ?? ?? ?? ?? ?? ?? ?? ?? ?? ?? ??
0x00000000000061b6:   ?? ?? ?? ?? ?? ?? ?? ?? ?? ?? ?? ?? ?? ?? ?? ??
0x00000000000061c6:   ?? ?? ?? ?? ?? ?? ?? ?? ?? ?? ?? ?? ?? ?? ?? ??
0x00000000000061d6:   ?? ?? ?? ?? ?? ?? ?? ?? ?? ?? ?? ?? ?? ?? ?? ??
0x00000000000061e6:   ?? ?? ?? ?? ?? ?? ?? ?? ?? ?? ?? ?? ?? ?? ?? ??
0x00000000000061f6:   ?? ?? ?? ?? ?? ?? ?? ?? ?? ?? ?? ?? ?? ?? ?? ??
0x0000000000006206:   ?? ?? ?? ?? ?? ?? ?? ?? ?? ?? ?? ?? ?? ?? ?? ??
0x0000000000006216:   ?? ?? ?? ?? ?? ?? ?? ?? ?? ?? ?? ?? ?? ?? ?? ??
0x0000000000006226:   ?? ?? ?? ?? ?? ?? ?? ?? ?? ?? ?? ?? ?? ?? ?? ??
0x0000000000006236:   ?? ?? ?? ?? ?? ?? ?? ?? ?? ?? ?? ?? ?? ?? ?? ??
0x0000000000006246:   ?? ?? ?? ?? ?? ?? ?? ?? ?? ?? ?? ?? ?? ?? ?? ??
0x0000000000006256:   ?? ?? ?? ?? ?? ?? ?? ?? ?? ?? ?? ?? ?? ?? ?? ??
0x0000000000006266:   ?? ?? ?? ?? ?? ?? ?? ?? ?? ?? ?? ?? ?? ?? ?? ?? 


Stack slot to memory mapping:
stack at sp + 0 slots: 0x00007ffa68796fd6 jvm.dll
stack at sp + 1 slots: 0x000001cd1b992df0 points into unknown readable memory: 00 00 00 00 00 00 00 00
stack at sp + 2 slots: 0x000001cd1b992df0 points into unknown readable memory: 00 00 00 00 00 00 00 00
stack at sp + 3 slots: 0x0000004c444fbeb9 is pointing into the stack for thread: 0x000001cd0ab96000
stack at sp + 4 slots: 0x0000004c444fe5d0 is pointing into the stack for thread: 0x000001cd0ab96000
stack at sp + 5 slots: 0x000001cd1922e9c0 points into unknown readable memory: 50 52 49 12 cd 01 00 00
stack at sp + 6 slots: 
[error occurred during error reporting (inspecting top of stack), id 0xc0000005, EXCEPTION_ACCESS_VIOLATION (0xc0000005) at pc=0x00007ffa684c69bf]


---------------  P R O C E S S  ---------------

Threads class SMR info:
_java_thread_list=0x000001cd126abbe0, length=23, elements={
0x000001cd0a2c9800, 0x000001cd0a2cd000, 0x000001cd0ab90000, 0x000001cd0ab92000,
0x000001cd0ab96000, 0x000001cd0ab97000, 0x000001cd0ab9a000, 0x000001cd0acb7000,
0x000001cd0acbc800, 0x000001cd0b8e9800, 0x000001cd0b8ea000, 0x000001cd0b880000,
0x000001cd5aaf9800, 0x000001cd12136000, 0x000001cd120fd800, 0x000001cd125de000,
0x000001cd12734800, 0x000001cd125ca000, 0x000001cd125cb000, 0x000001cd125cb800,
0x000001cd125cd000, 0x000001cd125ce000, 0x000001cd194e6800
}

Java Threads: ( => current thread )
  0x000001cd0a2c9800 JavaThread "Reference Handler" daemon [_thread_blocked, id=6864, stack(0x0000004c44000000,0x0000004c44100000)]
  0x000001cd0a2cd000 JavaThread "Finalizer" daemon [_thread_blocked, id=28420, stack(0x0000004c44100000,0x0000004c44200000)]
  0x000001cd0ab90000 JavaThread "Signal Dispatcher" daemon [_thread_blocked, id=13320, stack(0x0000004c44200000,0x0000004c44300000)]
  0x000001cd0ab92000 JavaThread "Attach Listener" daemon [_thread_blocked, id=36820, stack(0x0000004c44300000,0x0000004c44400000)]
=>0x000001cd0ab96000 JavaThread "C2 CompilerThread0" daemon [_thread_in_native, id=28976, stack(0x0000004c44400000,0x0000004c44500000)]
  0x000001cd0ab97000 JavaThread "C1 CompilerThread0" daemon [_thread_blocked, id=30296, stack(0x0000004c44500000,0x0000004c44600000)]
  0x000001cd0ab9a000 JavaThread "Sweeper thread" daemon [_thread_blocked, id=26384, stack(0x0000004c44600000,0x0000004c44700000)]
  0x000001cd0acb7000 JavaThread "Common-Cleaner" daemon [_thread_blocked, id=8540, stack(0x0000004c44700000,0x0000004c44800000)]
  0x000001cd0acbc800 JavaThread "C1 CompilerThread1" daemon [_thread_blocked, id=32316, stack(0x0000004c44800000,0x0000004c44900000)]
  0x000001cd0b8e9800 JavaThread "Monitor Ctrl-Break" daemon [_thread_in_native, id=31668, stack(0x0000004c44b00000,0x0000004c44c00000)]
  0x000001cd0b8ea000 JavaThread "Service Thread" daemon [_thread_blocked, id=21848, stack(0x0000004c44c00000,0x0000004c44d00000)]
  0x000001cd0b880000 JavaThread "OpenGL Rendered" [_thread_in_native, id=2736, stack(0x0000004c44e00000,0x0000004c44f00000)]
  0x000001cd5aaf9800 JavaThread "DestroyJavaVM" [_thread_blocked, id=996, stack(0x0000004c43900000,0x0000004c43a00000)]
  0x000001cd12136000 JavaThread "C2 CompilerThread1" daemon [_thread_blocked, id=15356, stack(0x0000004c44900000,0x0000004c44a00000)]
  0x000001cd120fd800 JavaThread "C1 CompilerThread2" daemon [_thread_blocked, id=29876, stack(0x0000004c44a00000,0x0000004c44b00000)]
  0x000001cd125de000 JavaThread "C1 CompilerThread3" daemon [_thread_blocked, id=32896, stack(0x0000004c46100000,0x0000004c46200000)]
  0x000001cd12734800 JavaThread "C2 CompilerThread2" daemon [_thread_in_native, id=19684, stack(0x0000004c46200000,0x0000004c46300000)]
  0x000001cd125ca000 JavaThread "C2 CompilerThread3" daemon [_thread_in_native, id=24212, stack(0x0000004c46300000,0x0000004c46400000)]
  0x000001cd125cb000 JavaThread "C2 CompilerThread4" daemon [_thread_in_native, id=30556, stack(0x0000004c46400000,0x0000004c46500000)]
  0x000001cd125cb800 JavaThread "C2 CompilerThread5" daemon [_thread_blocked, id=35064, stack(0x0000004c46500000,0x0000004c46600000)]
  0x000001cd125cd000 JavaThread "C2 CompilerThread6" daemon [_thread_blocked, id=3532, stack(0x0000004c46600000,0x0000004c46700000)]
  0x000001cd125ce000 JavaThread "C2 CompilerThread7" daemon [_thread_in_native, id=35036, stack(0x0000004c46700000,0x0000004c46800000)]
  0x000001cd194e6800 JavaThread "Thread-0" daemon [_thread_in_native, id=22636, stack(0x0000004c45200000,0x0000004c45300000)]

Other Threads:
  0x000001cd0a2c6000 VMThread "VM Thread" [stack: 0x0000004c43f00000,0x0000004c44000000] [id=26268]
  0x000001cd0b845800 WatcherThread [stack: 0x0000004c44d00000,0x0000004c44e00000] [id=14596]
  0x000001cd5ab81800 GCTaskThread "GC Thread#0" [stack: 0x0000004c43a00000,0x0000004c43b00000] [id=31124]
  0x000001cd125c8800 GCTaskThread "GC Thread#1" [stack: 0x0000004c45600000,0x0000004c45700000] [id=14436]
  0x000001cd12518800 GCTaskThread "GC Thread#2" [stack: 0x0000004c45700000,0x0000004c45800000] [id=29532]
  0x000001cd12444800 GCTaskThread "GC Thread#3" [stack: 0x0000004c45800000,0x0000004c45900000] [id=36608]
  0x000001cd125d9800 GCTaskThread "GC Thread#4" [stack: 0x0000004c45900000,0x0000004c45a00000] [id=7484]
  0x000001cd125da000 GCTaskThread "GC Thread#5" [stack: 0x0000004c45a00000,0x0000004c45b00000] [id=29884]
  0x000001cd125db800 GCTaskThread "GC Thread#6" [stack: 0x0000004c45b00000,0x0000004c45c00000] [id=35320]
  0x000001cd125f0000 GCTaskThread "GC Thread#7" [stack: 0x0000004c45c00000,0x0000004c45d00000] [id=23008]
  0x000001cd125f0800 GCTaskThread "GC Thread#8" [stack: 0x0000004c45d00000,0x0000004c45e00000] [id=35008]
  0x000001cd125f2800 GCTaskThread "GC Thread#9" [stack: 0x0000004c45e00000,0x0000004c45f00000] [id=27192]
  0x000001cd125f7000 GCTaskThread "GC Thread#10" [stack: 0x0000004c45f00000,0x0000004c46000000] [id=34180]
  0x000001cd125ff000 GCTaskThread "GC Thread#11" [stack: 0x0000004c46000000,0x0000004c46100000] [id=33248]
  0x000001cd5aba3000 ConcurrentGCThread "G1 Main Marker" [stack: 0x0000004c43b00000,0x0000004c43c00000] [id=15904]
  0x000001cd5aba5000 ConcurrentGCThread "G1 Conc#0" [stack: 0x0000004c43c00000,0x0000004c43d00000] [id=30272]
  0x000001cd0a27d000 ConcurrentGCThread "G1 Refine#0" [stack: 0x0000004c43d00000,0x0000004c43e00000] [id=12600]
  0x000001cd0a27f800 ConcurrentGCThread "G1 Young RemSet Sampling" [stack: 0x0000004c43e00000,0x0000004c43f00000] [id=23216]

Threads with active compile tasks:
C2 CompilerThread0     1192 1185       4       java.util.regex.Pattern$Start::match (90 bytes)
C2 CompilerThread2     1192 1029       4       java.lang.String::split (327 bytes)
C2 CompilerThread3     1192 1188       4       java.util.regex.Matcher::search (154 bytes)
C2 CompilerThread4     1192 1184       4       java.util.regex.Pattern$Branch::match (66 bytes)
C2 CompilerThread7     1192 1194       4       java.util.regex.Pattern$GroupTail::match (111 bytes)

VM state:not at safepoint (normal execution)

VM Mutex/Monitor currently owned by a thread: None

Heap address: 0x0000000601200000, size: 8174 MB, Compressed Oops mode: Zero based, Oop shift amount: 3
Narrow klass base: 0x0000000800000000, Narrow klass shift: 3
Compressed class space size: 1073741824 Address: 0x0000000800b40000

Heap:
 garbage-first heap   total 524288K, used 29233K [0x0000000601200000, 0x0000000800000000)
  region size 2048K, 16 young (32768K), 2 survivors (4096K)
 Metaspace       used 6898K, capacity 9014K, committed 9216K, reserved 1058816K
  class space    used 385K, capacity 646K, committed 768K, reserved 1048576K
Heap Regions: E=young(eden), S=young(survivor), O=old, HS=humongous(starts), HC=humongous(continues), CS=collection set, F=free, A=archive, TAMS=top-at-mark-start (previous, next)
|   0|0x0000000601200000, 0x0000000601200000, 0x0000000601400000|  0%| F|  |TAMS 0x0000000601200000, 0x0000000601200000| Untracked 
|   1|0x0000000601400000, 0x0000000601400000, 0x0000000601600000|  0%| F|  |TAMS 0x0000000601400000, 0x0000000601400000| Untracked 
|   2|0x0000000601600000, 0x0000000601600000, 0x0000000601800000|  0%| F|  |TAMS 0x0000000601600000, 0x0000000601600000| Untracked 
|   3|0x0000000601800000, 0x0000000601800000, 0x0000000601a00000|  0%| F|  |TAMS 0x0000000601800000, 0x0000000601800000| Untracked 
|   4|0x0000000601a00000, 0x0000000601a00000, 0x0000000601c00000|  0%| F|  |TAMS 0x0000000601a00000, 0x0000000601a00000| Untracked 
|   5|0x0000000601c00000, 0x0000000601c00000, 0x0000000601e00000|  0%| F|  |TAMS 0x0000000601c00000, 0x0000000601c00000| Untracked 
|   6|0x0000000601e00000, 0x0000000601e00000, 0x0000000602000000|  0%| F|  |TAMS 0x0000000601e00000, 0x0000000601e00000| Untracked 
|   7|0x0000000602000000, 0x0000000602000000, 0x0000000602200000|  0%| F|  |TAMS 0x0000000602000000, 0x0000000602000000| Untracked 
|   8|0x0000000602200000, 0x0000000602200000, 0x0000000602400000|  0%| F|  |TAMS 0x0000000602200000, 0x0000000602200000| Untracked 
|   9|0x0000000602400000, 0x0000000602400000, 0x0000000602600000|  0%| F|  |TAMS 0x0000000602400000, 0x0000000602400000| Untracked 
|  10|0x0000000602600000, 0x0000000602600000, 0x0000000602800000|  0%| F|  |TAMS 0x0000000602600000, 0x0000000602600000| Untracked 
|  11|0x0000000602800000, 0x0000000602800000, 0x0000000602a00000|  0%| F|  |TAMS 0x0000000602800000, 0x0000000602800000| Untracked 
|  12|0x0000000602a00000, 0x0000000602a00000, 0x0000000602c00000|  0%| F|  |TAMS 0x0000000602a00000, 0x0000000602a00000| Untracked 
|  13|0x0000000602c00000, 0x0000000602c00000, 0x0000000602e00000|  0%| F|  |TAMS 0x0000000602c00000, 0x0000000602c00000| Untracked 
|  14|0x0000000602e00000, 0x0000000602e00000, 0x0000000603000000|  0%| F|  |TAMS 0x0000000602e00000, 0x0000000602e00000| Untracked 
|  15|0x0000000603000000, 0x0000000603000000, 0x0000000603200000|  0%| F|  |TAMS 0x0000000603000000, 0x0000000603000000| Untracked 
|  16|0x0000000603200000, 0x0000000603200000, 0x0000000603400000|  0%| F|  |TAMS 0x0000000603200000, 0x0000000603200000| Untracked 
|  17|0x0000000603400000, 0x0000000603400000, 0x0000000603600000|  0%| F|  |TAMS 0x0000000603400000, 0x0000000603400000| Untracked 
|  18|0x0000000603600000, 0x0000000603600000, 0x0000000603800000|  0%| F|  |TAMS 0x0000000603600000, 0x0000000603600000| Untracked 
|  19|0x0000000603800000, 0x0000000603800000, 0x0000000603a00000|  0%| F|  |TAMS 0x0000000603800000, 0x0000000603800000| Untracked 
|  20|0x0000000603a00000, 0x0000000603a00000, 0x0000000603c00000|  0%| F|  |TAMS 0x0000000603a00000, 0x0000000603a00000| Untracked 
|  21|0x0000000603c00000, 0x0000000603c00000, 0x0000000603e00000|  0%| F|  |TAMS 0x0000000603c00000, 0x0000000603c00000| Untracked 
|  22|0x0000000603e00000, 0x0000000603e00000, 0x0000000604000000|  0%| F|  |TAMS 0x0000000603e00000, 0x0000000603e00000| Untracked 
|  23|0x0000000604000000, 0x0000000604000000, 0x0000000604200000|  0%| F|  |TAMS 0x0000000604000000, 0x0000000604000000| Untracked 
|  24|0x0000000604200000, 0x0000000604200000, 0x0000000604400000|  0%| F|  |TAMS 0x0000000604200000, 0x0000000604200000| Untracked 
|  25|0x0000000604400000, 0x0000000604400000, 0x0000000604600000|  0%| F|  |TAMS 0x0000000604400000, 0x0000000604400000| Untracked 
|  26|0x0000000604600000, 0x0000000604600000, 0x0000000604800000|  0%| F|  |TAMS 0x0000000604600000, 0x0000000604600000| Untracked 
|  27|0x0000000604800000, 0x0000000604800000, 0x0000000604a00000|  0%| F|  |TAMS 0x0000000604800000, 0x0000000604800000| Untracked 
|  28|0x0000000604a00000, 0x0000000604a00000, 0x0000000604c00000|  0%| F|  |TAMS 0x0000000604a00000, 0x0000000604a00000| Untracked 
|  29|0x0000000604c00000, 0x0000000604c00000, 0x0000000604e00000|  0%| F|  |TAMS 0x0000000604c00000, 0x0000000604c00000| Untracked 
|  30|0x0000000604e00000, 0x0000000604e00000, 0x0000000605000000|  0%| F|  |TAMS 0x0000000604e00000, 0x0000000604e00000| Untracked 
|  31|0x0000000605000000, 0x0000000605000000, 0x0000000605200000|  0%| F|  |TAMS 0x0000000605000000, 0x0000000605000000| Untracked 
|  32|0x0000000605200000, 0x0000000605200000, 0x0000000605400000|  0%| F|  |TAMS 0x0000000605200000, 0x0000000605200000| Untracked 
|  33|0x0000000605400000, 0x0000000605400000, 0x0000000605600000|  0%| F|  |TAMS 0x0000000605400000, 0x0000000605400000| Untracked 
|  34|0x0000000605600000, 0x0000000605600000, 0x0000000605800000|  0%| F|  |TAMS 0x0000000605600000, 0x0000000605600000| Untracked 
|  35|0x0000000605800000, 0x0000000605800000, 0x0000000605a00000|  0%| F|  |TAMS 0x0000000605800000, 0x0000000605800000| Untracked 
|  36|0x0000000605a00000, 0x0000000605a00000, 0x0000000605c00000|  0%| F|  |TAMS 0x0000000605a00000, 0x0000000605a00000| Untracked 
|  37|0x0000000605c00000, 0x0000000605c00000, 0x0000000605e00000|  0%| F|  |TAMS 0x0000000605c00000, 0x0000000605c00000| Untracked 
|  38|0x0000000605e00000, 0x0000000605e00000, 0x0000000606000000|  0%| F|  |TAMS 0x0000000605e00000, 0x0000000605e00000| Untracked 
|  39|0x0000000606000000, 0x0000000606000000, 0x0000000606200000|  0%| F|  |TAMS 0x0000000606000000, 0x0000000606000000| Untracked 
|  40|0x0000000606200000, 0x0000000606200000, 0x0000000606400000|  0%| F|  |TAMS 0x0000000606200000, 0x0000000606200000| Untracked 
|  41|0x0000000606400000, 0x0000000606400000, 0x0000000606600000|  0%| F|  |TAMS 0x0000000606400000, 0x0000000606400000| Untracked 
|  42|0x0000000606600000, 0x0000000606600000, 0x0000000606800000|  0%| F|  |TAMS 0x0000000606600000, 0x0000000606600000| Untracked 
|  43|0x0000000606800000, 0x0000000606800000, 0x0000000606a00000|  0%| F|  |TAMS 0x0000000606800000, 0x0000000606800000| Untracked 
|  44|0x0000000606a00000, 0x0000000606a00000, 0x0000000606c00000|  0%| F|  |TAMS 0x0000000606a00000, 0x0000000606a00000| Untracked 
|  45|0x0000000606c00000, 0x0000000606c00000, 0x0000000606e00000|  0%| F|  |TAMS 0x0000000606c00000, 0x0000000606c00000| Untracked 
|  46|0x0000000606e00000, 0x0000000606e00000, 0x0000000607000000|  0%| F|  |TAMS 0x0000000606e00000, 0x0000000606e00000| Untracked 
|  47|0x0000000607000000, 0x0000000607000000, 0x0000000607200000|  0%| F|  |TAMS 0x0000000607000000, 0x0000000607000000| Untracked 
|  48|0x0000000607200000, 0x0000000607200000, 0x0000000607400000|  0%| F|  |TAMS 0x0000000607200000, 0x0000000607200000| Untracked 
|  49|0x0000000607400000, 0x0000000607400000, 0x0000000607600000|  0%| F|  |TAMS 0x0000000607400000, 0x0000000607400000| Untracked 
|  50|0x0000000607600000, 0x0000000607600000, 0x0000000607800000|  0%| F|  |TAMS 0x0000000607600000, 0x0000000607600000| Untracked 
|  51|0x0000000607800000, 0x0000000607800000, 0x0000000607a00000|  0%| F|  |TAMS 0x0000000607800000, 0x0000000607800000| Untracked 
|  52|0x0000000607a00000, 0x0000000607a00000, 0x0000000607c00000|  0%| F|  |TAMS 0x0000000607a00000, 0x0000000607a00000| Untracked 
|  53|0x0000000607c00000, 0x0000000607c00000, 0x0000000607e00000|  0%| F|  |TAMS 0x0000000607c00000, 0x0000000607c00000| Untracked 
|  54|0x0000000607e00000, 0x0000000607e00000, 0x0000000608000000|  0%| F|  |TAMS 0x0000000607e00000, 0x0000000607e00000| Untracked 
|  55|0x0000000608000000, 0x0000000608000000, 0x0000000608200000|  0%| F|  |TAMS 0x0000000608000000, 0x0000000608000000| Untracked 
|  56|0x0000000608200000, 0x0000000608200000, 0x0000000608400000|  0%| F|  |TAMS 0x0000000608200000, 0x0000000608200000| Untracked 
|  57|0x0000000608400000, 0x0000000608400000, 0x0000000608600000|  0%| F|  |TAMS 0x0000000608400000, 0x0000000608400000| Untracked 
|  58|0x0000000608600000, 0x0000000608600000, 0x0000000608800000|  0%| F|  |TAMS 0x0000000608600000, 0x0000000608600000| Untracked 
|  59|0x0000000608800000, 0x0000000608800000, 0x0000000608a00000|  0%| F|  |TAMS 0x0000000608800000, 0x0000000608800000| Untracked 
|  60|0x0000000608a00000, 0x0000000608a00000, 0x0000000608c00000|  0%| F|  |TAMS 0x0000000608a00000, 0x0000000608a00000| Untracked 
|  61|0x0000000608c00000, 0x0000000608c00000, 0x0000000608e00000|  0%| F|  |TAMS 0x0000000608c00000, 0x0000000608c00000| Untracked 
|  62|0x0000000608e00000, 0x0000000608e00000, 0x0000000609000000|  0%| F|  |TAMS 0x0000000608e00000, 0x0000000608e00000| Untracked 
|  63|0x0000000609000000, 0x0000000609000000, 0x0000000609200000|  0%| F|  |TAMS 0x0000000609000000, 0x0000000609000000| Untracked 
|  64|0x0000000609200000, 0x0000000609200000, 0x0000000609400000|  0%| F|  |TAMS 0x0000000609200000, 0x0000000609200000| Untracked 
|  65|0x0000000609400000, 0x0000000609400000, 0x0000000609600000|  0%| F|  |TAMS 0x0000000609400000, 0x0000000609400000| Untracked 
|  66|0x0000000609600000, 0x0000000609600000, 0x0000000609800000|  0%| F|  |TAMS 0x0000000609600000, 0x0000000609600000| Untracked 
|  67|0x0000000609800000, 0x0000000609800000, 0x0000000609a00000|  0%| F|  |TAMS 0x0000000609800000, 0x0000000609800000| Untracked 
|  68|0x0000000609a00000, 0x0000000609a00000, 0x0000000609c00000|  0%| F|  |TAMS 0x0000000609a00000, 0x0000000609a00000| Untracked 
|  69|0x0000000609c00000, 0x0000000609c00000, 0x0000000609e00000|  0%| F|  |TAMS 0x0000000609c00000, 0x0000000609c00000| Untracked 
|  70|0x0000000609e00000, 0x0000000609e00000, 0x000000060a000000|  0%| F|  |TAMS 0x0000000609e00000, 0x0000000609e00000| Untracked 
|  71|0x000000060a000000, 0x000000060a000000, 0x000000060a200000|  0%| F|  |TAMS 0x000000060a000000, 0x000000060a000000| Untracked 
|  72|0x000000060a200000, 0x000000060a200000, 0x000000060a400000|  0%| F|  |TAMS 0x000000060a200000, 0x000000060a200000| Untracked 
|  73|0x000000060a400000, 0x000000060a400000, 0x000000060a600000|  0%| F|  |TAMS 0x000000060a400000, 0x000000060a400000| Untracked 
|  74|0x000000060a600000, 0x000000060a600000, 0x000000060a800000|  0%| F|  |TAMS 0x000000060a600000, 0x000000060a600000| Untracked 
|  75|0x000000060a800000, 0x000000060a800000, 0x000000060aa00000|  0%| F|  |TAMS 0x000000060a800000, 0x000000060a800000| Untracked 
|  76|0x000000060aa00000, 0x000000060aa00000, 0x000000060ac00000|  0%| F|  |TAMS 0x000000060aa00000, 0x000000060aa00000| Untracked 
|  77|0x000000060ac00000, 0x000000060ac00000, 0x000000060ae00000|  0%| F|  |TAMS 0x000000060ac00000, 0x000000060ac00000| Untracked 
|  78|0x000000060ae00000, 0x000000060ae00000, 0x000000060b000000|  0%| F|  |TAMS 0x000000060ae00000, 0x000000060ae00000| Untracked 
|  79|0x000000060b000000, 0x000000060b000000, 0x000000060b200000|  0%| F|  |TAMS 0x000000060b000000, 0x000000060b000000| Untracked 
|  80|0x000000060b200000, 0x000000060b200000, 0x000000060b400000|  0%| F|  |TAMS 0x000000060b200000, 0x000000060b200000| Untracked 
|  81|0x000000060b400000, 0x000000060b400000, 0x000000060b600000|  0%| F|  |TAMS 0x000000060b400000, 0x000000060b400000| Untracked 
|  82|0x000000060b600000, 0x000000060b600000, 0x000000060b800000|  0%| F|  |TAMS 0x000000060b600000, 0x000000060b600000| Untracked 
|  83|0x000000060b800000, 0x000000060b800000, 0x000000060ba00000|  0%| F|  |TAMS 0x000000060b800000, 0x000000060b800000| Untracked 
|  84|0x000000060ba00000, 0x000000060ba00000, 0x000000060bc00000|  0%| F|  |TAMS 0x000000060ba00000, 0x000000060ba00000| Untracked 
|  85|0x000000060bc00000, 0x000000060bc00000, 0x000000060be00000|  0%| F|  |TAMS 0x000000060bc00000, 0x000000060bc00000| Untracked 
|  86|0x000000060be00000, 0x000000060be00000, 0x000000060c000000|  0%| F|  |TAMS 0x000000060be00000, 0x000000060be00000| Untracked 
|  87|0x000000060c000000, 0x000000060c000000, 0x000000060c200000|  0%| F|  |TAMS 0x000000060c000000, 0x000000060c000000| Untracked 
|  88|0x000000060c200000, 0x000000060c200000, 0x000000060c400000|  0%| F|  |TAMS 0x000000060c200000, 0x000000060c200000| Untracked 
|  89|0x000000060c400000, 0x000000060c400000, 0x000000060c600000|  0%| F|  |TAMS 0x000000060c400000, 0x000000060c400000| Untracked 
|  90|0x000000060c600000, 0x000000060c600000, 0x000000060c800000|  0%| F|  |TAMS 0x000000060c600000, 0x000000060c600000| Untracked 
|  91|0x000000060c800000, 0x000000060c800000, 0x000000060ca00000|  0%| F|  |TAMS 0x000000060c800000, 0x000000060c800000| Untracked 
|  92|0x000000060ca00000, 0x000000060ca00000, 0x000000060cc00000|  0%| F|  |TAMS 0x000000060ca00000, 0x000000060ca00000| Untracked 
|  93|0x000000060cc00000, 0x000000060cc00000, 0x000000060ce00000|  0%| F|  |TAMS 0x000000060cc00000, 0x000000060cc00000| Untracked 
|  94|0x000000060ce00000, 0x000000060ce00000, 0x000000060d000000|  0%| F|  |TAMS 0x000000060ce00000, 0x000000060ce00000| Untracked 
|  95|0x000000060d000000, 0x000000060d000000, 0x000000060d200000|  0%| F|  |TAMS 0x000000060d000000, 0x000000060d000000| Untracked 
|  96|0x000000060d200000, 0x000000060d200000, 0x000000060d400000|  0%| F|  |TAMS 0x000000060d200000, 0x000000060d200000| Untracked 
|  97|0x000000060d400000, 0x000000060d400000, 0x000000060d600000|  0%| F|  |TAMS 0x000000060d400000, 0x000000060d400000| Untracked 
|  98|0x000000060d600000, 0x000000060d600000, 0x000000060d800000|  0%| F|  |TAMS 0x000000060d600000, 0x000000060d600000| Untracked 
|  99|0x000000060d800000, 0x000000060d800000, 0x000000060da00000|  0%| F|  |TAMS 0x000000060d800000, 0x000000060d800000| Untracked 
| 100|0x000000060da00000, 0x000000060da00000, 0x000000060dc00000|  0%| F|  |TAMS 0x000000060da00000, 0x000000060da00000| Untracked 
| 101|0x000000060dc00000, 0x000000060dc00000, 0x000000060de00000|  0%| F|  |TAMS 0x000000060dc00000, 0x000000060dc00000| Untracked 
| 102|0x000000060de00000, 0x000000060de00000, 0x000000060e000000|  0%| F|  |TAMS 0x000000060de00000, 0x000000060de00000| Untracked 
| 103|0x000000060e000000, 0x000000060e000000, 0x000000060e200000|  0%| F|  |TAMS 0x000000060e000000, 0x000000060e000000| Untracked 
| 104|0x000000060e200000, 0x000000060e200000, 0x000000060e400000|  0%| F|  |TAMS 0x000000060e200000, 0x000000060e200000| Untracked 
| 105|0x000000060e400000, 0x000000060e400000, 0x000000060e600000|  0%| F|  |TAMS 0x000000060e400000, 0x000000060e400000| Untracked 
| 106|0x000000060e600000, 0x000000060e600000, 0x000000060e800000|  0%| F|  |TAMS 0x000000060e600000, 0x000000060e600000| Untracked 
| 107|0x000000060e800000, 0x000000060e800000, 0x000000060ea00000|  0%| F|  |TAMS 0x000000060e800000, 0x000000060e800000| Untracked 
| 108|0x000000060ea00000, 0x000000060ea00000, 0x000000060ec00000|  0%| F|  |TAMS 0x000000060ea00000, 0x000000060ea00000| Untracked 
| 109|0x000000060ec00000, 0x000000060ec00000, 0x000000060ee00000|  0%| F|  |TAMS 0x000000060ec00000, 0x000000060ec00000| Untracked 
| 110|0x000000060ee00000, 0x000000060ee00000, 0x000000060f000000|  0%| F|  |TAMS 0x000000060ee00000, 0x000000060ee00000| Untracked 
| 111|0x000000060f000000, 0x000000060f000000, 0x000000060f200000|  0%| F|  |TAMS 0x000000060f000000, 0x000000060f000000| Untracked 
| 112|0x000000060f200000, 0x000000060f200000, 0x000000060f400000|  0%| F|  |TAMS 0x000000060f200000, 0x000000060f200000| Untracked 
| 113|0x000000060f400000, 0x000000060f400000, 0x000000060f600000|  0%| F|  |TAMS 0x000000060f400000, 0x000000060f400000| Untracked 
| 114|0x000000060f600000, 0x000000060f600000, 0x000000060f800000|  0%| F|  |TAMS 0x000000060f600000, 0x000000060f600000| Untracked 
| 115|0x000000060f800000, 0x000000060f800000, 0x000000060fa00000|  0%| F|  |TAMS 0x000000060f800000, 0x000000060f800000| Untracked 
| 116|0x000000060fa00000, 0x000000060fa00000, 0x000000060fc00000|  0%| F|  |TAMS 0x000000060fa00000, 0x000000060fa00000| Untracked 
| 117|0x000000060fc00000, 0x000000060fc00000, 0x000000060fe00000|  0%| F|  |TAMS 0x000000060fc00000, 0x000000060fc00000| Untracked 
| 118|0x000000060fe00000, 0x000000060fe00000, 0x0000000610000000|  0%| F|  |TAMS 0x000000060fe00000, 0x000000060fe00000| Untracked 
| 119|0x0000000610000000, 0x0000000610000000, 0x0000000610200000|  0%| F|  |TAMS 0x0000000610000000, 0x0000000610000000| Untracked 
| 120|0x0000000610200000, 0x0000000610200000, 0x0000000610400000|  0%| F|  |TAMS 0x0000000610200000, 0x0000000610200000| Untracked 
| 121|0x0000000610400000, 0x0000000610400000, 0x0000000610600000|  0%| F|  |TAMS 0x0000000610400000, 0x0000000610400000| Untracked 
| 122|0x0000000610600000, 0x0000000610600000, 0x0000000610800000|  0%| F|  |TAMS 0x0000000610600000, 0x0000000610600000| Untracked 
| 123|0x0000000610800000, 0x0000000610800000, 0x0000000610a00000|  0%| F|  |TAMS 0x0000000610800000, 0x0000000610800000| Untracked 
| 124|0x0000000610a00000, 0x0000000610a00000, 0x0000000610c00000|  0%| F|  |TAMS 0x0000000610a00000, 0x0000000610a00000| Untracked 
| 125|0x0000000610c00000, 0x0000000610c00000, 0x0000000610e00000|  0%| F|  |TAMS 0x0000000610c00000, 0x0000000610c00000| Untracked 
| 126|0x0000000610e00000, 0x0000000610e00000, 0x0000000611000000|  0%| F|  |TAMS 0x0000000610e00000, 0x0000000610e00000| Untracked 
| 127|0x0000000611000000, 0x0000000611000000, 0x0000000611200000|  0%| F|  |TAMS 0x0000000611000000, 0x0000000611000000| Untracked 
| 128|0x0000000611200000, 0x0000000611200000, 0x0000000611400000|  0%| F|  |TAMS 0x0000000611200000, 0x0000000611200000| Untracked 
| 129|0x0000000611400000, 0x0000000611400000, 0x0000000611600000|  0%| F|  |TAMS 0x0000000611400000, 0x0000000611400000| Untracked 
| 130|0x0000000611600000, 0x0000000611600000, 0x0000000611800000|  0%| F|  |TAMS 0x0000000611600000, 0x0000000611600000| Untracked 
| 131|0x0000000611800000, 0x0000000611800000, 0x0000000611a00000|  0%| F|  |TAMS 0x0000000611800000, 0x0000000611800000| Untracked 
| 132|0x0000000611a00000, 0x0000000611a00000, 0x0000000611c00000|  0%| F|  |TAMS 0x0000000611a00000, 0x0000000611a00000| Untracked 
| 133|0x0000000611c00000, 0x0000000611c00000, 0x0000000611e00000|  0%| F|  |TAMS 0x0000000611c00000, 0x0000000611c00000| Untracked 
| 134|0x0000000611e00000, 0x0000000611e00000, 0x0000000612000000|  0%| F|  |TAMS 0x0000000611e00000, 0x0000000611e00000| Untracked 
| 135|0x0000000612000000, 0x0000000612000000, 0x0000000612200000|  0%| F|  |TAMS 0x0000000612000000, 0x0000000612000000| Untracked 
| 136|0x0000000612200000, 0x0000000612200000, 0x0000000612400000|  0%| F|  |TAMS 0x0000000612200000, 0x0000000612200000| Untracked 
| 137|0x0000000612400000, 0x0000000612400000, 0x0000000612600000|  0%| F|  |TAMS 0x0000000612400000, 0x0000000612400000| Untracked 
| 138|0x0000000612600000, 0x0000000612600000, 0x0000000612800000|  0%| F|  |TAMS 0x0000000612600000, 0x0000000612600000| Untracked 
| 139|0x0000000612800000, 0x0000000612800000, 0x0000000612a00000|  0%| F|  |TAMS 0x0000000612800000, 0x0000000612800000| Untracked 
| 140|0x0000000612a00000, 0x0000000612a00000, 0x0000000612c00000|  0%| F|  |TAMS 0x0000000612a00000, 0x0000000612a00000| Untracked 
| 141|0x0000000612c00000, 0x0000000612c00000, 0x0000000612e00000|  0%| F|  |TAMS 0x0000000612c00000, 0x0000000612c00000| Untracked 
| 142|0x0000000612e00000, 0x0000000612e00000, 0x0000000613000000|  0%| F|  |TAMS 0x0000000612e00000, 0x0000000612e00000| Untracked 
| 143|0x0000000613000000, 0x0000000613000000, 0x0000000613200000|  0%| F|  |TAMS 0x0000000613000000, 0x0000000613000000| Untracked 
| 144|0x0000000613200000, 0x0000000613200000, 0x0000000613400000|  0%| F|  |TAMS 0x0000000613200000, 0x0000000613200000| Untracked 
| 145|0x0000000613400000, 0x0000000613400000, 0x0000000613600000|  0%| F|  |TAMS 0x0000000613400000, 0x0000000613400000| Untracked 
| 146|0x0000000613600000, 0x0000000613600000, 0x0000000613800000|  0%| F|  |TAMS 0x0000000613600000, 0x0000000613600000| Untracked 
| 147|0x0000000613800000, 0x0000000613800000, 0x0000000613a00000|  0%| F|  |TAMS 0x0000000613800000, 0x0000000613800000| Untracked 
| 148|0x0000000613a00000, 0x0000000613a00000, 0x0000000613c00000|  0%| F|  |TAMS 0x0000000613a00000, 0x0000000613a00000| Untracked 
| 149|0x0000000613c00000, 0x0000000613c00000, 0x0000000613e00000|  0%| F|  |TAMS 0x0000000613c00000, 0x0000000613c00000| Untracked 
| 150|0x0000000613e00000, 0x0000000613e00000, 0x0000000614000000|  0%| F|  |TAMS 0x0000000613e00000, 0x0000000613e00000| Untracked 
| 151|0x0000000614000000, 0x0000000614000000, 0x0000000614200000|  0%| F|  |TAMS 0x0000000614000000, 0x0000000614000000| Untracked 
| 152|0x0000000614200000, 0x0000000614200000, 0x0000000614400000|  0%| F|  |TAMS 0x0000000614200000, 0x0000000614200000| Untracked 
| 153|0x0000000614400000, 0x0000000614400000, 0x0000000614600000|  0%| F|  |TAMS 0x0000000614400000, 0x0000000614400000| Untracked 
| 154|0x0000000614600000, 0x0000000614600000, 0x0000000614800000|  0%| F|  |TAMS 0x0000000614600000, 0x0000000614600000| Untracked 
| 155|0x0000000614800000, 0x0000000614800000, 0x0000000614a00000|  0%| F|  |TAMS 0x0000000614800000, 0x0000000614800000| Untracked 
| 156|0x0000000614a00000, 0x0000000614a00000, 0x0000000614c00000|  0%| F|  |TAMS 0x0000000614a00000, 0x0000000614a00000| Untracked 
| 157|0x0000000614c00000, 0x0000000614c00000, 0x0000000614e00000|  0%| F|  |TAMS 0x0000000614c00000, 0x0000000614c00000| Untracked 
| 158|0x0000000614e00000, 0x0000000614e00000, 0x0000000615000000|  0%| F|  |TAMS 0x0000000614e00000, 0x0000000614e00000| Untracked 
| 159|0x0000000615000000, 0x0000000615000000, 0x0000000615200000|  0%| F|  |TAMS 0x0000000615000000, 0x0000000615000000| Untracked 
| 160|0x0000000615200000, 0x0000000615200000, 0x0000000615400000|  0%| F|  |TAMS 0x0000000615200000, 0x0000000615200000| Untracked 
| 161|0x0000000615400000, 0x0000000615400000, 0x0000000615600000|  0%| F|  |TAMS 0x0000000615400000, 0x0000000615400000| Untracked 
| 162|0x0000000615600000, 0x0000000615600000, 0x0000000615800000|  0%| F|  |TAMS 0x0000000615600000, 0x0000000615600000| Untracked 
| 163|0x0000000615800000, 0x0000000615800000, 0x0000000615a00000|  0%| F|  |TAMS 0x0000000615800000, 0x0000000615800000| Untracked 
| 164|0x0000000615a00000, 0x0000000615a00000, 0x0000000615c00000|  0%| F|  |TAMS 0x0000000615a00000, 0x0000000615a00000| Untracked 
| 165|0x0000000615c00000, 0x0000000615c00000, 0x0000000615e00000|  0%| F|  |TAMS 0x0000000615c00000, 0x0000000615c00000| Untracked 
| 166|0x0000000615e00000, 0x0000000615e00000, 0x0000000616000000|  0%| F|  |TAMS 0x0000000615e00000, 0x0000000615e00000| Untracked 
| 167|0x0000000616000000, 0x0000000616000000, 0x0000000616200000|  0%| F|  |TAMS 0x0000000616000000, 0x0000000616000000| Untracked 
| 168|0x0000000616200000, 0x0000000616200000, 0x0000000616400000|  0%| F|  |TAMS 0x0000000616200000, 0x0000000616200000| Untracked 
| 169|0x0000000616400000, 0x0000000616400000, 0x0000000616600000|  0%| F|  |TAMS 0x0000000616400000, 0x0000000616400000| Untracked 
| 170|0x0000000616600000, 0x0000000616600000, 0x0000000616800000|  0%| F|  |TAMS 0x0000000616600000, 0x0000000616600000| Untracked 
| 171|0x0000000616800000, 0x0000000616800000, 0x0000000616a00000|  0%| F|  |TAMS 0x0000000616800000, 0x0000000616800000| Untracked 
| 172|0x0000000616a00000, 0x0000000616a00000, 0x0000000616c00000|  0%| F|  |TAMS 0x0000000616a00000, 0x0000000616a00000| Untracked 
| 173|0x0000000616c00000, 0x0000000616c00000, 0x0000000616e00000|  0%| F|  |TAMS 0x0000000616c00000, 0x0000000616c00000| Untracked 
| 174|0x0000000616e00000, 0x0000000616e00000, 0x0000000617000000|  0%| F|  |TAMS 0x0000000616e00000, 0x0000000616e00000| Untracked 
| 175|0x0000000617000000, 0x0000000617000000, 0x0000000617200000|  0%| F|  |TAMS 0x0000000617000000, 0x0000000617000000| Untracked 
| 176|0x0000000617200000, 0x0000000617200000, 0x0000000617400000|  0%| F|  |TAMS 0x0000000617200000, 0x0000000617200000| Untracked 
| 177|0x0000000617400000, 0x0000000617400000, 0x0000000617600000|  0%| F|  |TAMS 0x0000000617400000, 0x0000000617400000| Untracked 
| 178|0x0000000617600000, 0x0000000617600000, 0x0000000617800000|  0%| F|  |TAMS 0x0000000617600000, 0x0000000617600000| Untracked 
| 179|0x0000000617800000, 0x0000000617800000, 0x0000000617a00000|  0%| F|  |TAMS 0x0000000617800000, 0x0000000617800000| Untracked 
| 180|0x0000000617a00000, 0x0000000617a00000, 0x0000000617c00000|  0%| F|  |TAMS 0x0000000617a00000, 0x0000000617a00000| Untracked 
| 181|0x0000000617c00000, 0x0000000617c00000, 0x0000000617e00000|  0%| F|  |TAMS 0x0000000617c00000, 0x0000000617c00000| Untracked 
| 182|0x0000000617e00000, 0x0000000617e00000, 0x0000000618000000|  0%| F|  |TAMS 0x0000000617e00000, 0x0000000617e00000| Untracked 
| 183|0x0000000618000000, 0x0000000618000000, 0x0000000618200000|  0%| F|  |TAMS 0x0000000618000000, 0x0000000618000000| Untracked 
| 184|0x0000000618200000, 0x0000000618200000, 0x0000000618400000|  0%| F|  |TAMS 0x0000000618200000, 0x0000000618200000| Untracked 
| 185|0x0000000618400000, 0x0000000618400000, 0x0000000618600000|  0%| F|  |TAMS 0x0000000618400000, 0x0000000618400000| Untracked 
| 186|0x0000000618600000, 0x0000000618600000, 0x0000000618800000|  0%| F|  |TAMS 0x0000000618600000, 0x0000000618600000| Untracked 
| 187|0x0000000618800000, 0x0000000618800000, 0x0000000618a00000|  0%| F|  |TAMS 0x0000000618800000, 0x0000000618800000| Untracked 
| 188|0x0000000618a00000, 0x0000000618a00000, 0x0000000618c00000|  0%| F|  |TAMS 0x0000000618a00000, 0x0000000618a00000| Untracked 
| 189|0x0000000618c00000, 0x0000000618c00000, 0x0000000618e00000|  0%| F|  |TAMS 0x0000000618c00000, 0x0000000618c00000| Untracked 
| 190|0x0000000618e00000, 0x0000000618e00000, 0x0000000619000000|  0%| F|  |TAMS 0x0000000618e00000, 0x0000000618e00000| Untracked 
| 191|0x0000000619000000, 0x0000000619000000, 0x0000000619200000|  0%| F|  |TAMS 0x0000000619000000, 0x0000000619000000| Untracked 
| 192|0x0000000619200000, 0x0000000619200000, 0x0000000619400000|  0%| F|  |TAMS 0x0000000619200000, 0x0000000619200000| Untracked 
| 193|0x0000000619400000, 0x0000000619400000, 0x0000000619600000|  0%| F|  |TAMS 0x0000000619400000, 0x0000000619400000| Untracked 
| 194|0x0000000619600000, 0x0000000619600000, 0x0000000619800000|  0%| F|  |TAMS 0x0000000619600000, 0x0000000619600000| Untracked 
| 195|0x0000000619800000, 0x0000000619800000, 0x0000000619a00000|  0%| F|  |TAMS 0x0000000619800000, 0x0000000619800000| Untracked 
| 196|0x0000000619a00000, 0x0000000619a00000, 0x0000000619c00000|  0%| F|  |TAMS 0x0000000619a00000, 0x0000000619a00000| Untracked 
| 197|0x0000000619c00000, 0x0000000619c00000, 0x0000000619e00000|  0%| F|  |TAMS 0x0000000619c00000, 0x0000000619c00000| Untracked 
| 198|0x0000000619e00000, 0x0000000619e00000, 0x000000061a000000|  0%| F|  |TAMS 0x0000000619e00000, 0x0000000619e00000| Untracked 
| 199|0x000000061a000000, 0x000000061a000000, 0x000000061a200000|  0%| F|  |TAMS 0x000000061a000000, 0x000000061a000000| Untracked 
| 200|0x000000061a200000, 0x000000061a200000, 0x000000061a400000|  0%| F|  |TAMS 0x000000061a200000, 0x000000061a200000| Untracked 
| 201|0x000000061a400000, 0x000000061a400000, 0x000000061a600000|  0%| F|  |TAMS 0x000000061a400000, 0x000000061a400000| Untracked 
| 202|0x000000061a600000, 0x000000061a600000, 0x000000061a800000|  0%| F|  |TAMS 0x000000061a600000, 0x000000061a600000| Untracked 
| 203|0x000000061a800000, 0x000000061a800000, 0x000000061aa00000|  0%| F|  |TAMS 0x000000061a800000, 0x000000061a800000| Untracked 
| 204|0x000000061aa00000, 0x000000061aa00000, 0x000000061ac00000|  0%| F|  |TAMS 0x000000061aa00000, 0x000000061aa00000| Untracked 
| 205|0x000000061ac00000, 0x000000061ac00000, 0x000000061ae00000|  0%| F|  |TAMS 0x000000061ac00000, 0x000000061ac00000| Untracked 
| 206|0x000000061ae00000, 0x000000061ae00000, 0x000000061b000000|  0%| F|  |TAMS 0x000000061ae00000, 0x000000061ae00000| Untracked 
| 207|0x000000061b000000, 0x000000061b000000, 0x000000061b200000|  0%| F|  |TAMS 0x000000061b000000, 0x000000061b000000| Untracked 
| 208|0x000000061b200000, 0x000000061b200000, 0x000000061b400000|  0%| F|  |TAMS 0x000000061b200000, 0x000000061b200000| Untracked 
| 209|0x000000061b400000, 0x000000061b400000, 0x000000061b600000|  0%| F|  |TAMS 0x000000061b400000, 0x000000061b400000| Untracked 
| 210|0x000000061b600000, 0x000000061b600000, 0x000000061b800000|  0%| F|  |TAMS 0x000000061b600000, 0x000000061b600000| Untracked 
| 211|0x000000061b800000, 0x000000061b800000, 0x000000061ba00000|  0%| F|  |TAMS 0x000000061b800000, 0x000000061b800000| Untracked 
| 212|0x000000061ba00000, 0x000000061ba00000, 0x000000061bc00000|  0%| F|  |TAMS 0x000000061ba00000, 0x000000061ba00000| Untracked 
| 213|0x000000061bc00000, 0x000000061bc00000, 0x000000061be00000|  0%| F|  |TAMS 0x000000061bc00000, 0x000000061bc00000| Untracked 
| 214|0x000000061be00000, 0x000000061be00000, 0x000000061c000000|  0%| F|  |TAMS 0x000000061be00000, 0x000000061be00000| Untracked 
| 215|0x000000061c000000, 0x000000061c000000, 0x000000061c200000|  0%| F|  |TAMS 0x000000061c000000, 0x000000061c000000| Untracked 
| 216|0x000000061c200000, 0x000000061c200000, 0x000000061c400000|  0%| F|  |TAMS 0x000000061c200000, 0x000000061c200000| Untracked 
| 217|0x000000061c400000, 0x000000061c400000, 0x000000061c600000|  0%| F|  |TAMS 0x000000061c400000, 0x000000061c400000| Untracked 
| 218|0x000000061c600000, 0x000000061c600000, 0x000000061c800000|  0%| F|  |TAMS 0x000000061c600000, 0x000000061c600000| Untracked 
| 219|0x000000061c800000, 0x000000061c800000, 0x000000061ca00000|  0%| F|  |TAMS 0x000000061c800000, 0x000000061c800000| Untracked 
| 220|0x000000061ca00000, 0x000000061ca00000, 0x000000061cc00000|  0%| F|  |TAMS 0x000000061ca00000, 0x000000061ca00000| Untracked 
| 221|0x000000061cc00000, 0x000000061cc00000, 0x000000061ce00000|  0%| F|  |TAMS 0x000000061cc00000, 0x000000061cc00000| Untracked 
| 222|0x000000061ce00000, 0x000000061ce00000, 0x000000061d000000|  0%| F|  |TAMS 0x000000061ce00000, 0x000000061ce00000| Untracked 
| 223|0x000000061d000000, 0x000000061d000000, 0x000000061d200000|  0%| F|  |TAMS 0x000000061d000000, 0x000000061d000000| Untracked 
| 224|0x000000061d200000, 0x000000061d200000, 0x000000061d400000|  0%| F|  |TAMS 0x000000061d200000, 0x000000061d200000| Untracked 
| 225|0x000000061d400000, 0x000000061d400000, 0x000000061d600000|  0%| F|  |TAMS 0x000000061d400000, 0x000000061d400000| Untracked 
| 226|0x000000061d600000, 0x000000061d600000, 0x000000061d800000|  0%| F|  |TAMS 0x000000061d600000, 0x000000061d600000| Untracked 
| 227|0x000000061d800000, 0x000000061d800000, 0x000000061da00000|  0%| F|  |TAMS 0x000000061d800000, 0x000000061d800000| Untracked 
| 228|0x000000061da00000, 0x000000061da00000, 0x000000061dc00000|  0%| F|  |TAMS 0x000000061da00000, 0x000000061da00000| Untracked 
| 229|0x000000061dc00000, 0x000000061dc00000, 0x000000061de00000|  0%| F|  |TAMS 0x000000061dc00000, 0x000000061dc00000| Untracked 
| 230|0x000000061de00000, 0x000000061de00000, 0x000000061e000000|  0%| F|  |TAMS 0x000000061de00000, 0x000000061de00000| Untracked 
| 231|0x000000061e000000, 0x000000061e000000, 0x000000061e200000|  0%| F|  |TAMS 0x000000061e000000, 0x000000061e000000| Untracked 
| 232|0x000000061e200000, 0x000000061e200000, 0x000000061e400000|  0%| F|  |TAMS 0x000000061e200000, 0x000000061e200000| Untracked 
| 233|0x000000061e400000, 0x000000061e400000, 0x000000061e600000|  0%| F|  |TAMS 0x000000061e400000, 0x000000061e400000| Untracked 
| 234|0x000000061e600000, 0x000000061e600000, 0x000000061e800000|  0%| F|  |TAMS 0x000000061e600000, 0x000000061e600000| Untracked 
| 235|0x000000061e800000, 0x000000061e800000, 0x000000061ea00000|  0%| F|  |TAMS 0x000000061e800000, 0x000000061e800000| Untracked 
| 236|0x000000061ea00000, 0x000000061ea00000, 0x000000061ec00000|  0%| F|  |TAMS 0x000000061ea00000, 0x000000061ea00000| Untracked 
| 237|0x000000061ec00000, 0x000000061ec00000, 0x000000061ee00000|  0%| F|  |TAMS 0x000000061ec00000, 0x000000061ec00000| Untracked 
| 238|0x000000061ee00000, 0x000000061ee00000, 0x000000061f000000|  0%| F|  |TAMS 0x000000061ee00000, 0x000000061ee00000| Untracked 
| 239|0x000000061f000000, 0x000000061f000000, 0x000000061f200000|  0%| F|  |TAMS 0x000000061f000000, 0x000000061f000000| Untracked 
| 240|0x000000061f200000, 0x000000061f300800, 0x000000061f400000| 50%| E|  |TAMS 0x000000061f200000, 0x000000061f200000| Complete 
| 241|0x000000061f400000, 0x000000061f600000, 0x000000061f600000|100%| E|CS|TAMS 0x000000061f400000, 0x000000061f400000| Complete 
| 242|0x000000061f600000, 0x000000061f68c518, 0x000000061f800000| 27%| S|CS|TAMS 0x000000061f600000, 0x000000061f600000| Complete 
| 243|0x000000061f800000, 0x000000061fa00000, 0x000000061fa00000|100%| S|CS|TAMS 0x000000061f800000, 0x000000061f800000| Complete 
| 244|0x000000061fa00000, 0x000000061fc00000, 0x000000061fc00000|100%| E|CS|TAMS 0x000000061fa00000, 0x000000061fa00000| Complete 
| 245|0x000000061fc00000, 0x000000061fe00000, 0x000000061fe00000|100%| E|CS|TAMS 0x000000061fc00000, 0x000000061fc00000| Complete 
| 246|0x000000061fe00000, 0x0000000620000000, 0x0000000620000000|100%| E|CS|TAMS 0x000000061fe00000, 0x000000061fe00000| Complete 
| 247|0x0000000620000000, 0x0000000620200000, 0x0000000620200000|100%| E|CS|TAMS 0x0000000620000000, 0x0000000620000000| Complete 
| 248|0x0000000620200000, 0x0000000620400000, 0x0000000620400000|100%| E|CS|TAMS 0x0000000620200000, 0x0000000620200000| Complete 
| 249|0x0000000620400000, 0x0000000620600000, 0x0000000620600000|100%| E|CS|TAMS 0x0000000620400000, 0x0000000620400000| Complete 
| 250|0x0000000620600000, 0x0000000620800000, 0x0000000620800000|100%| E|CS|TAMS 0x0000000620600000, 0x0000000620600000| Complete 
| 251|0x0000000620800000, 0x0000000620a00000, 0x0000000620a00000|100%| E|CS|TAMS 0x0000000620800000, 0x0000000620800000| Complete 
| 252|0x0000000620a00000, 0x0000000620c00000, 0x0000000620c00000|100%| E|CS|TAMS 0x0000000620a00000, 0x0000000620a00000| Complete 
| 253|0x0000000620c00000, 0x0000000620e00000, 0x0000000620e00000|100%| E|CS|TAMS 0x0000000620c00000, 0x0000000620c00000| Complete 
| 254|0x0000000620e00000, 0x0000000621000000, 0x0000000621000000|100%| E|CS|TAMS 0x0000000620e00000, 0x0000000620e00000| Complete 
| 255|0x0000000621000000, 0x0000000621200000, 0x0000000621200000|100%| E|CS|TAMS 0x0000000621000000, 0x0000000621000000| Complete 

Card table byte_map: [0x000001cd758e0000,0x000001cd768e0000] _byte_map_base: 0x000001cd728d7000

Marking Bits (Prev, Next): (CMBitMap*) 0x000001cd5ab82628, (CMBitMap*) 0x000001cd5ab82668
 Prev Bits: [0x000001cd778e0000, 0x000001cd7f898000)
 Next Bits: [0x000001cd00000000, 0x000001cd07fb8000)

Polling page: 0x000001cd5a9a0000

Metaspace:

Usage:
  Non-class:      8.17 MB capacity,     6.36 MB ( 78%) used,     1.80 MB ( 22%) free+waste,    10.75 KB ( <1%) overhead. 
      Class:    646.00 KB capacity,   385.32 KB ( 60%) used,   256.18 KB ( 40%) free+waste,     4.50 KB ( <1%) overhead. 
       Both:      8.80 MB capacity,     6.74 MB ( 77%) used,     2.05 MB ( 23%) free+waste,    15.25 KB ( <1%) overhead. 

Virtual space:
  Non-class space:       10.00 MB reserved,       8.25 MB ( 83%) committed 
      Class space:        1.00 GB reserved,     768.00 KB ( <1%) committed 
             Both:        1.01 GB reserved,       9.00 MB ( <1%) committed 

Chunk freelists:
   Non-Class:  80.00 KB
       Class:  0 bytes
        Both:  80.00 KB

MaxMetaspaceSize: 17179869184.00 GB
CompressedClassSpaceSize: 1.00 GB

CodeHeap 'non-profiled nmethods': size=119168Kb used=617Kb max_used=617Kb free=118550Kb
 bounds [0x000001cd6c380000, 0x000001cd6c5f0000, 0x000001cd737e0000]
CodeHeap 'profiled nmethods': size=119104Kb used=2527Kb max_used=2527Kb free=116576Kb
 bounds [0x000001cd64f30000, 0x000001cd651b0000, 0x000001cd6c380000]
CodeHeap 'non-nmethods': size=7488Kb used=3300Kb max_used=3348Kb free=4187Kb
 bounds [0x000001cd647e0000, 0x000001cd64b90000, 0x000001cd64f30000]
 total_blobs=2933 nmethods=1261 adapters=907
 compilation: enabled
              stopped_count=0, restarted_count=0
 full_count=0

Compilation events (20 events):
Event: 1.079 Thread 0x000001cd125de000 nmethod 1254 0x000001cd651a4c90 code [0x000001cd651a4e40, 0x000001cd651a5070]
Event: 1.079 Thread 0x000001cd0ab97000 nmethod 1253 0x000001cd651a5190 code [0x000001cd651a5360, 0x000001cd651a56c0]
Event: 1.080 Thread 0x000001cd0ab97000 1255       1       java.util.concurrent.atomic.AtomicLong::get (5 bytes)
Event: 1.080 Thread 0x000001cd0ab97000 nmethod 1255 0x000001cd6c3ef610 code [0x000001cd6c3ef7a0, 0x000001cd6c3ef8d8]
Event: 1.080 Thread 0x000001cd0ab97000 1256       3       java.util.concurrent.atomic.AtomicLong::compareAndSet (13 bytes)
Event: 1.080 Thread 0x000001cd120fd800 1257       3       java.util.Random::nextFloat (11 bytes)
Event: 1.080 Thread 0x000001cd0acbc800 1258       3       java.util.Random::next (47 bytes)
Event: 1.080 Thread 0x000001cd125de000 1259   !   3       java.nio.DirectFloatBufferU::put (31 bytes)
Event: 1.080 Thread 0x000001cd0ab97000 nmethod 1256 0x000001cd651a5810 code [0x000001cd651a59a0, 0x000001cd651a5b38]
Event: 1.080 Thread 0x000001cd0ab97000 1260       3       jdk.internal.misc.Unsafe::putFloat (8 bytes)
Event: 1.080 Thread 0x000001cd120fd800 nmethod 1257 0x000001cd651a5c10 code [0x000001cd651a5de0, 0x000001cd651a5fb0]
Event: 1.080 Thread 0x000001cd0ab97000 nmethod 1260 0x000001cd651a6090 code [0x000001cd651a6240, 0x000001cd651a63d8]
Event: 1.080 Thread 0x000001cd0acbc800 nmethod 1258 0x000001cd651a6490 code [0x000001cd651a6640, 0x000001cd651a6958]
Event: 1.080 Thread 0x000001cd125de000 nmethod 1259 0x000001cd651a6a90 code [0x000001cd651a6c80, 0x000001cd651a7170]
Event: 1.081 Thread 0x000001cd120fd800 1265       3       java.io.BufferedWriter::ensureOpen (18 bytes)
Event: 1.081 Thread 0x000001cd0ab97000 1266       3       java.nio.ByteBuffer::position (6 bytes)
Event: 1.082 Thread 0x000001cd120fd800 nmethod 1265 0x000001cd651a7410 code [0x000001cd651a75c0, 0x000001cd651a7850]
Event: 1.082 Thread 0x000001cd0ab97000 nmethod 1266 0x000001cd651a7910 code [0x000001cd651a7ac0, 0x000001cd651a7d10]
Event: 1.089 Thread 0x000001cd125cb800 nmethod 1036 0x000001cd6c3efe10 code [0x000001cd6c3f0140, 0x000001cd6c3f32f0]
Event: 1.089 Thread 0x000001cd125cb800 1234 %     4       java.util.ArrayList::indexOfRange @ 42 (71 bytes)

GC Heap History (2 events):
Event: 0.866 GC heap before
{Heap before GC invocations=0 (full 0):
 garbage-first heap   total 524288K, used 24576K [0x0000000601200000, 0x0000000800000000)
  region size 2048K, 12 young (24576K), 0 survivors (0K)
 Metaspace       used 5861K, capacity 8559K, committed 8832K, reserved 1056768K
  class space    used 326K, capacity 603K, committed 640K, reserved 1048576K
}
Event: 0.868 GC heap after
{Heap after GC invocations=1 (full 0):
 garbage-first heap   total 524288K, used 2609K [0x0000000601200000, 0x0000000800000000)
  region size 2048K, 2 young (4096K), 2 survivors (4096K)
 Metaspace       used 5861K, capacity 8559K, committed 8832K, reserved 1056768K
  class space    used 326K, capacity 603K, committed 640K, reserved 1048576K
}

Deoptimization events (20 events):
Event: 1.009 Thread 0x000001cd0b880000 DEOPT PACKING pc=0x000001cd6514dd1e sp=0x0000004c44efeaf0
Event: 1.009 Thread 0x000001cd0b880000 DEOPT UNPACKING pc=0x000001cd6482964e sp=0x0000004c44efdfb0 mode 0
Event: 1.011 Thread 0x000001cd0b880000 DEOPT PACKING pc=0x000001cd6514dd1e sp=0x0000004c44efeaf0
Event: 1.011 Thread 0x000001cd0b880000 DEOPT UNPACKING pc=0x000001cd6482964e sp=0x0000004c44efdfb0 mode 0
Event: 1.014 Thread 0x000001cd0b880000 DEOPT PACKING pc=0x000001cd6514dd1e sp=0x0000004c44efeaf0
Event: 1.014 Thread 0x000001cd0b880000 DEOPT UNPACKING pc=0x000001cd6482964e sp=0x0000004c44efdfb0 mode 0
Event: 1.017 Thread 0x000001cd0b880000 DEOPT PACKING pc=0x000001cd6514dd1e sp=0x0000004c44efeaf0
Event: 1.017 Thread 0x000001cd0b880000 DEOPT UNPACKING pc=0x000001cd6482964e sp=0x0000004c44efdfb0 mode 0
Event: 1.019 Thread 0x000001cd0b880000 Uncommon trap: trap_request=0xffffff45 fr.pc=0x000001cd6c3eb310 relative=0x00000000000001f0
Event: 1.019 Thread 0x000001cd0b880000 Uncommon trap: reason=unstable_if action=reinterpret pc=0x000001cd6c3eb310 method=java.util.ArrayList.indexOfRange(Ljava/lang/Object;II)I @ 57 c2
Event: 1.019 Thread 0x000001cd0b880000 DEOPT PACKING pc=0x000001cd6c3eb310 sp=0x0000004c44eff100
Event: 1.019 Thread 0x000001cd0b880000 DEOPT UNPACKING pc=0x000001cd6482912f sp=0x0000004c44eff080 mode 2
Event: 1.019 Thread 0x000001cd0b880000 Uncommon trap: trap_request=0xffffff45 fr.pc=0x000001cd6c3e86c4 relative=0x0000000000000224
Event: 1.019 Thread 0x000001cd0b880000 Uncommon trap: reason=unstable_if action=reinterpret pc=0x000001cd6c3e86c4 method=java.util.ArrayList.indexOfRange(Ljava/lang/Object;II)I @ 57 c2
Event: 1.019 Thread 0x000001cd0b880000 DEOPT PACKING pc=0x000001cd6c3e86c4 sp=0x0000004c44eff0d0
Event: 1.019 Thread 0x000001cd0b880000 DEOPT UNPACKING pc=0x000001cd6482912f sp=0x0000004c44eff080 mode 2
Event: 1.077 Thread 0x000001cd194e6800 Uncommon trap: trap_request=0xffffff45 fr.pc=0x000001cd6c3e81fc relative=0x000000000000005c
Event: 1.077 Thread 0x000001cd194e6800 Uncommon trap: reason=unstable_if action=reinterpret pc=0x000001cd6c3e81fc method=java.util.Formatter$Conversion.isGeneral(C)Z @ 1 c2
Event: 1.077 Thread 0x000001cd194e6800 DEOPT PACKING pc=0x000001cd6c3e81fc sp=0x0000004c452fecf0
Event: 1.077 Thread 0x000001cd194e6800 DEOPT UNPACKING pc=0x000001cd6482912f sp=0x0000004c452fec78 mode 2

Classes unloaded (0 events):
No events

Classes redefined (0 events):
No events

Internal exceptions (10 events):
Event: 0.109 Thread 0x000001cd0b880000 Exception <a 'java/lang/NoSuchMethodError'{0x0000000620a82570}: 'void java.lang.invoke.DelegatingMethodHandle$Holder.delegate(java.lang.Object, java.lang.Object, int, java.lang.Object)'> (0x0000000620a82570) 
thrown [t:/workspace/open/src/hotspot/share/interpreter/linkResolver.cpp, line 767]
Event: 0.110 Thread 0x000001cd0b880000 Exception <a 'java/lang/NoSuchMethodError'{0x0000000620a89078}: 'java.lang.Object java.lang.invoke.DirectMethodHandle$Holder.invokeStaticInit(java.lang.Object, java.lang.Object, java.lang.Object)'> (0x0000000620a89078) 
thrown [t:/workspace/open/src/hotspot/share/interpreter/linkResolver.cpp, line 767]
Event: 0.129 Thread 0x000001cd0b880000 Exception <a 'sun/nio/fs/WindowsException'{0x0000000620af6a38}> (0x0000000620af6a38) 
thrown [t:/workspace/open/src/hotspot/share/prims/jni.cpp, line 598]
Event: 0.129 Thread 0x000001cd0b880000 Exception <a 'sun/nio/fs/WindowsException'{0x0000000620af6f90}> (0x0000000620af6f90) 
thrown [t:/workspace/open/src/hotspot/share/prims/jni.cpp, line 598]
Event: 0.145 Thread 0x000001cd0b880000 Exception <a 'sun/nio/fs/WindowsException'{0x0000000620bd7698}> (0x0000000620bd7698) 
thrown [t:/workspace/open/src/hotspot/share/prims/jni.cpp, line 598]
Event: 0.145 Thread 0x000001cd0b880000 Exception <a 'sun/nio/fs/WindowsException'{0x0000000620bd7a08}> (0x0000000620bd7a08) 
thrown [t:/workspace/open/src/hotspot/share/prims/jni.cpp, line 598]
Event: 0.709 Thread 0x000001cd0b880000 Exception <a 'sun/nio/fs/WindowsException'{0x000000062088cea0}> (0x000000062088cea0) 
thrown [t:/workspace/open/src/hotspot/share/prims/jni.cpp, line 598]
Event: 0.709 Thread 0x000001cd0b880000 Exception <a 'sun/nio/fs/WindowsException'{0x000000062088d250}> (0x000000062088d250) 
thrown [t:/workspace/open/src/hotspot/share/prims/jni.cpp, line 598]
Event: 0.711 Thread 0x000001cd0b880000 Exception <a 'sun/nio/fs/WindowsException'{0x00000006208bc448}> (0x00000006208bc448) 
thrown [t:/workspace/open/src/hotspot/share/prims/jni.cpp, line 598]
Event: 0.711 Thread 0x000001cd0b880000 Exception <a 'sun/nio/fs/WindowsException'{0x00000006208bc730}> (0x00000006208bc730) 
thrown [t:/workspace/open/src/hotspot/share/prims/jni.cpp, line 598]

Events (20 events):
Event: 1.013 loading class sun/util/locale/provider/TimeZoneNameProviderImpl done
Event: 1.013 loading class sun/util/cldr/CLDRTimeZoneNameProviderImpl done
Event: 1.015 Thread 0x000001cd125ce000 Thread added: 0x000001cd125ce000
Event: 1.015 loading class sun/util/locale/provider/BaseLocaleDataMetaInfo
Event: 1.015 loading class sun/util/locale/provider/BaseLocaleDataMetaInfo done
Event: 1.016 loading class sun/util/resources/cldr/TimeZoneNames
Event: 1.016 loading class sun/util/resources/TimeZoneNamesBundle
Event: 1.016 loading class sun/util/resources/OpenListResourceBundle
Event: 1.016 loading class sun/util/resources/OpenListResourceBundle done
Event: 1.016 loading class sun/util/resources/TimeZoneNamesBundle done
Event: 1.016 loading class sun/util/resources/cldr/TimeZoneNames done
Event: 1.017 loading class sun/util/resources/cldr/TimeZoneNames_en
Event: 1.017 loading class sun/util/resources/cldr/TimeZoneNames_en done
Event: 1.018 loading class sun/util/resources/cldr/TimeZoneNames_en_US
Event: 1.018 loading class sun/util/resources/cldr/TimeZoneNames_en_US done
Event: 1.076 Thread 0x000001cd194e6800 Thread added: 0x000001cd194e6800
Event: 1.077 Executing VM operation: RevokeBias
Event: 1.077 Executing VM operation: RevokeBias done
Event: 1.077 loading class org/lwjgl/system/MultiReleaseTextDecoding
Event: 1.077 loading class org/lwjgl/system/MultiReleaseTextDecoding done


Dynamic libraries:
0x00007ff6b66a0000 - 0x00007ff6b66af000 	C:\Program Files\Java\jdk-13.0.2\bin\java.exe
0x00007ffaf8820000 - 0x00007ffaf8a10000 	C:\WINDOWS\SYSTEM32\ntdll.dll
0x00007ffaf79e0000 - 0x00007ffaf7a92000 	C:\WINDOWS\System32\KERNEL32.DLL
0x00007ffaf57b0000 - 0x00007ffaf5a53000 	C:\WINDOWS\System32\KERNELBASE.dll
0x00007ffaf6500000 - 0x00007ffaf65fa000 	C:\WINDOWS\System32\ucrtbase.dll
0x00007ffadc820000 - 0x00007ffadc838000 	C:\Program Files\Java\jdk-13.0.2\bin\jli.dll
0x00007ffadbdc0000 - 0x00007ffadbdd5000 	C:\Program Files\Java\jdk-13.0.2\bin\VCRUNTIME140.dll
0x00007ffaf78a0000 - 0x00007ffaf7943000 	C:\WINDOWS\System32\ADVAPI32.dll
0x00007ffaf8560000 - 0x00007ffaf85fe000 	C:\WINDOWS\System32\msvcrt.dll
0x00007ffaf86d0000 - 0x00007ffaf8767000 	C:\WINDOWS\System32\sechost.dll
0x00007ffaf8300000 - 0x00007ffaf8420000 	C:\WINDOWS\System32\RPCRT4.dll
0x00007ffaf69b0000 - 0x00007ffaf6b44000 	C:\WINDOWS\System32\USER32.dll
0x00007ffaf5a60000 - 0x00007ffaf5a81000 	C:\WINDOWS\System32\win32u.dll
0x00007ffae0180000 - 0x00007ffae0405000 	C:\WINDOWS\WinSxS\amd64_microsoft.windows.common-controls_6595b64144ccf1df_6.0.18362.720_none_e6beb5c51314836b\COMCTL32.dll
0x00007ffaf7e40000 - 0x00007ffaf7e66000 	C:\WINDOWS\System32\GDI32.dll
0x00007ffaf7aa0000 - 0x00007ffaf7dd6000 	C:\WINDOWS\System32\combase.dll
0x00007ffaf6360000 - 0x00007ffaf64f4000 	C:\WINDOWS\System32\gdi32full.dll
0x00007ffaf6830000 - 0x00007ffaf68ce000 	C:\WINDOWS\System32\msvcp_win.dll
0x00007ffaf5a90000 - 0x00007ffaf5b10000 	C:\WINDOWS\System32\bcryptPrimitives.dll
0x00007ffaeda50000 - 0x00007ffaeda5a000 	C:\WINDOWS\SYSTEM32\VERSION.dll
0x00007ffaf7730000 - 0x00007ffaf775e000 	C:\WINDOWS\System32\IMM32.DLL
0x00007ffad9730000 - 0x00007ffad97cb000 	C:\Program Files\Java\jdk-13.0.2\bin\msvcp140.dll
0x00007ffa681e0000 - 0x00007ffa68d3d000 	C:\Program Files\Java\jdk-13.0.2\bin\server\jvm.dll
0x00007ffaf7830000 - 0x00007ffaf7838000 	C:\WINDOWS\System32\PSAPI.DLL
0x00007ffae10a0000 - 0x00007ffae10a9000 	C:\WINDOWS\SYSTEM32\WSOCK32.dll
0x00007ffaf3650000 - 0x00007ffaf3674000 	C:\WINDOWS\SYSTEM32\WINMM.dll
0x00007ffaf7ed0000 - 0x00007ffaf7f3f000 	C:\WINDOWS\System32\WS2_32.dll
0x00007ffaf3620000 - 0x00007ffaf364d000 	C:\WINDOWS\SYSTEM32\winmmbase.dll
0x00007ffaf62f0000 - 0x00007ffaf633a000 	C:\WINDOWS\System32\cfgmgr32.dll
0x00007ffaf5740000 - 0x00007ffaf5751000 	C:\WINDOWS\System32\kernel.appcore.dll
0x00007ffae2a50000 - 0x00007ffae2a60000 	C:\Program Files\Java\jdk-13.0.2\bin\verify.dll
0x00007ffae18c0000 - 0x00007ffae1ab4000 	C:\WINDOWS\SYSTEM32\DBGHELP.DLL
0x00007ffae1120000 - 0x00007ffae114a000 	C:\WINDOWS\SYSTEM32\dbgcore.DLL
0x00007ffadafc0000 - 0x00007ffadafe6000 	C:\Program Files\Java\jdk-13.0.2\bin\java.dll
0x00007ffaec940000 - 0x00007ffaec94e000 	C:\Program Files\Java\jdk-13.0.2\bin\instrument.dll
0x00007ffadbd80000 - 0x00007ffadbd97000 	C:\Program Files\Java\jdk-13.0.2\bin\zip.dll
0x00007ffae2400000 - 0x00007ffae240a000 	C:\Program Files\Java\jdk-13.0.2\bin\jimage.dll
0x00007ffaf6bd0000 - 0x00007ffaf72b5000 	C:\WINDOWS\System32\SHELL32.dll
0x00007ffaf7f40000 - 0x00007ffaf7fe9000 	C:\WINDOWS\System32\shcore.dll
0x00007ffaf5b70000 - 0x00007ffaf62f0000 	C:\WINDOWS\System32\windows.storage.dll
0x00007ffaf5760000 - 0x00007ffaf5783000 	C:\WINDOWS\System32\profapi.dll
0x00007ffaf56f0000 - 0x00007ffaf573a000 	C:\WINDOWS\System32\powrprof.dll
0x00007ffaf56e0000 - 0x00007ffaf56f0000 	C:\WINDOWS\System32\UMPDC.dll
0x00007ffaf7de0000 - 0x00007ffaf7e32000 	C:\WINDOWS\System32\shlwapi.dll
0x00007ffaf6340000 - 0x00007ffaf6357000 	C:\WINDOWS\System32\cryptsp.dll
0x00007ffadb500000 - 0x00007ffadb519000 	C:\Program Files\Java\jdk-13.0.2\bin\net.dll
0x00007ffaebc30000 - 0x00007ffaebd21000 	C:\WINDOWS\SYSTEM32\WINHTTP.dll
0x00007ffaf4f50000 - 0x00007ffaf4fb7000 	C:\WINDOWS\system32\mswsock.dll
0x00007ffadb240000 - 0x00007ffadb253000 	C:\Program Files\Java\jdk-13.0.2\bin\nio.dll
0x00007ffadb730000 - 0x00007ffadb74a000 	C:\Program Files\JetBrains\IntelliJ IDEA Community Edition 2019.3.3\bin\breakgen64.dll
0x00007ffad9d50000 - 0x00007ffad9db4000 	C:\Users\alanj\AppData\Local\Temp\lwjglalanj\3.2.3-build-13\lwjgl.dll
0x00007ffad9b50000 - 0x00007ffad9bb2000 	C:\Users\alanj\AppData\Local\Temp\lwjglalanj\3.2.3-build-13\glfw.dll
0x00007ffaf3a60000 - 0x00007ffaf3af9000 	C:\WINDOWS\system32\uxtheme.dll
0x00007ffad9c70000 - 0x00007ffad9cb3000 	C:\WINDOWS\SYSTEM32\dinput8.dll
0x00007ffae85f0000 - 0x00007ffae8601000 	C:\WINDOWS\SYSTEM32\xinput1_4.dll
0x00007ffaf54e0000 - 0x00007ffaf550a000 	C:\WINDOWS\SYSTEM32\DEVOBJ.dll
0x00007ffaf3e80000 - 0x00007ffaf3ead000 	C:\WINDOWS\SYSTEM32\dwmapi.dll
0x00007ffad7a90000 - 0x00007ffad7baa000 	C:\WINDOWS\SYSTEM32\inputhost.dll
0x00007ffaf2ff0000 - 0x00007ffaf30c4000 	C:\WINDOWS\SYSTEM32\CoreMessaging.dll
0x00007ffaf0b00000 - 0x00007ffaf0e2a000 	C:\WINDOWS\SYSTEM32\CoreUIComponents.dll
0x00007ffaf13e0000 - 0x00007ffaf1533000 	C:\WINDOWS\SYSTEM32\wintypes.dll
0x00007ffaf20a0000 - 0x00007ffaf218f000 	C:\WINDOWS\SYSTEM32\PROPSYS.dll
0x00007ffaf8600000 - 0x00007ffaf86c4000 	C:\WINDOWS\System32\OLEAUT32.dll
0x00007ffaf4740000 - 0x00007ffaf4771000 	C:\WINDOWS\SYSTEM32\ntmarta.dll
0x00007ffaf8420000 - 0x00007ffaf8556000 	C:\WINDOWS\System32\MSCTF.dll
0x0000000180000000 - 0x0000000180272000 	C:\Program Files (x86)\RivaTuner Statistics Server\RTSSHooks64.dll
0x00007ffaf42f0000 - 0x00007ffaf42fe000 	C:\WINDOWS\SYSTEM32\HID.DLL
0x00007ffaf72c0000 - 0x00007ffaf7730000 	C:\WINDOWS\System32\SETUPAPI.DLL
0x00007ffaf6800000 - 0x00007ffaf6826000 	C:\WINDOWS\System32\bcrypt.dll
0x00007ffaf5b10000 - 0x00007ffaf5b6c000 	C:\WINDOWS\System32\WINTRUST.dll
0x00007ffaf5790000 - 0x00007ffaf57a2000 	C:\WINDOWS\System32\MSASN1.dll
0x00007ffaf6600000 - 0x00007ffaf6749000 	C:\WINDOWS\System32\CRYPT32.dll
0x00007ffa90fd0000 - 0x00007ffa91126000 	C:\WINDOWS\SYSTEM32\opengl32.dll
0x00007ffad4e60000 - 0x00007ffad4e8c000 	C:\WINDOWS\SYSTEM32\GLU32.dll
0x00007ffaf4350000 - 0x00007ffaf4370000 	C:\WINDOWS\SYSTEM32\dxcore.dll
0x00007ffa651e0000 - 0x00007ffa67904000 	C:\WINDOWS\System32\DriverStore\FileRepository\nv_dispi.inf_amd64_63268710a2dc3648\nvoglv64.dll
0x00007ffaf7ff0000 - 0x00007ffaf8147000 	C:\WINDOWS\System32\ole32.dll
0x00007ffaf21f0000 - 0x00007ffaf2203000 	C:\WINDOWS\SYSTEM32\WTSAPI32.dll
0x00007ffab73c0000 - 0x00007ffab7684000 	C:\WINDOWS\system32\nvspcap64.dll
0x00007ffaf47b0000 - 0x00007ffaf480c000 	C:\WINDOWS\SYSTEM32\WINSTA.dll
0x00007ffad4300000 - 0x00007ffad4359000 	C:\Users\alanj\AppData\Local\Temp\lwjglalanj\3.2.3-build-13\lwjgl_opengl.dll

dbghelp: loaded successfully - version: 4.0.5 - missing functions: none
symbol engine: initialized successfully - sym options: 0x614 - pdb path: .;C:\Program Files\Java\jdk-13.0.2\bin;C:\WINDOWS\SYSTEM32;C:\WINDOWS\WinSxS\amd64_microsoft.windows.common-controls_6595b64144ccf1df_6.0.18362.720_none_e6beb5c51314836b;C:\Program Files\Java\jdk-13.0.2\bin\server;C:\Program Files\JetBrains\IntelliJ IDEA Community Edition 2019.3.3\bin;C:\Users\alanj\AppData\Local\Temp\lwjglalanj\3.2.3-build-13;C:\Program Files (x86)\RivaTuner Statistics Server;C:\WINDOWS\System32\DriverStore\FileRepository\nv_dispi.inf_amd64_63268710a2dc3648

VM Arguments:
jvm_args: -Dvisualvm.id=660770369239900 -javaagent:C:\Program Files\JetBrains\IntelliJ IDEA Community Edition 2019.3.3\lib\idea_rt.jar=62220:C:\Program Files\JetBrains\IntelliJ IDEA Community Edition 2019.3.3\bin -Dfile.encoding=UTF-8 
java_command: main.Main
java_class_path (initial): C:\Users\alanj\IdeaProjects\RenderingEngine\RenderEngine\bin;C:\Users\alanj\IdeaProjects\RenderingEngine\RenderEngine\libs\lwjgl-3.2.3\lwjgl\lwjgl.jar;C:\Users\alanj\IdeaProjects\RenderingEngine\RenderEngine\libs\lwjgl-3.2.3\lwjgl\lwjgl-javadoc.jar;C:\Users\alanj\IdeaProjects\RenderingEngine\RenderEngine\libs\lwjgl-3.2.3\lwjgl\lwjgl-sources.jar;C:\Users\alanj\IdeaProjects\RenderingEngine\RenderEngine\libs\lwjgl-3.2.3\lwjgl\lwjgl-natives-linux.jar;C:\Users\alanj\IdeaProjects\RenderingEngine\RenderEngine\libs\lwjgl-3.2.3\lwjgl\lwjgl-natives-macos.jar;C:\Users\alanj\IdeaProjects\RenderingEngine\RenderEngine\libs\lwjgl-3.2.3\lwjgl\lwjgl-natives-windows.jar;C:\Users\alanj\IdeaProjects\RenderingEngine\RenderEngine\libs\lwjgl-3.2.3\lwjgl\lwjgl-natives-linux-arm32.jar;C:\Users\alanj\IdeaProjects\RenderingEngine\RenderEngine\libs\lwjgl-3.2.3\lwjgl\lwjgl-natives-linux-arm64.jar;C:\Users\alanj\IdeaProjects\RenderingEngine\RenderEngine\libs\lwjgl-3.2.3\lwjgl\lwjgl-natives-windows-x86.jar;C:\Users\alanj\IdeaProjects\RenderingEngine\RenderEngine\libs\lwjgl-3.2.3\lwjgl-glfw\lwjgl-glfw.jar;C:\Users\alanj\IdeaProjects\RenderingEngine\RenderEngine\libs\lwjgl-3.2.3\lwjgl-glfw\lwjgl-glfw-javadoc.jar;C:\Users\alanj\IdeaProjects\RenderingEngine\RenderEngine\libs\lwjgl-3.2.3\lwjgl-glfw\lwjgl-glfw-sources.jar;C:\Users\alanj\IdeaProjects\RenderingEngine\RenderEngine\libs\lwjgl-3.2.3\lwjgl-glfw\lwjgl-glfw-natives-linux.jar;C:\Users\alanj\IdeaProjects\RenderingEngine\RenderEngine\libs\lwjgl-3.2.3\lwjgl-glfw\lwjgl-glfw-natives-macos.jar;C:\Users\alanj\IdeaProjects\RenderingEngine\RenderEngine\libs\lwjgl-3.2.3\lwjgl-glfw\lwjgl-glfw-natives-windows.jar;C:\Users\alanj\IdeaProjects\RenderingEngine\RenderEngine\libs\lwjgl-3.2.3\lwjgl-glfw\lwjgl-glfw-natives-linux-arm32.jar;C:\Users\alanj\IdeaProjects\RenderingEngine\RenderEngine\libs\lwjgl-3.2.3\lwjgl-glfw\lwjgl-glfw-natives-linux-arm64.jar;C:\Users\alanj\IdeaProjects\RenderingEngine\RenderEngine\libs\lwjgl-3.2.3\lwjgl-
Launcher Type: SUN_STANDARD

[Global flags]
     intx CICompilerCount                          = 12                                        {product} {ergonomic}
     uint ConcGCThreads                            = 3                                         {product} {ergonomic}
     uint G1ConcRefinementThreads                  = 13                                        {product} {ergonomic}
   size_t G1HeapRegionSize                         = 2097152                                   {product} {ergonomic}
    uintx GCDrainStackTargetSize                   = 64                                        {product} {ergonomic}
   size_t InitialHeapSize                          = 536870912                                 {product} {ergonomic}
   size_t MarkStackSize                            = 4194304                                   {product} {ergonomic}
   size_t MaxHeapSize                              = 8571060224                                {product} {ergonomic}
   size_t MaxNewSize                               = 5142216704                                {product} {ergonomic}
   size_t MinHeapDeltaBytes                        = 2097152                                   {product} {ergonomic}
   size_t MinHeapSize                              = 8388608                                   {product} {ergonomic}
    uintx NonNMethodCodeHeapSize                   = 7602480                                {pd product} {ergonomic}
    uintx NonProfiledCodeHeapSize                  = 122027880                              {pd product} {ergonomic}
    uintx ProfiledCodeHeapSize                     = 122027880                              {pd product} {ergonomic}
    uintx ReservedCodeCacheSize                    = 251658240                              {pd product} {ergonomic}
     bool SegmentedCodeCache                       = true                                      {product} {ergonomic}
   size_t SoftMaxHeapSize                          = 8571060224                             {manageable} {ergonomic}
     bool UseCompressedClassPointers               = true                                 {lp64_product} {ergonomic}
     bool UseCompressedOops                        = true                                 {lp64_product} {ergonomic}
     bool UseG1GC                                  = true                                      {product} {ergonomic}
     bool UseLargePagesIndividualAllocation        = false                                  {pd product} {ergonomic}

Logging:
Log output configuration:
 #0: stdout all=warning uptime,level,tags
 #1: stderr all=off uptime,level,tags

Environment Variables:
PATH=C:\Program Files\Java\jdk-13.0.2\bin;C:\windows\system32;C:\windows;C:\windows\System32\Wbem;C:\windows\System32\WindowsPowerShell\v1.0\;C:\windows\System32\OpenSSH\;C:\Program Files\NVIDIA Corporation\NVIDIA NGX;C:\Program Files (x86)\NVIDIA Corporation\PhysX\Common;C:\Program Files\NVIDIA Corporation\NVIDIA NvDLISR;C:\Program Files (x86)\Intel\Intel(R) Management Engine Components\DAL;C:\Program Files\Intel\Intel(R) Management Engine Components\DAL;C:\Program Files\Intel\WiFi\bin\;C:\Program Files\Common Files\Intel\WirelessCommon\;C:\WINDOWS\system32;C:\WINDOWS;C:\WINDOWS\System32\Wbem;C:\WINDOWS\System32\WindowsPowerShell\v1.0\;C:\WINDOWS\System32\OpenSSH\;C:\Program Files (x86)\IVI Foundation\VISA\WinNT\Bin;C:\Program Files\Common Files\Autodesk Shared\;C:\Program Files\Microsoft SQL Server\120\Tools\Binn\;C:\Program Files (x86)\Common Files\Oracle\Java\javapath;C:\Program Files\MATLAB\R2019b\bin;C:\mingw\mingw64\bin;C:\Program Files\Git\cmd;C:\Users\alanj\AppData\Local\Microsoft\WindowsApps;C:\Program Files\JetBrains\IntelliJ IDEA Community Edition 2019.3.3\bin;;C:\Program Files\JetBrains\CLion 2019.3.4\bin;;C:\Program Files (x86)\FAHClient
USERNAME=alanj
OS=Windows_NT
PROCESSOR_IDENTIFIER=Intel64 Family 6 Model 158 Stepping 12, GenuineIntel



---------------  S Y S T E M  ---------------

OS: Windows 10 , 64 bit Build 18362 (10.0.18362.329)

CPU:total 16 (initial active 16) (8 cores per cpu, 2 threads per core) family 6 model 158 stepping 12, cmov, cx8, fxsr, mmx, sse, sse2, sse3, ssse3, sse4.1, sse4.2, popcnt, avx, avx2, aes, clmul, erms, rtm, 3dnowpref, lzcnt, ht, tsc, tscinvbit, bmi1, bmi2, adx, fma

Memory: 4k page, system-wide physical 32693M (18689M free)
TotalPageFile size 37557M (AvailPageFile size 17893M)
current process WorkingSet (physical memory assigned to process): 227M, peak: 227M
current process commit charge ("private bytes"): 804M, peak: 816M

vm_info: Java HotSpot(TM) 64-Bit Server VM (13.0.2+8) for windows-amd64 JRE (13.0.2+8), built on Dec 11 2019 09:20:33 by "mach5one" with unknown MS VC++:1916

END.
